<?xml version="1.0" encoding="UTF-8" ?>
<testsuite errors="1" failures="0" hostname="DESKTOP-8H97JNO" name="HibernateDAOs.TestDAOAirline" skipped="0" tests="1" time="0.0" timestamp="2016-12-02T10:00:53">
  <properties>
    <property name="java.vendor" value="Oracle Corporation" />
    <property name="env.USERDOMAIN_ROAMINGPROFILE" value="DESKTOP-8H97JNO" />
    <property name="sun.java.launcher" value="SUN_STANDARD" />
    <property name="eclipse.pdebuild.templates" value="/C:/Users/irati/Documents/Unibertsitatea/2016-2017/Web Engineering 1/bin/eclipse/plugins/org.eclipse.pde.build_3.9.200.v20160204-0642/templates/" />
    <property name="sun.management.compiler" value="HotSpot 64-Bit Tiered Compilers" />
    <property name="env.PROMPT" value="$P$G" />
    <property name="os.name" value="Windows 10" />
    <property name="sun.boot.class.path" value="C:\Program Files\Java\jre1.8.0_111\lib\resources.jar;C:\Program Files\Java\jre1.8.0_111\lib\rt.jar;C:\Program Files\Java\jre1.8.0_111\lib\sunrsasign.jar;C:\Program Files\Java\jre1.8.0_111\lib\jsse.jar;C:\Program Files\Java\jre1.8.0_111\lib\jce.jar;C:\Program Files\Java\jre1.8.0_111\lib\charsets.jar;C:\Program Files\Java\jre1.8.0_111\lib\jfr.jar;C:\Program Files\Java\jre1.8.0_111\classes" />
    <property name="env.COMPUTERNAME" value="DESKTOP-8H97JNO" />
    <property name="env.CommonProgramW6432" value="C:\Program Files\Common Files" />
    <property name="env.ALLUSERSPROFILE" value="C:\ProgramData" />
    <property name="sun.desktop" value="windows" />
    <property name="java.vm.specification.vendor" value="Oracle Corporation" />
    <property name="ant.home" value="C:\Users\irati\Documents\Unibertsitatea\2016-2017\Web Engineering 1\bin\eclipse\plugins\org.apache.ant_1.9.6.v201510161327" />
    <property name="java.runtime.version" value="1.8.0_111-b14" />
    <property name="env.HOMEPATH" value="\Users\irati" />
    <property name="user.name" value="irati" />
    <property name="ant.file.HeathrowWebPage" value="C:\Users\irati\git\HeathrowWebPage\build.xml" />
    <property name="user.language" value="es" />
    <property name="sun.boot.library.path" value="C:\Program Files\Java\jre1.8.0_111\bin" />
    <property name="ant.project.default-target" value="build" />
    <property name="ant.project.name" value="HeathrowWebPage" />
    <property name="java.version" value="1.8.0_111" />
    <property name="env.PROCESSOR_IDENTIFIER" value="Intel64 Family 6 Model 94 Stepping 3, GenuineIntel" />
    <property name="user.timezone" value="" />
    <property name="env.TEMP" value="C:\Users\irati\AppData\Local\Temp" />
    <property name="sun.arch.data.model" value="64" />
    <property name="java.endorsed.dirs" value="C:\Program Files\Java\jre1.8.0_111\lib\endorsed" />
    <property name="sun.cpu.isalist" value="amd64" />
    <property name="env.HOMEDRIVE" value="C:" />
    <property name="sun.jnu.encoding" value="Cp1252" />
    <property name="file.encoding.pkg" value="sun.io" />
    <property name="ECLIPSE_HOME" value="../../Documents/Unibertsitatea/2016-2017/Web Engineering 1/bin/eclipse/" />
    <property name="file.separator" value="\" />
    <property name="java.specification.name" value="Java Platform API Specification" />
    <property name="java.class.version" value="52.0" />
    <property name="user.country" value="ES" />
    <property name="java.home" value="C:\Program Files\Java\jre1.8.0_111" />
    <property name="env.PSModulePath" value="C:\Program Files\WindowsPowerShell\Modules;C:\WINDOWS\system32\WindowsPowerShell\v1.0\Modules" />
    <property name="env.APPDATA" value="C:\Users\irati\AppData\Roaming" />
    <property name="env.PUBLIC" value="C:\Users\Public" />
    <property name="java.vm.info" value="mixed mode" />
    <property name="env.ComSpec" value="C:\WINDOWS\system32\cmd.exe" />
    <property name="env.OS" value="Windows_NT" />
    <property name="env.CommonProgramFiles" value="C:\Program Files\Common Files" />
    <property name="ant.file" value="C:\Users\irati\git\HeathrowWebPage\build.xml" />
    <property name="os.version" value="10.0" />
    <property name="env.ProgramW6432" value="C:\Program Files" />
    <property name="path.separator" value=";" />
    <property name="java.vm.version" value="25.111-b14" />
    <property name="env.USERPROFILE" value="C:\Users\irati" />
    <property name="user.variant" value="" />
    <property name="ant.library.dir" value="C:\Users\irati\Documents\Unibertsitatea\2016-2017\Web Engineering 1\bin\eclipse\plugins\org.apache.ant_1.9.6.v201510161327\lib" />
    <property name="junit.output.dir" value="junit" />
    <property name="java.awt.printerjob" value="sun.awt.windows.WPrinterJob" />
    <property name="env.TMP" value="C:\Users\irati\AppData\Local\Temp" />
    <property name="env.FPS_BROWSER_USER_PROFILE_STRING" value="Default" />
    <property name="sun.io.unicode.encoding" value="UnicodeLittle" />
    <property name="awt.toolkit" value="sun.awt.windows.WToolkit" />
    <property name="ant.file.type.HeathrowWebPage" value="file" />
    <property name="user.script" value="" />
    <property name="eclipse.pdebuild.scripts" value="/C:/Users/irati/Documents/Unibertsitatea/2016-2017/Web Engineering 1/bin/eclipse/plugins/org.eclipse.pde.build_3.9.200.v20160204-0642/scripts/" />
    <property name="user.home" value="C:\Users\irati" />
    <property name="target" value="1.8" />
    <property name="env.ProgramData" value="C:\ProgramData" />
    <property name="env.SESSIONNAME" value="Console" />
    <property name="env.ProgramFiles(x86)" value="C:\Program Files (x86)" />
    <property name="java.specification.vendor" value="Oracle Corporation" />
    <property name="env.NUMBER_OF_PROCESSORS" value="8" />
    <property name="java.library.path" value="C:\Program Files\Java\jre1.8.0_111\bin;C:\WINDOWS\Sun\Java\bin;C:\WINDOWS\system32;C:\WINDOWS;C:\ProgramData\Oracle\Java\javapath;C:\Program Files (x86)\Intel\iCLS Client\;C:\Program Files\Intel\iCLS Client\;C:\Windows\system32;C:\Windows;C:\Windows\System32\Wbem;C:\Windows\System32\WindowsPowerShell\v1.0\;C:\Program Files (x86)\NVIDIA Corporation\PhysX\Common;C:\Program Files (x86)\Intel\Intel(R) Management Engine Components\DAL;C:\Program Files\Intel\Intel(R) Management Engine Components\DAL;C:\Program Files (x86)\Intel\Intel(R) Management Engine Components\IPT;C:\Program Files\Intel\Intel(R) Management Engine Components\IPT;C:\WINDOWS\system32;C:\WINDOWS;C:\WINDOWS\System32\Wbem;C:\WINDOWS\System32\WindowsPowerShell\v1.0\;C:\Program Files\MySQL\MySQL Utilities 1.6\;C:\Users\irati\AppData\Local\Programs\Python\Python35-32\Scripts\;C:\Users\irati\AppData\Local\Programs\Python\Python35-32\;C:\Users\irati\AppData\Local\Microsoft\WindowsApps;." />
    <property name="java.vendor.url" value="http://java.oracle.com/" />
    <property name="java.vm.vendor" value="Oracle Corporation" />
    <property name="java.runtime.name" value="Java(TM) SE Runtime Environment" />
    <property name="java.class.path" value="C:\Users\irati\git\HeathrowWebPage\build\classes;C:\Users\irati\Documents\Unibertsitatea\2016-2017\Web Engineering 1\bin\apache-tomcat-8.0.37\lib\annotations-api.jar;C:\Users\irati\Documents\Unibertsitatea\2016-2017\Web Engineering 1\bin\apache-tomcat-8.0.37\lib\catalina-ant.jar;C:\Users\irati\Documents\Unibertsitatea\2016-2017\Web Engineering 1\bin\apache-tomcat-8.0.37\lib\catalina-ha.jar;C:\Users\irati\Documents\Unibertsitatea\2016-2017\Web Engineering 1\bin\apache-tomcat-8.0.37\lib\catalina-storeconfig.jar;C:\Users\irati\Documents\Unibertsitatea\2016-2017\Web Engineering 1\bin\apache-tomcat-8.0.37\lib\catalina-tribes.jar;C:\Users\irati\Documents\Unibertsitatea\2016-2017\Web Engineering 1\bin\apache-tomcat-8.0.37\lib\catalina.jar;C:\Users\irati\Documents\Unibertsitatea\2016-2017\Web Engineering 1\bin\apache-tomcat-8.0.37\lib\ecj-4.5.jar;C:\Users\irati\Documents\Unibertsitatea\2016-2017\Web Engineering 1\bin\apache-tomcat-8.0.37\lib\el-api.jar;C:\Users\irati\Documents\Unibertsitatea\2016-2017\Web Engineering 1\bin\apache-tomcat-8.0.37\lib\jasper-el.jar;C:\Users\irati\Documents\Unibertsitatea\2016-2017\Web Engineering 1\bin\apache-tomcat-8.0.37\lib\jasper.jar;C:\Users\irati\Documents\Unibertsitatea\2016-2017\Web Engineering 1\bin\apache-tomcat-8.0.37\lib\jsp-api.jar;C:\Users\irati\Documents\Unibertsitatea\2016-2017\Web Engineering 1\bin\apache-tomcat-8.0.37\lib\servlet-api.jar;C:\Users\irati\Documents\Unibertsitatea\2016-2017\Web Engineering 1\bin\apache-tomcat-8.0.37\lib\tomcat-api.jar;C:\Users\irati\Documents\Unibertsitatea\2016-2017\Web Engineering 1\bin\apache-tomcat-8.0.37\lib\tomcat-coyote.jar;C:\Users\irati\Documents\Unibertsitatea\2016-2017\Web Engineering 1\bin\apache-tomcat-8.0.37\lib\tomcat-dbcp.jar;C:\Users\irati\Documents\Unibertsitatea\2016-2017\Web Engineering 1\bin\apache-tomcat-8.0.37\lib\tomcat-i18n-es.jar;C:\Users\irati\Documents\Unibertsitatea\2016-2017\Web Engineering 1\bin\apache-tomcat-8.0.37\lib\tomcat-i18n-fr.jar;C:\Users\irati\Documents\Unibertsitatea\2016-2017\Web Engineering 1\bin\apache-tomcat-8.0.37\lib\tomcat-i18n-ja.jar;C:\Users\irati\Documents\Unibertsitatea\2016-2017\Web Engineering 1\bin\apache-tomcat-8.0.37\lib\tomcat-jdbc.jar;C:\Users\irati\Documents\Unibertsitatea\2016-2017\Web Engineering 1\bin\apache-tomcat-8.0.37\lib\tomcat-jni.jar;C:\Users\irati\Documents\Unibertsitatea\2016-2017\Web Engineering 1\bin\apache-tomcat-8.0.37\lib\tomcat-util-scan.jar;C:\Users\irati\Documents\Unibertsitatea\2016-2017\Web Engineering 1\bin\apache-tomcat-8.0.37\lib\tomcat-util.jar;C:\Users\irati\Documents\Unibertsitatea\2016-2017\Web Engineering 1\bin\apache-tomcat-8.0.37\lib\tomcat-websocket.jar;C:\Users\irati\Documents\Unibertsitatea\2016-2017\Web Engineering 1\bin\apache-tomcat-8.0.37\lib\websocket-api.jar;C:\Users\irati\git\HeathrowWebPage\WebContent\WEB-INF\lib\postgresql-9.4.1212.jre6.jar;C:\Users\irati\git\HeathrowWebPage\lib\hibernate\antlr-2.7.7.jar;C:\Users\irati\git\HeathrowWebPage\lib\hibernate\cdi-api-1.1.jar;C:\Users\irati\git\HeathrowWebPage\lib\hibernate\classmate-1.3.0.jar;C:\Users\irati\git\HeathrowWebPage\lib\hibernate\classmate-1.3.1.jar;C:\Users\irati\git\HeathrowWebPage\lib\hibernate\dom4j-1.6.1.jar;C:\Users\irati\git\HeathrowWebPage\lib\hibernate\el-api-2.2.jar;C:\Users\irati\git\HeathrowWebPage\lib\hibernate\geronimo-jta_1.1_spec-1.1.1.jar;C:\Users\irati\git\HeathrowWebPage\lib\hibernate\hibernate-commons-annotations-5.0.1.Final.jar;C:\Users\irati\git\HeathrowWebPage\lib\hibernate\hibernate-core-5.2.4.Final.jar;C:\Users\irati\git\HeathrowWebPage\lib\hibernate\hibernate-jpa-2.1-api-1.0.0.Final.jar;C:\Users\irati\git\HeathrowWebPage\lib\hibernate\hibernate-validator-5.3.3.Final.jar;C:\Users\irati\git\HeathrowWebPage\lib\hibernate\hibernate-validator-annotation-processor-5.3.3.Final.jar;C:\Users\irati\git\HeathrowWebPage\lib\hibernate\hibernate-validator-cdi-5.3.3.Final.jar;C:\Users\irati\git\HeathrowWebPage\lib\hibernate\jandex-2.0.0.Final.jar;C:\Users\irati\git\HeathrowWebPage\lib\hibernate\javassist-3.20.0-GA.jar;C:\Users\irati\git\HeathrowWebPage\lib\hibernate\javax.el-2.2.4.jar;C:\Users\irati\git\HeathrowWebPage\lib\hibernate\javax.el-api-2.2.4.jar;C:\Users\irati\git\HeathrowWebPage\lib\hibernate\javax.inject-1.jar;C:\Users\irati\git\HeathrowWebPage\lib\hibernate\jboss-interceptors-api_1.1_spec-1.0.0.Beta1.jar;C:\Users\irati\git\HeathrowWebPage\lib\hibernate\jboss-logging-3.3.0.Final.jar;C:\Users\irati\git\HeathrowWebPage\lib\hibernate\jsr250-api-1.0.jar;C:\Users\irati\git\HeathrowWebPage\lib\hibernate\validation-api-1.1.0.Final.jar;C:\Users\irati\git\HeathrowWebPage\lib\junit\hamcrest-core-1.3.jar;C:\Users\irati\git\HeathrowWebPage\lib\junit\junit-4.12.jar;C:\Users\irati\git\HeathrowWebPage\lib\junit\jwebunit-1.1.1.jar;C:\Users\irati\git\HeathrowWebPage\lib\junit\objenesis-tck-2.2.jar;C:\Users\irati\git\HeathrowWebPage\lib\junit\system-rules-1.16.0.jar;C:\Users\irati\Documents\Unibertsitatea\2016-2017\Web Engineering 1\bin\eclipse\plugins\org.apache.ant_1.9.6.v201510161327\lib\ant-launcher.jar;C:\Users\irati\Documents\Unibertsitatea\2016-2017\Web Engineering 1\bin\eclipse\plugins\org.apache.ant_1.9.6.v201510161327\lib\ant.jar;C:\Users\irati\Documents\Unibertsitatea\2016-2017\Web Engineering 1\bin\eclipse\plugins\org.apache.ant_1.9.6.v201510161327\lib\ant-junit.jar;C:\Users\irati\Documents\Unibertsitatea\2016-2017\Web Engineering 1\bin\eclipse\plugins\org.apache.ant_1.9.6.v201510161327\lib\ant-junit4.jar" />
    <property name="ant.version" value="Apache Ant(TM) version 1.9.6 compiled on June 29 2015" />
    <property name="sun.java.command" value="org.apache.tools.ant.taskdefs.optional.junit.JUnitTestRunner HibernateDAOs.TestDAOAirline skipNonTests=false filtertrace=true haltOnError=false haltOnFailure=false formatter=org.apache.tools.ant.taskdefs.optional.junit.OutErrSummaryJUnitResultFormatter showoutput=false outputtoformatters=true logfailedtests=true threadid=0 logtestlistenerevents=false formatter=org.apache.tools.ant.taskdefs.optional.junit.XMLJUnitResultFormatter,C:\Users\irati\git\HeathrowWebPage\junit\TEST-HibernateDAOs.TestDAOAirline.xml crashfile=C:\Users\irati\git\HeathrowWebPage\junitvmwatcher2619626217227021976.properties propsfile=C:\Users\irati\git\HeathrowWebPage\junit5315894427940627501.properties" />
    <property name="java.vm.specification.name" value="Java Virtual Machine Specification" />
    <property name="env.LOGONSERVER" value="\\DESKTOP-8H97JNO" />
    <property name="env.windir" value="C:\WINDOWS" />
    <property name="env.PROCESSOR_ARCHITECTURE" value="AMD64" />
    <property name="java.vm.specification.version" value="1.8" />
    <property name="sun.cpu.endian" value="little" />
    <property name="sun.os.patch.level" value="" />
    <property name="debuglevel" value="source,lines,vars" />
    <property name="env.ProgramFiles" value="C:\Program Files" />
    <property name="env.ANT_HOME" value="C:\Users\irati\Documents\Unibertsitatea\2016-2017\Web Engineering 1\bin\eclipse\plugins\org.apache.ant_1.9.6.v201510161327" />
    <property name="env.PROCESSOR_REVISION" value="5e03" />
    <property name="eclipse.pdebuild.home" value="/C:/Users/irati/Documents/Unibertsitatea/2016-2017/Web Engineering 1/bin/eclipse/plugins/org.eclipse.pde.build_3.9.200.v20160204-0642/./" />
    <property name="java.io.tmpdir" value="C:\Users\irati\AppData\Local\Temp\" />
    <property name="env.CommonProgramFiles(x86)" value="C:\Program Files (x86)\Common Files" />
    <property name="java.vendor.url.bug" value="http://bugreport.sun.com/bugreport/" />
    <property name="env.SystemRoot" value="C:\WINDOWS" />
    <property name="env.FPS_BROWSER_APP_PROFILE_STRING" value="Internet Explorer" />
    <property name="java.awt.graphicsenv" value="sun.awt.Win32GraphicsEnvironment" />
    <property name="os.arch" value="amd64" />
    <property name="java.ext.dirs" value="C:\Program Files\Java\jre1.8.0_111\lib\ext;C:\WINDOWS\Sun\Java\lib\ext" />
    <property name="user.dir" value="C:\Users\irati\git\HeathrowWebPage" />
    <property name="env.LOCALAPPDATA" value="C:\Users\irati\AppData\Local" />
    <property name="line.separator" value="&#xd;&#xa;" />
    <property name="java.vm.name" value="Java HotSpot(TM) 64-Bit Server VM" />
    <property name="env.PATHEXT" value=".COM;.EXE;.BAT;.CMD;.VBS;.VBE;.JS;.JSE;.WSF;.WSH;.MSC" />
    <property name="env.Path" value="C:\ProgramData\Oracle\Java\javapath;C:\Program Files (x86)\Intel\iCLS Client\;C:\Program Files\Intel\iCLS Client\;C:\Windows\system32;C:\Windows;C:\Windows\System32\Wbem;C:\Windows\System32\WindowsPowerShell\v1.0\;C:\Program Files (x86)\NVIDIA Corporation\PhysX\Common;C:\Program Files (x86)\Intel\Intel(R) Management Engine Components\DAL;C:\Program Files\Intel\Intel(R) Management Engine Components\DAL;C:\Program Files (x86)\Intel\Intel(R) Management Engine Components\IPT;C:\Program Files\Intel\Intel(R) Management Engine Components\IPT;C:\WINDOWS\system32;C:\WINDOWS;C:\WINDOWS\System32\Wbem;C:\WINDOWS\System32\WindowsPowerShell\v1.0\;C:\Program Files\MySQL\MySQL Utilities 1.6\;C:\Users\irati\AppData\Local\Programs\Python\Python35-32\Scripts\;C:\Users\irati\AppData\Local\Programs\Python\Python35-32\;C:\Users\irati\AppData\Local\Microsoft\WindowsApps" />
    <property name="basedir" value="C:\Users\irati\git\HeathrowWebPage" />
    <property name="ant.java.version" value="1.8" />
    <property name="ant.core.lib" value="C:\Users\irati\Documents\Unibertsitatea\2016-2017\Web Engineering 1\bin\eclipse\plugins\org.apache.ant_1.9.6.v201510161327\lib\ant.jar" />
    <property name="env.USERNAME" value="irati" />
    <property name="source" value="1.8" />
    <property name="env.SystemDrive" value="C:" />
    <property name="file.encoding" value="Cp1252" />
    <property name="env.USERDOMAIN" value="DESKTOP-8H97JNO" />
    <property name="java.specification.version" value="1.8" />
    <property name="ant.project.invoked-targets" value="test" />
    <property name="env.VBOX_MSI_INSTALL_PATH" value="C:\Program Files\Oracle\VirtualBox\" />
    <property name="env.PROCESSOR_LEVEL" value="6" />
  </properties>
  <error message="HibernateDAOs.TestDAOAirline" type="java.lang.ClassNotFoundException">java.lang.ClassNotFoundException: HibernateDAOs.TestDAOAirline
	at java.net.URLClassLoader.findClass(Unknown Source)
	at java.lang.ClassLoader.loadClass(Unknown Source)
	at sun.misc.Launcher$AppClassLoader.loadClass(Unknown Source)
	at java.lang.ClassLoader.loadClass(Unknown Source)
	at java.lang.Class.forName0(Native Method)
	at java.lang.Class.forName(Unknown Source)
</error>
  <system-out><![CDATA[]]></system-out>
  <system-err><![CDATA[]]></system-err>
</testsuite>
