<?xml version="1.0" encoding="UTF-8" ?>
<testsuite errors="13" failures="6" hostname="DESKTOP-8H97JNO" name="switTest.JUnitSwitTest" skipped="0" tests="37" time="17.985" timestamp="2017-01-17T10:54:18">
  <properties>
    <property name="java.vendor" value="Oracle Corporation" />
    <property name="env.USERDOMAIN_ROAMINGPROFILE" value="DESKTOP-8H97JNO" />
    <property name="sun.java.launcher" value="SUN_STANDARD" />
    <property name="eclipse.pdebuild.templates" value="/C:/Users/irati/Documents/Unibertsitatea/2016-2017/Web Engineering 1/bin/eclipse/plugins/org.eclipse.pde.build_3.9.200.v20160204-0642/templates/" />
    <property name="sun.management.compiler" value="HotSpot 64-Bit Tiered Compilers" />
    <property name="env.PROMPT" value="$P$G" />
    <property name="os.name" value="Windows 10" />
    <property name="sun.boot.class.path" value="C:\Program Files\Java\jre1.8.0_111\lib\resources.jar;C:\Program Files\Java\jre1.8.0_111\lib\rt.jar;C:\Program Files\Java\jre1.8.0_111\lib\sunrsasign.jar;C:\Program Files\Java\jre1.8.0_111\lib\jsse.jar;C:\Program Files\Java\jre1.8.0_111\lib\jce.jar;C:\Program Files\Java\jre1.8.0_111\lib\charsets.jar;C:\Program Files\Java\jre1.8.0_111\lib\jfr.jar;C:\Program Files\Java\jre1.8.0_111\classes" />
    <property name="env.COMPUTERNAME" value="DESKTOP-8H97JNO" />
    <property name="env.CommonProgramW6432" value="C:\Program Files\Common Files" />
    <property name="env.ALLUSERSPROFILE" value="C:\ProgramData" />
    <property name="sun.desktop" value="windows" />
    <property name="java.vm.specification.vendor" value="Oracle Corporation" />
    <property name="ant.home" value="C:\Users\irati\Documents\Unibertsitatea\2016-2017\Web Engineering 1\bin\eclipse\plugins\org.apache.ant_1.9.6.v201510161327" />
    <property name="java.runtime.version" value="1.8.0_111-b14" />
    <property name="env.HOMEPATH" value="\Users\irati" />
    <property name="user.name" value="irati" />
    <property name="ant.file.HeathrowWebPage" value="C:\Users\irati\git\HeathrowWebPage\build.xml" />
    <property name="user.language" value="es" />
    <property name="sun.boot.library.path" value="C:\Program Files\Java\jre1.8.0_111\bin" />
    <property name="ant.project.default-target" value="build" />
    <property name="ant.project.name" value="HeathrowWebPage" />
    <property name="java.version" value="1.8.0_111" />
    <property name="env.PROCESSOR_IDENTIFIER" value="Intel64 Family 6 Model 94 Stepping 3, GenuineIntel" />
    <property name="user.timezone" value="" />
    <property name="env.TEMP" value="C:\Users\irati\AppData\Local\Temp" />
    <property name="sun.arch.data.model" value="64" />
    <property name="java.endorsed.dirs" value="C:\Program Files\Java\jre1.8.0_111\lib\endorsed" />
    <property name="sun.cpu.isalist" value="amd64" />
    <property name="env.HOMEDRIVE" value="C:" />
    <property name="sun.jnu.encoding" value="Cp1252" />
    <property name="file.encoding.pkg" value="sun.io" />
    <property name="ECLIPSE_HOME" value="../../Documents/Unibertsitatea/2016-2017/Web Engineering 1/bin/eclipse/" />
    <property name="file.separator" value="\" />
    <property name="java.specification.name" value="Java Platform API Specification" />
    <property name="java.class.version" value="52.0" />
    <property name="user.country" value="ES" />
    <property name="java.home" value="C:\Program Files\Java\jre1.8.0_111" />
    <property name="env.PSModulePath" value="C:\Program Files\WindowsPowerShell\Modules;C:\WINDOWS\system32\WindowsPowerShell\v1.0\Modules" />
    <property name="env.APPDATA" value="C:\Users\irati\AppData\Roaming" />
    <property name="env.PUBLIC" value="C:\Users\Public" />
    <property name="java.vm.info" value="mixed mode" />
    <property name="env.ComSpec" value="C:\WINDOWS\system32\cmd.exe" />
    <property name="env.OS" value="Windows_NT" />
    <property name="env.CommonProgramFiles" value="C:\Program Files\Common Files" />
    <property name="ant.file" value="C:\Users\irati\git\HeathrowWebPage\build.xml" />
    <property name="os.version" value="10.0" />
    <property name="env.ProgramW6432" value="C:\Program Files" />
    <property name="path.separator" value=";" />
    <property name="java.vm.version" value="25.111-b14" />
    <property name="env.USERPROFILE" value="C:\Users\irati" />
    <property name="user.variant" value="" />
    <property name="ant.library.dir" value="C:\Users\irati\Documents\Unibertsitatea\2016-2017\Web Engineering 1\bin\eclipse\plugins\org.apache.ant_1.9.6.v201510161327\lib" />
    <property name="junit.output.dir" value="junit" />
    <property name="java.awt.printerjob" value="sun.awt.windows.WPrinterJob" />
    <property name="env.TMP" value="C:\Users\irati\AppData\Local\Temp" />
    <property name="sun.io.unicode.encoding" value="UnicodeLittle" />
    <property name="awt.toolkit" value="sun.awt.windows.WToolkit" />
    <property name="ant.file.type.HeathrowWebPage" value="file" />
    <property name="user.script" value="" />
    <property name="eclipse.pdebuild.scripts" value="/C:/Users/irati/Documents/Unibertsitatea/2016-2017/Web Engineering 1/bin/eclipse/plugins/org.eclipse.pde.build_3.9.200.v20160204-0642/scripts/" />
    <property name="user.home" value="C:\Users\irati" />
    <property name="target" value="1.8" />
    <property name="env.ProgramData" value="C:\ProgramData" />
    <property name="env.SESSIONNAME" value="Console" />
    <property name="env.ProgramFiles(x86)" value="C:\Program Files (x86)" />
    <property name="java.specification.vendor" value="Oracle Corporation" />
    <property name="env.NUMBER_OF_PROCESSORS" value="8" />
    <property name="java.library.path" value="C:\Program Files\Java\jre1.8.0_111\bin;C:\WINDOWS\Sun\Java\bin;C:\WINDOWS\system32;C:\WINDOWS;C:\ProgramData\Oracle\Java\javapath;C:\Program Files (x86)\Intel\iCLS Client\;C:\Program Files\Intel\iCLS Client\;C:\Windows\system32;C:\Windows;C:\Windows\System32\Wbem;C:\Windows\System32\WindowsPowerShell\v1.0\;C:\Program Files (x86)\NVIDIA Corporation\PhysX\Common;C:\Program Files (x86)\Intel\Intel(R) Management Engine Components\DAL;C:\Program Files\Intel\Intel(R) Management Engine Components\DAL;C:\Program Files (x86)\Intel\Intel(R) Management Engine Components\IPT;C:\Program Files\Intel\Intel(R) Management Engine Components\IPT;C:\WINDOWS\system32;C:\WINDOWS;C:\WINDOWS\System32\Wbem;C:\WINDOWS\System32\WindowsPowerShell\v1.0\;C:\Program Files\MySQL\MySQL Utilities 1.6\;C:\Users\irati\Documents\Unibertsitatea\2016-2017\Ingenieria de software\Sonar\sonarqube-6.2\bin;C:\Users\irati\AppData\Local\Programs\Python\Python35-32\Scripts\;C:\Users\irati\AppData\Local\Programs\Python\Python35-32\;C:\Users\irati\AppData\Local\Microsoft\WindowsApps;." />
    <property name="java.vendor.url" value="http://java.oracle.com/" />
    <property name="java.vm.vendor" value="Oracle Corporation" />
    <property name="java.runtime.name" value="Java(TM) SE Runtime Environment" />
    <property name="java.class.path" value="C:\Users\irati\git\HeathrowWebPage\build\classes;C:\Users\irati\git\HeathrowWebPage\WebContent\WEB-INF\lib\annotations-api.jar;C:\Users\irati\git\HeathrowWebPage\WebContent\WEB-INF\lib\antlr-2.7.7.jar;C:\Users\irati\git\HeathrowWebPage\WebContent\WEB-INF\lib\catalina-ant.jar;C:\Users\irati\git\HeathrowWebPage\WebContent\WEB-INF\lib\catalina-ha.jar;C:\Users\irati\git\HeathrowWebPage\WebContent\WEB-INF\lib\catalina-storeconfig.jar;C:\Users\irati\git\HeathrowWebPage\WebContent\WEB-INF\lib\catalina-tribes.jar;C:\Users\irati\git\HeathrowWebPage\WebContent\WEB-INF\lib\catalina.jar;C:\Users\irati\git\HeathrowWebPage\WebContent\WEB-INF\lib\cdi-api-1.1.jar;C:\Users\irati\git\HeathrowWebPage\WebContent\WEB-INF\lib\classmate-1.3.0.jar;C:\Users\irati\git\HeathrowWebPage\WebContent\WEB-INF\lib\classmate-1.3.1.jar;C:\Users\irati\git\HeathrowWebPage\WebContent\WEB-INF\lib\commons-fileupload-1.3.2.jar;C:\Users\irati\git\HeathrowWebPage\WebContent\WEB-INF\lib\commons-io-2.2.jar;C:\Users\irati\git\HeathrowWebPage\WebContent\WEB-INF\lib\commons-lang3-3.2.jar;C:\Users\irati\git\HeathrowWebPage\WebContent\WEB-INF\lib\commons-logging-1.1.3.jar;C:\Users\irati\git\HeathrowWebPage\WebContent\WEB-INF\lib\dom4j-1.6.1.jar;C:\Users\irati\git\HeathrowWebPage\WebContent\WEB-INF\lib\ecj-4.5.jar;C:\Users\irati\git\HeathrowWebPage\WebContent\WEB-INF\lib\el-api-2.2.jar;C:\Users\irati\git\HeathrowWebPage\WebContent\WEB-INF\lib\el-api.jar;C:\Users\irati\git\HeathrowWebPage\WebContent\WEB-INF\lib\freemarker-2.3.22.jar;C:\Users\irati\git\HeathrowWebPage\WebContent\WEB-INF\lib\geronimo-jta_1.1_spec-1.1.1.jar;C:\Users\irati\git\HeathrowWebPage\WebContent\WEB-INF\lib\hamcrest-core-1.3.jar;C:\Users\irati\git\HeathrowWebPage\WebContent\WEB-INF\lib\hibernate-commons-annotations-5.0.1.Final.jar;C:\Users\irati\git\HeathrowWebPage\WebContent\WEB-INF\lib\hibernate-core-5.2.4.Final.jar;C:\Users\irati\git\HeathrowWebPage\WebContent\WEB-INF\lib\hibernate-jpa-2.1-api-1.0.0.Final.jar;C:\Users\irati\git\HeathrowWebPage\WebContent\WEB-INF\lib\hibernate-validator-5.3.3.Final.jar;C:\Users\irati\git\HeathrowWebPage\WebContent\WEB-INF\lib\hibernate-validator-annotation-processor-5.3.3.Final.jar;C:\Users\irati\git\HeathrowWebPage\WebContent\WEB-INF\lib\hibernate-validator-cdi-5.3.3.Final.jar;C:\Users\irati\git\HeathrowWebPage\WebContent\WEB-INF\lib\jackson-annotations-2.8.1.jar;C:\Users\irati\git\HeathrowWebPage\WebContent\WEB-INF\lib\jackson-core-2.8.1.jar;C:\Users\irati\git\HeathrowWebPage\WebContent\WEB-INF\lib\jackson-databind-2.8.1.jar;C:\Users\irati\git\HeathrowWebPage\WebContent\WEB-INF\lib\jandex-2.0.0.Final.jar;C:\Users\irati\git\HeathrowWebPage\WebContent\WEB-INF\lib\jasper-el.jar;C:\Users\irati\git\HeathrowWebPage\WebContent\WEB-INF\lib\jasper.jar;C:\Users\irati\git\HeathrowWebPage\WebContent\WEB-INF\lib\javassist-3.11.0.GA.jar;C:\Users\irati\git\HeathrowWebPage\WebContent\WEB-INF\lib\javassist-3.20.0-GA.jar;C:\Users\irati\git\HeathrowWebPage\WebContent\WEB-INF\lib\javax.el-2.2.4.jar;C:\Users\irati\git\HeathrowWebPage\WebContent\WEB-INF\lib\javax.el-api-2.2.4.jar;C:\Users\irati\git\HeathrowWebPage\WebContent\WEB-INF\lib\javax.inject-1.jar;C:\Users\irati\git\HeathrowWebPage\WebContent\WEB-INF\lib\jboss-interceptors-api_1.1_spec-1.0.0.Beta1.jar;C:\Users\irati\git\HeathrowWebPage\WebContent\WEB-INF\lib\jboss-logging-3.3.0.Final.jar;C:\Users\irati\git\HeathrowWebPage\WebContent\WEB-INF\lib\json-20160807.jar;C:\Users\irati\git\HeathrowWebPage\WebContent\WEB-INF\lib\jsp-api.jar;C:\Users\irati\git\HeathrowWebPage\WebContent\WEB-INF\lib\jsr250-api-1.0.jar;C:\Users\irati\git\HeathrowWebPage\WebContent\WEB-INF\lib\junit-4.12.jar;C:\Users\irati\git\HeathrowWebPage\WebContent\WEB-INF\lib\jwebunit-1.1.1.jar;C:\Users\irati\git\HeathrowWebPage\WebContent\WEB-INF\lib\log4j-core-2.6.2.jar;C:\Users\irati\git\HeathrowWebPage\WebContent\WEB-INF\lib\mockito-all-1.10.19.jar;C:\Users\irati\git\HeathrowWebPage\WebContent\WEB-INF\lib\netty-all-4.1.5.Final.jar;C:\Users\irati\git\HeathrowWebPage\WebContent\WEB-INF\lib\netty-socketio-1.7.7 .jar;C:\Users\irati\git\HeathrowWebPage\WebContent\WEB-INF\lib\objenesis-tck-2.2.jar;C:\Users\irati\git\HeathrowWebPage\WebContent\WEB-INF\lib\ognl-3.0.19.jar;C:\Users\irati\git\HeathrowWebPage\WebContent\WEB-INF\lib\pgjdbc-ng-0.6-complete.jar;C:\Users\irati\git\HeathrowWebPage\WebContent\WEB-INF\lib\postgresql-9.4.1212.jre6.jar;C:\Users\irati\git\HeathrowWebPage\WebContent\WEB-INF\lib\servlet-api.jar;C:\Users\irati\git\HeathrowWebPage\WebContent\WEB-INF\lib\slf4j-api-1.7.22.jar;C:\Users\irati\git\HeathrowWebPage\WebContent\WEB-INF\lib\struts2-core-2.3.31.jar;C:\Users\irati\git\HeathrowWebPage\WebContent\WEB-INF\lib\system-rules-1.16.0.jar;C:\Users\irati\git\HeathrowWebPage\WebContent\WEB-INF\lib\tomcat-api.jar;C:\Users\irati\git\HeathrowWebPage\WebContent\WEB-INF\lib\tomcat-coyote.jar;C:\Users\irati\git\HeathrowWebPage\WebContent\WEB-INF\lib\tomcat-dbcp.jar;C:\Users\irati\git\HeathrowWebPage\WebContent\WEB-INF\lib\tomcat-i18n-es.jar;C:\Users\irati\git\HeathrowWebPage\WebContent\WEB-INF\lib\tomcat-i18n-fr.jar;C:\Users\irati\git\HeathrowWebPage\WebContent\WEB-INF\lib\tomcat-i18n-ja.jar;C:\Users\irati\git\HeathrowWebPage\WebContent\WEB-INF\lib\tomcat-jdbc.jar;C:\Users\irati\git\HeathrowWebPage\WebContent\WEB-INF\lib\tomcat-jni.jar;C:\Users\irati\git\HeathrowWebPage\WebContent\WEB-INF\lib\tomcat-util-scan.jar;C:\Users\irati\git\HeathrowWebPage\WebContent\WEB-INF\lib\tomcat-util.jar;C:\Users\irati\git\HeathrowWebPage\WebContent\WEB-INF\lib\tomcat-websocket.jar;C:\Users\irati\git\HeathrowWebPage\WebContent\WEB-INF\lib\validation-api-1.1.0.Final.jar;C:\Users\irati\git\HeathrowWebPage\WebContent\WEB-INF\lib\websocket-api.jar;C:\Users\irati\git\HeathrowWebPage\WebContent\WEB-INF\lib\xwork-core-2.3.31.jar;C:\Users\irati\Documents\Unibertsitatea\2016-2017\Web Engineering 1\bin\eclipse\plugins\org.apache.ant_1.9.6.v201510161327\lib\ant-launcher.jar;C:\Users\irati\Documents\Unibertsitatea\2016-2017\Web Engineering 1\bin\eclipse\plugins\org.apache.ant_1.9.6.v201510161327\lib\ant.jar;C:\Users\irati\Documents\Unibertsitatea\2016-2017\Web Engineering 1\bin\eclipse\plugins\org.apache.ant_1.9.6.v201510161327\lib\ant-junit.jar;C:\Users\irati\Documents\Unibertsitatea\2016-2017\Web Engineering 1\bin\eclipse\plugins\org.apache.ant_1.9.6.v201510161327\lib\ant-junit4.jar" />
    <property name="sun.java.command" value="org.apache.tools.ant.taskdefs.optional.junit.JUnitTestRunner switTest.JUnitSwitTest skipNonTests=false filtertrace=true haltOnError=false haltOnFailure=false formatter=org.apache.tools.ant.taskdefs.optional.junit.OutErrSummaryJUnitResultFormatter showoutput=false outputtoformatters=true logfailedtests=true threadid=0 logtestlistenerevents=false formatter=org.apache.tools.ant.taskdefs.optional.junit.XMLJUnitResultFormatter,C:\Users\irati\git\HeathrowWebPage\junit\TEST-switTest.JUnitSwitTest.xml crashfile=C:\Users\irati\git\HeathrowWebPage\junitvmwatcher245967646887884898.properties propsfile=C:\Users\irati\git\HeathrowWebPage\junit2864223913735383739.properties" />
    <property name="ant.version" value="Apache Ant(TM) version 1.9.6 compiled on June 29 2015" />
    <property name="java.vm.specification.name" value="Java Virtual Machine Specification" />
    <property name="env.windir" value="C:\WINDOWS" />
    <property name="env.LOGONSERVER" value="\\DESKTOP-8H97JNO" />
    <property name="env.PROCESSOR_ARCHITECTURE" value="AMD64" />
    <property name="java.vm.specification.version" value="1.8" />
    <property name="sun.os.patch.level" value="" />
    <property name="sun.cpu.endian" value="little" />
    <property name="env.OneDrive" value="C:\Users\irati\OneDrive" />
    <property name="debuglevel" value="source,lines,vars" />
    <property name="env.ProgramFiles" value="C:\Program Files" />
    <property name="env.ANT_HOME" value="C:\Users\irati\Documents\Unibertsitatea\2016-2017\Web Engineering 1\bin\eclipse\plugins\org.apache.ant_1.9.6.v201510161327" />
    <property name="java.io.tmpdir" value="C:\Users\irati\AppData\Local\Temp\" />
    <property name="env.PROCESSOR_REVISION" value="5e03" />
    <property name="eclipse.pdebuild.home" value="/C:/Users/irati/Documents/Unibertsitatea/2016-2017/Web Engineering 1/bin/eclipse/plugins/org.eclipse.pde.build_3.9.200.v20160204-0642/./" />
    <property name="env.CommonProgramFiles(x86)" value="C:\Program Files (x86)\Common Files" />
    <property name="java.vendor.url.bug" value="http://bugreport.sun.com/bugreport/" />
    <property name="env.SystemRoot" value="C:\WINDOWS" />
    <property name="java.awt.graphicsenv" value="sun.awt.Win32GraphicsEnvironment" />
    <property name="os.arch" value="amd64" />
    <property name="java.ext.dirs" value="C:\Program Files\Java\jre1.8.0_111\lib\ext;C:\WINDOWS\Sun\Java\lib\ext" />
    <property name="user.dir" value="C:\Users\irati\git\HeathrowWebPage" />
    <property name="env.LOCALAPPDATA" value="C:\Users\irati\AppData\Local" />
    <property name="line.separator" value="&#xd;&#xa;" />
    <property name="java.vm.name" value="Java HotSpot(TM) 64-Bit Server VM" />
    <property name="env.PATHEXT" value=".COM;.EXE;.BAT;.CMD;.VBS;.VBE;.JS;.JSE;.WSF;.WSH;.MSC" />
    <property name="env.Path" value="C:\ProgramData\Oracle\Java\javapath;C:\Program Files (x86)\Intel\iCLS Client\;C:\Program Files\Intel\iCLS Client\;C:\Windows\system32;C:\Windows;C:\Windows\System32\Wbem;C:\Windows\System32\WindowsPowerShell\v1.0\;C:\Program Files (x86)\NVIDIA Corporation\PhysX\Common;C:\Program Files (x86)\Intel\Intel(R) Management Engine Components\DAL;C:\Program Files\Intel\Intel(R) Management Engine Components\DAL;C:\Program Files (x86)\Intel\Intel(R) Management Engine Components\IPT;C:\Program Files\Intel\Intel(R) Management Engine Components\IPT;C:\WINDOWS\system32;C:\WINDOWS;C:\WINDOWS\System32\Wbem;C:\WINDOWS\System32\WindowsPowerShell\v1.0\;C:\Program Files\MySQL\MySQL Utilities 1.6\;C:\Users\irati\Documents\Unibertsitatea\2016-2017\Ingenieria de software\Sonar\sonarqube-6.2\bin;C:\Users\irati\AppData\Local\Programs\Python\Python35-32\Scripts\;C:\Users\irati\AppData\Local\Programs\Python\Python35-32\;C:\Users\irati\AppData\Local\Microsoft\WindowsApps" />
    <property name="basedir" value="C:\Users\irati\git\HeathrowWebPage" />
    <property name="ant.java.version" value="1.8" />
    <property name="ant.core.lib" value="C:\Users\irati\Documents\Unibertsitatea\2016-2017\Web Engineering 1\bin\eclipse\plugins\org.apache.ant_1.9.6.v201510161327\lib\ant.jar" />
    <property name="env.USERNAME" value="irati" />
    <property name="env.SystemDrive" value="C:" />
    <property name="source" value="1.8" />
    <property name="file.encoding" value="Cp1252" />
    <property name="env.USERDOMAIN" value="DESKTOP-8H97JNO" />
    <property name="java.specification.version" value="1.8" />
    <property name="ant.project.invoked-targets" value="test" />
    <property name="env.VBOX_MSI_INSTALL_PATH" value="C:\Program Files\Oracle\VirtualBox\" />
    <property name="env.PROCESSOR_LEVEL" value="6" />
  </properties>
  <testcase classname="airlineManager.TestAirlineInformationActionController" name="testIfTheFunctionExecuteCorrectInaCorrectWayRedirectingThePage" time="2.744">
    <error type="java.lang.NullPointerException">java.lang.NullPointerException
	at java.util.Base64$Encoder.encode(Unknown Source)
	at actions.airlineManager.AirlineInformationAction.loadPhotoFromDatabase(AirlineInformationAction.java:87)
	at actions.airlineManager.AirlineInformationAction.execute(AirlineInformationAction.java:63)
	at airlineManager.TestAirlineInformationActionController.testIfTheFunctionExecuteCorrectInaCorrectWayRedirectingThePage(TestAirlineInformationActionController.java:53)
</error>
  </testcase>
  <testcase classname="airlineManager.TestAirlineInformationDeleteAction" name="testIfTheFunctionExecuteCorrectInaCorrectWayRedirectingThePage" time="1.494">
    <error type="java.lang.NullPointerException">java.lang.NullPointerException
	at actions.airlineManager.AirlineInformationDeleteAction.execute(AirlineInformationDeleteAction.java:39)
	at airlineManager.TestAirlineInformationDeleteAction.testIfTheFunctionExecuteCorrectInaCorrectWayRedirectingThePage(TestAirlineInformationDeleteAction.java:75)
</error>
  </testcase>
  <testcase classname="airlineManager.TestAirlineInformationEditAction" name="checkIfTheFunctionExecuteAndSubfunctionsAreOk" time="0.419">
    <error type="java.lang.NullPointerException">java.lang.NullPointerException
	at actions.airlineManager.AirlineInformationEditAction.fillAtributes(AirlineInformationEditAction.java:48)
	at actions.airlineManager.AirlineInformationEditAction.execute(AirlineInformationEditAction.java:40)
	at airlineManager.TestAirlineInformationEditAction.checkIfTheFunctionExecuteAndSubfunctionsAreOk(TestAirlineInformationEditAction.java:47)
</error>
  </testcase>
  <testcase classname="airlineManager.TestAirlineInformationEditSaveAction" name="checkIfTheRedirectionOfThePageAndTheCreationOfTheAirplane" time="0.421">
    <error type="java.lang.NullPointerException">java.lang.NullPointerException
	at actions.airlineManager.AirlineInformationEditSaveAction.execute(AirlineInformationEditSaveAction.java:43)
	at airlineManager.TestAirlineInformationEditSaveAction.checkIfTheRedirectionOfThePageAndTheCreationOfTheAirplane(TestAirlineInformationEditSaveAction.java:70)
</error>
  </testcase>
  <testcase classname="configurations.TestConnectHibernate" name="testFunctionAfter" time="0.352" />
  <testcase classname="configurations.TestConnectHibernate" name="testFunctionBefore" time="0.329" />
  <testcase classname="hibernateDAOtests.TestDAOAirlineManager" name="testIfTheAirlineManagerIsNotLoadedSendingIncorrectValues" time="0.315" />
  <testcase classname="hibernateDAOtests.TestDAOAirlineManager" name="testIfTheAirlineManagerIsLoadedSendingCorrectValues" time="0.333">
    <failure type="junit.framework.AssertionFailedError">junit.framework.AssertionFailedError
	at hibernateDAOtests.TestDAOAirlineManager.testIfTheAirlineManagerIsLoadedSendingCorrectValues(TestDAOAirlineManager.java:23)
</failure>
  </testcase>
  <testcase classname="hibernateDAOtests.TestDAOAirplane" name="testToDeleteAirplaneWithNullAirplane" time="0.304" />
  <testcase classname="hibernateDAOtests.TestDAOAirplane" name="testToDeleteAirplaneWithAllValues" time="0.698">
    <failure message="Error inserting a airplane" type="junit.framework.AssertionFailedError">junit.framework.AssertionFailedError: Error inserting a airplane
	at hibernateDAOtests.TestDAOAirplane.testToDeleteAirplaneWithAllValues(TestDAOAirplane.java:32)
</failure>
  </testcase>
  <testcase classname="hibernateDAOtests.TestDAOAirplane" name="testToLoadAnSpecificAirplane" time="0.32">
    <failure type="junit.framework.AssertionFailedError">junit.framework.AssertionFailedError
	at hibernateDAOtests.TestDAOAirplane.testToLoadAnSpecificAirplane(TestDAOAirplane.java:66)
</failure>
  </testcase>
  <testcase classname="hibernateDAOtests.TestDAOAirplane" name="testToLoadAirplanesOfAirlineSendingACorrectId" time="0.389" />
  <testcase classname="hibernateDAOtests.TestDAOAirportController" name="testToLoadAirportControllerWithCorrectData" time="0.322" />
  <testcase classname="hibernateDAOtests.TestDAOPassanger" name="testToInsertNewPassangerWithAllAtributes" time="0.315">
    <failure message="Error inserting a new passanger" type="junit.framework.AssertionFailedError">junit.framework.AssertionFailedError: Error inserting a new passanger
	at hibernateDAOtests.TestDAOPassanger.testToInsertNewPassangerWithAllAtributes(TestDAOPassanger.java:50)
</failure>
  </testcase>
  <testcase classname="hibernateDAOtests.TestDAOPassanger" name="testToInsertNewPassangerWithANullAtribute" time="0.304" />
  <testcase classname="hibernateDAOtests.TestDAOPassanger" name="testToLoadPassengerFlights" time="0.478" />
  <testcase classname="hibernateDAOtests.TestDAOPassanger" name="testToAddFlightToLoggedPassenger" time="0.0" />
  <testcase classname="hibernateDAOtests.TestDAOPassanger" name="testToUpdateAPassenger" time="0.327" />
  <testcase classname="hibernateDAOtests.TestDAOPassanger" name="testToLoadAPassengerWithCorrectData" time="0.334">
    <failure type="junit.framework.AssertionFailedError">junit.framework.AssertionFailedError
	at hibernateDAOtests.TestDAOPassanger.testToLoadAPassengerWithCorrectData(TestDAOPassanger.java:91)
</failure>
  </testcase>
  <testcase classname="login.TestLoginActionController" name="testIfTheLoginUserDistributionFunctionIsOkIfAManagerIsLogged" time="1.13">
    <error message="Unable to create requested service [org.hibernate.engine.jdbc.env.spi.JdbcEnvironment]" type="org.hibernate.service.spi.ServiceException">org.hibernate.service.spi.ServiceException: Unable to create requested service [org.hibernate.engine.jdbc.env.spi.JdbcEnvironment]
	at org.hibernate.service.internal.AbstractServiceRegistryImpl.createService(AbstractServiceRegistryImpl.java:267)
	at org.hibernate.service.internal.AbstractServiceRegistryImpl.initializeService(AbstractServiceRegistryImpl.java:231)
	at org.hibernate.service.internal.AbstractServiceRegistryImpl.getService(AbstractServiceRegistryImpl.java:210)
	at org.hibernate.engine.jdbc.internal.JdbcServicesImpl.configure(JdbcServicesImpl.java:51)
	at org.hibernate.boot.registry.internal.StandardServiceRegistryImpl.configureService(StandardServiceRegistryImpl.java:94)
	at org.hibernate.service.internal.AbstractServiceRegistryImpl.initializeService(AbstractServiceRegistryImpl.java:240)
	at org.hibernate.service.internal.AbstractServiceRegistryImpl.getService(AbstractServiceRegistryImpl.java:210)
	at org.hibernate.boot.model.process.spi.MetadataBuildingProcess.handleTypes(MetadataBuildingProcess.java:352)
	at org.hibernate.boot.model.process.spi.MetadataBuildingProcess.complete(MetadataBuildingProcess.java:111)
	at org.hibernate.boot.model.process.spi.MetadataBuildingProcess.build(MetadataBuildingProcess.java:83)
	at org.hibernate.boot.internal.MetadataBuilderImpl.build(MetadataBuilderImpl.java:418)
	at org.hibernate.boot.internal.MetadataBuilderImpl.build(MetadataBuilderImpl.java:87)
	at org.hibernate.cfg.Configuration.buildSessionFactory(Configuration.java:691)
	at org.hibernate.cfg.Configuration.buildSessionFactory(Configuration.java:726)
	at configurations.ConnectHibernate.changeUser(ConnectHibernate.java:66)
	at actions.login.LoginAction.clearAllLoggedUsers(LoginAction.java:111)
	at actions.login.LoginAction.execute(LoginAction.java:67)
	at login.TestLoginActionController.testIfTheLoginUserDistributionFunctionIsOkIfAManagerIsLogged(TestLoginActionController.java:102)
Caused by: org.hibernate.exception.JDBCConnectionException: Error calling Driver#connect
	at org.hibernate.engine.jdbc.connections.internal.BasicConnectionCreator$1$1.convert(BasicConnectionCreator.java:105)
	at org.hibernate.engine.jdbc.connections.internal.BasicConnectionCreator.convertSqlException(BasicConnectionCreator.java:123)
	at org.hibernate.engine.jdbc.connections.internal.DriverConnectionCreator.makeConnection(DriverConnectionCreator.java:41)
	at org.hibernate.engine.jdbc.connections.internal.BasicConnectionCreator.createConnection(BasicConnectionCreator.java:58)
	at org.hibernate.engine.jdbc.connections.internal.PooledConnections.addConnections(PooledConnections.java:123)
	at org.hibernate.engine.jdbc.connections.internal.PooledConnections.&lt;init&gt;(PooledConnections.java:42)
	at org.hibernate.engine.jdbc.connections.internal.PooledConnections.&lt;init&gt;(PooledConnections.java:20)
	at org.hibernate.engine.jdbc.connections.internal.PooledConnections$Builder.build(PooledConnections.java:161)
	at org.hibernate.engine.jdbc.connections.internal.DriverManagerConnectionProviderImpl.buildPool(DriverManagerConnectionProviderImpl.java:109)
	at org.hibernate.engine.jdbc.connections.internal.DriverManagerConnectionProviderImpl.configure(DriverManagerConnectionProviderImpl.java:72)
	at org.hibernate.boot.registry.internal.StandardServiceRegistryImpl.configureService(StandardServiceRegistryImpl.java:94)
	at org.hibernate.service.internal.AbstractServiceRegistryImpl.initializeService(AbstractServiceRegistryImpl.java:240)
	at org.hibernate.service.internal.AbstractServiceRegistryImpl.getService(AbstractServiceRegistryImpl.java:210)
	at org.hibernate.engine.jdbc.env.internal.JdbcEnvironmentInitiator.buildJdbcConnectionAccess(JdbcEnvironmentInitiator.java:145)
	at org.hibernate.engine.jdbc.env.internal.JdbcEnvironmentInitiator.initiateService(JdbcEnvironmentInitiator.java:66)
	at org.hibernate.engine.jdbc.env.internal.JdbcEnvironmentInitiator.initiateService(JdbcEnvironmentInitiator.java:35)
	at org.hibernate.boot.registry.internal.StandardServiceRegistryImpl.initiateService(StandardServiceRegistryImpl.java:88)
	at org.hibernate.service.internal.AbstractServiceRegistryImpl.createService(AbstractServiceRegistryImpl.java:257)
	at org.hibernate.service.internal.AbstractServiceRegistryImpl.initializeService(AbstractServiceRegistryImpl.java:231)
	at org.hibernate.service.internal.AbstractServiceRegistryImpl.getService(AbstractServiceRegistryImpl.java:210)
	at org.hibernate.engine.jdbc.internal.JdbcServicesImpl.configure(JdbcServicesImpl.java:51)
	at org.hibernate.boot.registry.internal.StandardServiceRegistryImpl.configureService(StandardServiceRegistryImpl.java:94)
	at org.hibernate.service.internal.AbstractServiceRegistryImpl.initializeService(AbstractServiceRegistryImpl.java:240)
	at org.hibernate.service.internal.AbstractServiceRegistryImpl.getService(AbstractServiceRegistryImpl.java:210)
	at org.hibernate.boot.model.process.spi.MetadataBuildingProcess.handleTypes(MetadataBuildingProcess.java:352)
	at org.hibernate.boot.model.process.spi.MetadataBuildingProcess.complete(MetadataBuildingProcess.java:111)
	at org.hibernate.boot.model.process.spi.MetadataBuildingProcess.build(MetadataBuildingProcess.java:83)
	at org.hibernate.boot.internal.MetadataBuilderImpl.build(MetadataBuilderImpl.java:418)
	at org.hibernate.boot.internal.MetadataBuilderImpl.build(MetadataBuilderImpl.java:87)
	at org.hibernate.cfg.Configuration.buildSessionFactory(Configuration.java:691)
	at org.hibernate.cfg.Configuration.buildSessionFactory(Configuration.java:726)
	at configurations.ConnectHibernate.changeUser(ConnectHibernate.java:66)
	at actions.login.LoginAction.clearAllLoggedUsers(LoginAction.java:111)
	at actions.login.LoginAction.execute(LoginAction.java:67)
	at actions.login.LoginAction$$EnhancerByMockitoWithCGLIB$$b5d95d58.CGLIB$execute$1(&lt;generated&gt;)
	at actions.login.LoginAction$$EnhancerByMockitoWithCGLIB$$b5d95d58$$FastClassByMockitoWithCGLIB$$c39a1bbf.invoke(&lt;generated&gt;)
	at org.mockito.cglib.proxy.MethodProxy.invokeSuper(MethodProxy.java:216)
	at org.mockito.internal.creation.cglib.DelegatingMockitoMethodProxy.invokeSuper(DelegatingMockitoMethodProxy.java:19)
	at org.mockito.internal.invocation.realmethod.DefaultRealMethod.invoke(DefaultRealMethod.java:21)
	at org.mockito.internal.invocation.realmethod.CleanTraceRealMethod.invoke(CleanTraceRealMethod.java:30)
	at org.mockito.internal.invocation.InvocationImpl.callRealMethod(InvocationImpl.java:112)
	at org.mockito.internal.stubbing.answers.CallsRealMethods.answer(CallsRealMethods.java:41)
	at org.mockito.internal.handler.MockHandlerImpl.handle(MockHandlerImpl.java:93)
	at org.mockito.internal.handler.NullResultGuardian.handle(NullResultGuardian.java:29)
	at org.mockito.internal.handler.InvocationNotifierHandler.handle(InvocationNotifierHandler.java:38)
	at org.mockito.internal.creation.cglib.MethodInterceptorFilter.intercept(MethodInterceptorFilter.java:59)
	at actions.login.LoginAction$$EnhancerByMockitoWithCGLIB$$b5d95d58.execute(&lt;generated&gt;)
Caused by: org.postgresql.util.PSQLException: FATAL: la autentificación password falló para el usuario «admin» (pgjdbc: autodetected server-encoding to be ISO8859_1, if the message is not readable, please check database logs and/or host, port, dbname, user, password, pg_hba.conf)
	at org.postgresql.core.v3.ConnectionFactoryImpl.doAuthentication(ConnectionFactoryImpl.java:443)
	at org.postgresql.core.v3.ConnectionFactoryImpl.openConnectionImpl(ConnectionFactoryImpl.java:217)
	at org.postgresql.core.ConnectionFactory.openConnection(ConnectionFactory.java:51)
	at org.postgresql.jdbc.PgConnection.&lt;init&gt;(PgConnection.java:215)
	at org.postgresql.Driver.makeConnection(Driver.java:404)
	at org.postgresql.Driver.connect(Driver.java:272)
	at org.hibernate.engine.jdbc.connections.internal.DriverConnectionCreator.makeConnection(DriverConnectionCreator.java:38)
</error>
  </testcase>
  <testcase classname="login.TestLoginActionController" name="testIfTheLoginUserDistributionFunctionIsOkIfAPassengerIsLogged" time="0.975">
    <error message="Unable to create requested service [org.hibernate.engine.jdbc.env.spi.JdbcEnvironment]" type="org.hibernate.service.spi.ServiceException">org.hibernate.service.spi.ServiceException: Unable to create requested service [org.hibernate.engine.jdbc.env.spi.JdbcEnvironment]
	at org.hibernate.service.internal.AbstractServiceRegistryImpl.createService(AbstractServiceRegistryImpl.java:267)
	at org.hibernate.service.internal.AbstractServiceRegistryImpl.initializeService(AbstractServiceRegistryImpl.java:231)
	at org.hibernate.service.internal.AbstractServiceRegistryImpl.getService(AbstractServiceRegistryImpl.java:210)
	at org.hibernate.engine.jdbc.internal.JdbcServicesImpl.configure(JdbcServicesImpl.java:51)
	at org.hibernate.boot.registry.internal.StandardServiceRegistryImpl.configureService(StandardServiceRegistryImpl.java:94)
	at org.hibernate.service.internal.AbstractServiceRegistryImpl.initializeService(AbstractServiceRegistryImpl.java:240)
	at org.hibernate.service.internal.AbstractServiceRegistryImpl.getService(AbstractServiceRegistryImpl.java:210)
	at org.hibernate.boot.model.process.spi.MetadataBuildingProcess.handleTypes(MetadataBuildingProcess.java:352)
	at org.hibernate.boot.model.process.spi.MetadataBuildingProcess.complete(MetadataBuildingProcess.java:111)
	at org.hibernate.boot.model.process.spi.MetadataBuildingProcess.build(MetadataBuildingProcess.java:83)
	at org.hibernate.boot.internal.MetadataBuilderImpl.build(MetadataBuilderImpl.java:418)
	at org.hibernate.boot.internal.MetadataBuilderImpl.build(MetadataBuilderImpl.java:87)
	at org.hibernate.cfg.Configuration.buildSessionFactory(Configuration.java:691)
	at org.hibernate.cfg.Configuration.buildSessionFactory(Configuration.java:726)
	at configurations.ConnectHibernate.changeUser(ConnectHibernate.java:66)
	at actions.login.LoginAction.clearAllLoggedUsers(LoginAction.java:111)
	at actions.login.LoginAction.execute(LoginAction.java:67)
	at login.TestLoginActionController.testIfTheLoginUserDistributionFunctionIsOkIfAPassengerIsLogged(TestLoginActionController.java:66)
Caused by: org.hibernate.exception.JDBCConnectionException: Error calling Driver#connect
	at org.hibernate.engine.jdbc.connections.internal.BasicConnectionCreator$1$1.convert(BasicConnectionCreator.java:105)
	at org.hibernate.engine.jdbc.connections.internal.BasicConnectionCreator.convertSqlException(BasicConnectionCreator.java:123)
	at org.hibernate.engine.jdbc.connections.internal.DriverConnectionCreator.makeConnection(DriverConnectionCreator.java:41)
	at org.hibernate.engine.jdbc.connections.internal.BasicConnectionCreator.createConnection(BasicConnectionCreator.java:58)
	at org.hibernate.engine.jdbc.connections.internal.PooledConnections.addConnections(PooledConnections.java:123)
	at org.hibernate.engine.jdbc.connections.internal.PooledConnections.&lt;init&gt;(PooledConnections.java:42)
	at org.hibernate.engine.jdbc.connections.internal.PooledConnections.&lt;init&gt;(PooledConnections.java:20)
	at org.hibernate.engine.jdbc.connections.internal.PooledConnections$Builder.build(PooledConnections.java:161)
	at org.hibernate.engine.jdbc.connections.internal.DriverManagerConnectionProviderImpl.buildPool(DriverManagerConnectionProviderImpl.java:109)
	at org.hibernate.engine.jdbc.connections.internal.DriverManagerConnectionProviderImpl.configure(DriverManagerConnectionProviderImpl.java:72)
	at org.hibernate.boot.registry.internal.StandardServiceRegistryImpl.configureService(StandardServiceRegistryImpl.java:94)
	at org.hibernate.service.internal.AbstractServiceRegistryImpl.initializeService(AbstractServiceRegistryImpl.java:240)
	at org.hibernate.service.internal.AbstractServiceRegistryImpl.getService(AbstractServiceRegistryImpl.java:210)
	at org.hibernate.engine.jdbc.env.internal.JdbcEnvironmentInitiator.buildJdbcConnectionAccess(JdbcEnvironmentInitiator.java:145)
	at org.hibernate.engine.jdbc.env.internal.JdbcEnvironmentInitiator.initiateService(JdbcEnvironmentInitiator.java:66)
	at org.hibernate.engine.jdbc.env.internal.JdbcEnvironmentInitiator.initiateService(JdbcEnvironmentInitiator.java:35)
	at org.hibernate.boot.registry.internal.StandardServiceRegistryImpl.initiateService(StandardServiceRegistryImpl.java:88)
	at org.hibernate.service.internal.AbstractServiceRegistryImpl.createService(AbstractServiceRegistryImpl.java:257)
	at org.hibernate.service.internal.AbstractServiceRegistryImpl.initializeService(AbstractServiceRegistryImpl.java:231)
	at org.hibernate.service.internal.AbstractServiceRegistryImpl.getService(AbstractServiceRegistryImpl.java:210)
	at org.hibernate.engine.jdbc.internal.JdbcServicesImpl.configure(JdbcServicesImpl.java:51)
	at org.hibernate.boot.registry.internal.StandardServiceRegistryImpl.configureService(StandardServiceRegistryImpl.java:94)
	at org.hibernate.service.internal.AbstractServiceRegistryImpl.initializeService(AbstractServiceRegistryImpl.java:240)
	at org.hibernate.service.internal.AbstractServiceRegistryImpl.getService(AbstractServiceRegistryImpl.java:210)
	at org.hibernate.boot.model.process.spi.MetadataBuildingProcess.handleTypes(MetadataBuildingProcess.java:352)
	at org.hibernate.boot.model.process.spi.MetadataBuildingProcess.complete(MetadataBuildingProcess.java:111)
	at org.hibernate.boot.model.process.spi.MetadataBuildingProcess.build(MetadataBuildingProcess.java:83)
	at org.hibernate.boot.internal.MetadataBuilderImpl.build(MetadataBuilderImpl.java:418)
	at org.hibernate.boot.internal.MetadataBuilderImpl.build(MetadataBuilderImpl.java:87)
	at org.hibernate.cfg.Configuration.buildSessionFactory(Configuration.java:691)
	at org.hibernate.cfg.Configuration.buildSessionFactory(Configuration.java:726)
	at configurations.ConnectHibernate.changeUser(ConnectHibernate.java:66)
	at actions.login.LoginAction.clearAllLoggedUsers(LoginAction.java:111)
	at actions.login.LoginAction.execute(LoginAction.java:67)
	at actions.login.LoginAction$$EnhancerByMockitoWithCGLIB$$b5d95d58.CGLIB$execute$1(&lt;generated&gt;)
	at actions.login.LoginAction$$EnhancerByMockitoWithCGLIB$$b5d95d58$$FastClassByMockitoWithCGLIB$$c39a1bbf.invoke(&lt;generated&gt;)
	at org.mockito.cglib.proxy.MethodProxy.invokeSuper(MethodProxy.java:216)
	at org.mockito.internal.creation.cglib.DelegatingMockitoMethodProxy.invokeSuper(DelegatingMockitoMethodProxy.java:19)
	at org.mockito.internal.invocation.realmethod.DefaultRealMethod.invoke(DefaultRealMethod.java:21)
	at org.mockito.internal.invocation.realmethod.CleanTraceRealMethod.invoke(CleanTraceRealMethod.java:30)
	at org.mockito.internal.invocation.InvocationImpl.callRealMethod(InvocationImpl.java:112)
	at org.mockito.internal.stubbing.answers.CallsRealMethods.answer(CallsRealMethods.java:41)
	at org.mockito.internal.handler.MockHandlerImpl.handle(MockHandlerImpl.java:93)
	at org.mockito.internal.handler.NullResultGuardian.handle(NullResultGuardian.java:29)
	at org.mockito.internal.handler.InvocationNotifierHandler.handle(InvocationNotifierHandler.java:38)
	at org.mockito.internal.creation.cglib.MethodInterceptorFilter.intercept(MethodInterceptorFilter.java:59)
	at actions.login.LoginAction$$EnhancerByMockitoWithCGLIB$$b5d95d58.execute(&lt;generated&gt;)
Caused by: org.postgresql.util.PSQLException: FATAL: la autentificación password falló para el usuario «admin» (pgjdbc: autodetected server-encoding to be ISO8859_1, if the message is not readable, please check database logs and/or host, port, dbname, user, password, pg_hba.conf)
	at org.postgresql.core.v3.ConnectionFactoryImpl.doAuthentication(ConnectionFactoryImpl.java:443)
	at org.postgresql.core.v3.ConnectionFactoryImpl.openConnectionImpl(ConnectionFactoryImpl.java:217)
	at org.postgresql.core.ConnectionFactory.openConnection(ConnectionFactory.java:51)
	at org.postgresql.jdbc.PgConnection.&lt;init&gt;(PgConnection.java:215)
	at org.postgresql.Driver.makeConnection(Driver.java:404)
	at org.postgresql.Driver.connect(Driver.java:272)
	at org.hibernate.engine.jdbc.connections.internal.DriverConnectionCreator.makeConnection(DriverConnectionCreator.java:38)
</error>
  </testcase>
  <testcase classname="login.TestLoginActionController" name="testIfTheLoginUserDistributionFunctionIsOkIfAControllerIsLogged" time="1.109">
    <error message="Unable to create requested service [org.hibernate.engine.jdbc.env.spi.JdbcEnvironment]" type="org.hibernate.service.spi.ServiceException">org.hibernate.service.spi.ServiceException: Unable to create requested service [org.hibernate.engine.jdbc.env.spi.JdbcEnvironment]
	at org.hibernate.service.internal.AbstractServiceRegistryImpl.createService(AbstractServiceRegistryImpl.java:267)
	at org.hibernate.service.internal.AbstractServiceRegistryImpl.initializeService(AbstractServiceRegistryImpl.java:231)
	at org.hibernate.service.internal.AbstractServiceRegistryImpl.getService(AbstractServiceRegistryImpl.java:210)
	at org.hibernate.engine.jdbc.internal.JdbcServicesImpl.configure(JdbcServicesImpl.java:51)
	at org.hibernate.boot.registry.internal.StandardServiceRegistryImpl.configureService(StandardServiceRegistryImpl.java:94)
	at org.hibernate.service.internal.AbstractServiceRegistryImpl.initializeService(AbstractServiceRegistryImpl.java:240)
	at org.hibernate.service.internal.AbstractServiceRegistryImpl.getService(AbstractServiceRegistryImpl.java:210)
	at org.hibernate.boot.model.process.spi.MetadataBuildingProcess.handleTypes(MetadataBuildingProcess.java:352)
	at org.hibernate.boot.model.process.spi.MetadataBuildingProcess.complete(MetadataBuildingProcess.java:111)
	at org.hibernate.boot.model.process.spi.MetadataBuildingProcess.build(MetadataBuildingProcess.java:83)
	at org.hibernate.boot.internal.MetadataBuilderImpl.build(MetadataBuilderImpl.java:418)
	at org.hibernate.boot.internal.MetadataBuilderImpl.build(MetadataBuilderImpl.java:87)
	at org.hibernate.cfg.Configuration.buildSessionFactory(Configuration.java:691)
	at org.hibernate.cfg.Configuration.buildSessionFactory(Configuration.java:726)
	at configurations.ConnectHibernate.changeUser(ConnectHibernate.java:66)
	at actions.login.LoginAction.clearAllLoggedUsers(LoginAction.java:111)
	at actions.login.LoginAction.execute(LoginAction.java:67)
	at login.TestLoginActionController.testIfTheLoginUserDistributionFunctionIsOkIfAControllerIsLogged(TestLoginActionController.java:84)
Caused by: org.hibernate.exception.JDBCConnectionException: Error calling Driver#connect
	at org.hibernate.engine.jdbc.connections.internal.BasicConnectionCreator$1$1.convert(BasicConnectionCreator.java:105)
	at org.hibernate.engine.jdbc.connections.internal.BasicConnectionCreator.convertSqlException(BasicConnectionCreator.java:123)
	at org.hibernate.engine.jdbc.connections.internal.DriverConnectionCreator.makeConnection(DriverConnectionCreator.java:41)
	at org.hibernate.engine.jdbc.connections.internal.BasicConnectionCreator.createConnection(BasicConnectionCreator.java:58)
	at org.hibernate.engine.jdbc.connections.internal.PooledConnections.addConnections(PooledConnections.java:123)
	at org.hibernate.engine.jdbc.connections.internal.PooledConnections.&lt;init&gt;(PooledConnections.java:42)
	at org.hibernate.engine.jdbc.connections.internal.PooledConnections.&lt;init&gt;(PooledConnections.java:20)
	at org.hibernate.engine.jdbc.connections.internal.PooledConnections$Builder.build(PooledConnections.java:161)
	at org.hibernate.engine.jdbc.connections.internal.DriverManagerConnectionProviderImpl.buildPool(DriverManagerConnectionProviderImpl.java:109)
	at org.hibernate.engine.jdbc.connections.internal.DriverManagerConnectionProviderImpl.configure(DriverManagerConnectionProviderImpl.java:72)
	at org.hibernate.boot.registry.internal.StandardServiceRegistryImpl.configureService(StandardServiceRegistryImpl.java:94)
	at org.hibernate.service.internal.AbstractServiceRegistryImpl.initializeService(AbstractServiceRegistryImpl.java:240)
	at org.hibernate.service.internal.AbstractServiceRegistryImpl.getService(AbstractServiceRegistryImpl.java:210)
	at org.hibernate.engine.jdbc.env.internal.JdbcEnvironmentInitiator.buildJdbcConnectionAccess(JdbcEnvironmentInitiator.java:145)
	at org.hibernate.engine.jdbc.env.internal.JdbcEnvironmentInitiator.initiateService(JdbcEnvironmentInitiator.java:66)
	at org.hibernate.engine.jdbc.env.internal.JdbcEnvironmentInitiator.initiateService(JdbcEnvironmentInitiator.java:35)
	at org.hibernate.boot.registry.internal.StandardServiceRegistryImpl.initiateService(StandardServiceRegistryImpl.java:88)
	at org.hibernate.service.internal.AbstractServiceRegistryImpl.createService(AbstractServiceRegistryImpl.java:257)
	at org.hibernate.service.internal.AbstractServiceRegistryImpl.initializeService(AbstractServiceRegistryImpl.java:231)
	at org.hibernate.service.internal.AbstractServiceRegistryImpl.getService(AbstractServiceRegistryImpl.java:210)
	at org.hibernate.engine.jdbc.internal.JdbcServicesImpl.configure(JdbcServicesImpl.java:51)
	at org.hibernate.boot.registry.internal.StandardServiceRegistryImpl.configureService(StandardServiceRegistryImpl.java:94)
	at org.hibernate.service.internal.AbstractServiceRegistryImpl.initializeService(AbstractServiceRegistryImpl.java:240)
	at org.hibernate.service.internal.AbstractServiceRegistryImpl.getService(AbstractServiceRegistryImpl.java:210)
	at org.hibernate.boot.model.process.spi.MetadataBuildingProcess.handleTypes(MetadataBuildingProcess.java:352)
	at org.hibernate.boot.model.process.spi.MetadataBuildingProcess.complete(MetadataBuildingProcess.java:111)
	at org.hibernate.boot.model.process.spi.MetadataBuildingProcess.build(MetadataBuildingProcess.java:83)
	at org.hibernate.boot.internal.MetadataBuilderImpl.build(MetadataBuilderImpl.java:418)
	at org.hibernate.boot.internal.MetadataBuilderImpl.build(MetadataBuilderImpl.java:87)
	at org.hibernate.cfg.Configuration.buildSessionFactory(Configuration.java:691)
	at org.hibernate.cfg.Configuration.buildSessionFactory(Configuration.java:726)
	at configurations.ConnectHibernate.changeUser(ConnectHibernate.java:66)
	at actions.login.LoginAction.clearAllLoggedUsers(LoginAction.java:111)
	at actions.login.LoginAction.execute(LoginAction.java:67)
	at actions.login.LoginAction$$EnhancerByMockitoWithCGLIB$$b5d95d58.CGLIB$execute$1(&lt;generated&gt;)
	at actions.login.LoginAction$$EnhancerByMockitoWithCGLIB$$b5d95d58$$FastClassByMockitoWithCGLIB$$c39a1bbf.invoke(&lt;generated&gt;)
	at org.mockito.cglib.proxy.MethodProxy.invokeSuper(MethodProxy.java:216)
	at org.mockito.internal.creation.cglib.DelegatingMockitoMethodProxy.invokeSuper(DelegatingMockitoMethodProxy.java:19)
	at org.mockito.internal.invocation.realmethod.DefaultRealMethod.invoke(DefaultRealMethod.java:21)
	at org.mockito.internal.invocation.realmethod.CleanTraceRealMethod.invoke(CleanTraceRealMethod.java:30)
	at org.mockito.internal.invocation.InvocationImpl.callRealMethod(InvocationImpl.java:112)
	at org.mockito.internal.stubbing.answers.CallsRealMethods.answer(CallsRealMethods.java:41)
	at org.mockito.internal.handler.MockHandlerImpl.handle(MockHandlerImpl.java:93)
	at org.mockito.internal.handler.NullResultGuardian.handle(NullResultGuardian.java:29)
	at org.mockito.internal.handler.InvocationNotifierHandler.handle(InvocationNotifierHandler.java:38)
	at org.mockito.internal.creation.cglib.MethodInterceptorFilter.intercept(MethodInterceptorFilter.java:59)
	at actions.login.LoginAction$$EnhancerByMockitoWithCGLIB$$b5d95d58.execute(&lt;generated&gt;)
Caused by: org.postgresql.util.PSQLException: FATAL: la autentificación password falló para el usuario «admin» (pgjdbc: autodetected server-encoding to be ISO8859_1, if the message is not readable, please check database logs and/or host, port, dbname, user, password, pg_hba.conf)
	at org.postgresql.core.v3.ConnectionFactoryImpl.doAuthentication(ConnectionFactoryImpl.java:443)
	at org.postgresql.core.v3.ConnectionFactoryImpl.openConnectionImpl(ConnectionFactoryImpl.java:217)
	at org.postgresql.core.ConnectionFactory.openConnection(ConnectionFactory.java:51)
	at org.postgresql.jdbc.PgConnection.&lt;init&gt;(PgConnection.java:215)
	at org.postgresql.Driver.makeConnection(Driver.java:404)
	at org.postgresql.Driver.connect(Driver.java:272)
	at org.hibernate.engine.jdbc.connections.internal.DriverConnectionCreator.makeConnection(DriverConnectionCreator.java:38)
</error>
  </testcase>
  <testcase classname="passengerMenu.TestAllFlightsAction" name="checkIfTheRedirectionIsMadeInAGooWay" time="0.385" />
  <testcase classname="passengerMenu.TestAllFlightsAction" name="checkIfTheFlightsAreLoaded" time="0.378" />
  <testcase classname="passengerMenu.TestBookAFlightAction" name="checkIfTheDataIsFilled" time="0.299">
    <error type="java.lang.NullPointerException">java.lang.NullPointerException
	at actions.passengerMenu.BookAFlightAction.fillDataWithSessionPassanger(BookAFlightAction.java:70)
	at actions.passengerMenu.BookAFlightAction.execute(BookAFlightAction.java:59)
	at passengerMenu.TestBookAFlightAction.checkIfTheDataIsFilled(TestBookAFlightAction.java:72)
</error>
  </testcase>
  <testcase classname="passengerMenu.TestBookAFlightAction" name="checkIfTheRedirectionIsOk" time="0.309">
    <error type="java.lang.NullPointerException">java.lang.NullPointerException
	at actions.passengerMenu.BookAFlightAction.fillDataWithSessionPassanger(BookAFlightAction.java:70)
	at actions.passengerMenu.BookAFlightAction.execute(BookAFlightAction.java:59)
	at passengerMenu.TestBookAFlightAction.checkIfTheRedirectionIsOk(TestBookAFlightAction.java:84)
</error>
  </testcase>
  <testcase classname="passengerMenu.TestBookAFlightFinishAction" name="testGettersAndSetters" time="0.001" />
  <testcase classname="passengerMenu.TestBookAFlightFinishAction" name="checkIfTheRedirectionOfThePageIsOKWithExistingFlight" time="0.626" />
  <testcase classname="passengerMenu.TestMyFightsAction" name="checkTheFlightLoadingAndRedirection" time="0.316">
    <error type="java.lang.NullPointerException">java.lang.NullPointerException
	at actions.passengerMenu.MyFlightsAction.execute(MyFlightsAction.java:43)
	at passengerMenu.TestMyFightsAction.checkTheFlightLoadingAndRedirection(TestMyFightsAction.java:70)
</error>
  </testcase>
  <testcase classname="passengerMenu.TestMyProfileAction" name="redirectionIsOk" time="0.327">
    <error type="java.lang.NullPointerException">java.lang.NullPointerException
	at actions.passengerMenu.MyProfileAction.loadLoggedPassangerAtributes(MyProfileAction.java:85)
	at actions.passengerMenu.MyProfileAction.execute(MyProfileAction.java:69)
	at passengerMenu.TestMyProfileAction.redirectionIsOk(TestMyProfileAction.java:90)
</error>
  </testcase>
  <testcase classname="passengerMenu.TestMyProfileAction" name="testIfTheAtributeIsFilled" time="0.3">
    <error type="java.lang.NullPointerException">java.lang.NullPointerException
	at actions.passengerMenu.MyProfileAction.loadLoggedPassangerAtributes(MyProfileAction.java:85)
	at actions.passengerMenu.MyProfileAction.execute(MyProfileAction.java:69)
	at passengerMenu.TestMyProfileAction.testIfTheAtributeIsFilled(TestMyProfileAction.java:70)
</error>
  </testcase>
  <testcase classname="passengerMenu.TestMyProfileSaveChangesAction" name="testGettersAndSetters" time="0.317" />
  <testcase classname="passengerMenu.TestMyProfileSaveChangesAction" name="redirectionIsOk" time="0.29">
    <error type="java.lang.NullPointerException">java.lang.NullPointerException
	at actions.passengerMenu.MyProfileSaveChagesAction.createPassangerObject(MyProfileSaveChagesAction.java:83)
	at actions.passengerMenu.MyProfileSaveChagesAction.execute(MyProfileSaveChagesAction.java:66)
	at passengerMenu.TestMyProfileSaveChangesAction.redirectionIsOk(TestMyProfileSaveChangesAction.java:102)
</error>
  </testcase>
  <testcase classname="passengerMenu.TestMyProfileSaveChangesAction" name="testIfTheAtributeIsFilled" time="0.313" />
  <testcase classname="register.TestRegisterAction" name="checkIfTheRedirectionIsOk" time="0.546">
    <failure message="The redirection was NOT OK expected:&lt;[emailError]&gt; but was:&lt;[login]&gt;" type="junit.framework.AssertionFailedError">junit.framework.AssertionFailedError: The redirection was NOT OK expected:&lt;[emailError]&gt; but was:&lt;[login]&gt;
	at register.TestRegisterAction.checkIfTheRedirectionIsOk(TestRegisterAction.java:54)
</failure>
  </testcase>
  <testcase classname="register.TestRegisterAction" name="testFunctionCreateDirectionObject" time="0.0" />
  <testcase classname="register.TestRegisterAction" name="testFunctionCreatePassangerObject" time="0.0" />
  <system-out><![CDATA[Hibernate: select airplane0_.airplaneId as airplane1_2_, airplane0_.airline_airlineId as airline12_2_, airplane0_.airport_airportId as airport13_2_, airplane0_.currentRegistration as currentR2_2_, airplane0_.deliberyDate as delibery3_2_, airplane0_.engineModel as engineMo4_2_, airplane0_.hoursOfFlight as hoursOfF5_2_, airplane0_.lineNumber as lineNumb6_2_, airplane0_.name as name7_2_, airplane0_.numberOfFlights as numberOf8_2_, airplane0_.operatorOwner as operator9_2_, airplane0_.planePosition_planePositionId as planePo14_2_, airplane0_.serialNumb as serialN10_2_, airplane0_.status as status11_2_ from Airplane airplane0_ where airplane0_.airplaneId=9
Hibernate: select photolist1_.photoId as photoId1_3_, photolist1_.photo as photo2_3_, photolist1_.photoDate as photoDat3_3_, photolist1_.photographer as photogra4_3_ from Airplane airplane0_ inner join AirplanePhoto photolist1_ on airplane0_.airplaneId=photolist1_.AIRPLANE_ID where airplaneId=9
Hibernate: select airlineman0_.airlineManagerId as airlineM1_1_, airlineman0_.airline_airlineId as airline12_1_, airlineman0_.birthDate as birthDat2_1_, airlineman0_.direction_directionId as directi13_1_, airlineman0_.dni_passport as dni_pass3_1_, airlineman0_.email as email4_1_, airlineman0_.firstName as firstNam5_1_, airlineman0_.homeTlf as homeTlf6_1_, airlineman0_.lastName1 as lastName7_1_, airlineman0_.lastName2 as lastName8_1_, airlineman0_.movileTlf as movileTl9_1_, airlineman0_.password as passwor10_1_, airlineman0_.username as usernam11_1_ from AirlineManager airlineman0_ where airlineman0_.password='arizz' and airlineman0_.username='arizz'
Hibernate: select airplane0_.airplaneId as airplane1_2_, airplane0_.airline_airlineId as airline12_2_, airplane0_.airport_airportId as airport13_2_, airplane0_.currentRegistration as currentR2_2_, airplane0_.deliberyDate as delibery3_2_, airplane0_.engineModel as engineMo4_2_, airplane0_.hoursOfFlight as hoursOfF5_2_, airplane0_.lineNumber as lineNumb6_2_, airplane0_.name as name7_2_, airplane0_.numberOfFlights as numberOf8_2_, airplane0_.operatorOwner as operator9_2_, airplane0_.planePosition_planePositionId as planePo14_2_, airplane0_.serialNumb as serialN10_2_, airplane0_.status as status11_2_ from Airplane airplane0_ where airplane0_.airplaneId=1
Hibernate: select airline0_.airlineId as airlineI1_0_0_, airline0_.description as descript2_0_0_, airline0_.name as name3_0_0_ from Airline airline0_ where airline0_.airlineId=?
Hibernate: select airport0_.airportId as airportI1_4_0_, airport0_.name as name2_4_0_ from Airport airport0_ where airport0_.airportId=?
Hibernate: select planeposit0_.planePositionId as planePos1_12_0_, planeposit0_.description as descript2_12_0_ from PlanePosition planeposit0_ where planeposit0_.planePositionId=?
Hibernate: select cotrollerl0_.airplaneList_airplaneId as airplane1_7_0_, cotrollerl0_.cotrollerList_airportControllerId as cotrolle2_7_0_, airportcon1_.airportControllerId as airportC1_5_1_, airportcon1_.airport_airportId as airport12_5_1_, airportcon1_.birthDate as birthDat2_5_1_, airportcon1_.direction_directionId as directi13_5_1_, airportcon1_.dni_passport as dni_pass3_5_1_, airportcon1_.email as email4_5_1_, airportcon1_.firstName as firstNam5_5_1_, airportcon1_.homeTlf as homeTlf6_5_1_, airportcon1_.lastName1 as lastName7_5_1_, airportcon1_.lastName2 as lastName8_5_1_, airportcon1_.movileTlf as movileTl9_5_1_, airportcon1_.password as passwor10_5_1_, airportcon1_.username as usernam11_5_1_, airport2_.airportId as airportI1_4_2_, airport2_.name as name2_4_2_, direction3_.directionId as directio1_9_3_, direction3_.address as address2_9_3_, direction3_.city as city3_9_3_, direction3_.codPost as codPost4_9_3_, direction3_.state as state5_9_3_ from ControlAirplane cotrollerl0_ inner join AirportController airportcon1_ on cotrollerl0_.cotrollerList_airportControllerId=airportcon1_.airportControllerId left outer join Airport airport2_ on airportcon1_.airport_airportId=airport2_.airportId left outer join Direction direction3_ on airportcon1_.direction_directionId=direction3_.directionId where cotrollerl0_.airplaneList_airplaneId=?
Hibernate: select photolist0_.AIRPLANE_ID as AIRPLANE5_3_0_, photolist0_.photoId as photoId1_3_0_, photolist0_.photoId as photoId1_3_1_, photolist0_.photo as photo2_3_1_, photolist0_.photoDate as photoDat3_3_1_, photolist0_.photographer as photogra4_3_1_ from AirplanePhoto photolist0_ where photolist0_.AIRPLANE_ID=?
Hibernate: delete from Airplane where airplaneId=?
Hibernate: select airplane0_.airplaneId as airplane1_2_, airplane0_.airline_airlineId as airline12_2_, airplane0_.airport_airportId as airport13_2_, airplane0_.currentRegistration as currentR2_2_, airplane0_.deliberyDate as delibery3_2_, airplane0_.engineModel as engineMo4_2_, airplane0_.hoursOfFlight as hoursOfF5_2_, airplane0_.lineNumber as lineNumb6_2_, airplane0_.name as name7_2_, airplane0_.numberOfFlights as numberOf8_2_, airplane0_.operatorOwner as operator9_2_, airplane0_.planePosition_planePositionId as planePo14_2_, airplane0_.serialNumb as serialN10_2_, airplane0_.status as status11_2_ from Airplane airplane0_ where airplane0_.airplaneId=9
Hibernate: select airlineman0_.airlineManagerId as airlineM1_1_, airlineman0_.airline_airlineId as airline12_1_, airlineman0_.birthDate as birthDat2_1_, airlineman0_.direction_directionId as directi13_1_, airlineman0_.dni_passport as dni_pass3_1_, airlineman0_.email as email4_1_, airlineman0_.firstName as firstNam5_1_, airlineman0_.homeTlf as homeTlf6_1_, airlineman0_.lastName1 as lastName7_1_, airlineman0_.lastName2 as lastName8_1_, airlineman0_.movileTlf as movileTl9_1_, airlineman0_.password as passwor10_1_, airlineman0_.username as usernam11_1_ from AirlineManager airlineman0_ where airlineman0_.password='arizz' and airlineman0_.username='arizz'
Hibernate: select airlineman0_.airlineManagerId as airlineM1_1_, airlineman0_.airline_airlineId as airline12_1_, airlineman0_.birthDate as birthDat2_1_, airlineman0_.direction_directionId as directi13_1_, airlineman0_.dni_passport as dni_pass3_1_, airlineman0_.email as email4_1_, airlineman0_.firstName as firstNam5_1_, airlineman0_.homeTlf as homeTlf6_1_, airlineman0_.lastName1 as lastName7_1_, airlineman0_.lastName2 as lastName8_1_, airlineman0_.movileTlf as movileTl9_1_, airlineman0_.password as passwor10_1_, airlineman0_.username as usernam11_1_ from AirlineManager airlineman0_ where airlineman0_.password='c' and airlineman0_.username='a'
Hibernate: select airlineman0_.airlineManagerId as airlineM1_1_, airlineman0_.airline_airlineId as airline12_1_, airlineman0_.birthDate as birthDat2_1_, airlineman0_.direction_directionId as directi13_1_, airlineman0_.dni_passport as dni_pass3_1_, airlineman0_.email as email4_1_, airlineman0_.firstName as firstNam5_1_, airlineman0_.homeTlf as homeTlf6_1_, airlineman0_.lastName1 as lastName7_1_, airlineman0_.lastName2 as lastName8_1_, airlineman0_.movileTlf as movileTl9_1_, airlineman0_.password as passwor10_1_, airlineman0_.username as usernam11_1_ from AirlineManager airlineman0_ where airlineman0_.password='arizz' and airlineman0_.username='arizz'
Hibernate: select airplane0_.airplaneId as airplane1_2_, airplane0_.airline_airlineId as airline12_2_, airplane0_.airport_airportId as airport13_2_, airplane0_.currentRegistration as currentR2_2_, airplane0_.deliberyDate as delibery3_2_, airplane0_.engineModel as engineMo4_2_, airplane0_.hoursOfFlight as hoursOfF5_2_, airplane0_.lineNumber as lineNumb6_2_, airplane0_.name as name7_2_, airplane0_.numberOfFlights as numberOf8_2_, airplane0_.operatorOwner as operator9_2_, airplane0_.planePosition_planePositionId as planePo14_2_, airplane0_.serialNumb as serialN10_2_, airplane0_.status as status11_2_ from Airplane airplane0_ where airplane0_.airplaneId=1
Hibernate: select airline0_.airlineId as airlineI1_0_0_, airline0_.description as descript2_0_0_, airline0_.name as name3_0_0_ from Airline airline0_ where airline0_.airlineId=?
Hibernate: select airport0_.airportId as airportI1_4_0_, airport0_.name as name2_4_0_ from Airport airport0_ where airport0_.airportId=?
Hibernate: select planeposit0_.planePositionId as planePos1_12_0_, planeposit0_.description as descript2_12_0_ from PlanePosition planeposit0_ where planeposit0_.planePositionId=?
Hibernate: select cotrollerl0_.airplaneList_airplaneId as airplane1_7_0_, cotrollerl0_.cotrollerList_airportControllerId as cotrolle2_7_0_, airportcon1_.airportControllerId as airportC1_5_1_, airportcon1_.airport_airportId as airport12_5_1_, airportcon1_.birthDate as birthDat2_5_1_, airportcon1_.direction_directionId as directi13_5_1_, airportcon1_.dni_passport as dni_pass3_5_1_, airportcon1_.email as email4_5_1_, airportcon1_.firstName as firstNam5_5_1_, airportcon1_.homeTlf as homeTlf6_5_1_, airportcon1_.lastName1 as lastName7_5_1_, airportcon1_.lastName2 as lastName8_5_1_, airportcon1_.movileTlf as movileTl9_5_1_, airportcon1_.password as passwor10_5_1_, airportcon1_.username as usernam11_5_1_, airport2_.airportId as airportI1_4_2_, airport2_.name as name2_4_2_, direction3_.directionId as directio1_9_3_, direction3_.address as address2_9_3_, direction3_.city as city3_9_3_, direction3_.codPost as codPost4_9_3_, direction3_.state as state5_9_3_ from ControlAirplane cotrollerl0_ inner join AirportController airportcon1_ on cotrollerl0_.cotrollerList_airportControllerId=airportcon1_.airportControllerId left outer join Airport airport2_ on airportcon1_.airport_airportId=airport2_.airportId left outer join Direction direction3_ on airportcon1_.direction_directionId=direction3_.directionId where cotrollerl0_.airplaneList_airplaneId=?
Hibernate: select photolist0_.AIRPLANE_ID as AIRPLANE5_3_0_, photolist0_.photoId as photoId1_3_0_, photolist0_.photoId as photoId1_3_1_, photolist0_.photo as photo2_3_1_, photolist0_.photoDate as photoDat3_3_1_, photolist0_.photographer as photogra4_3_1_ from AirplanePhoto photolist0_ where photolist0_.AIRPLANE_ID=?
Hibernate: delete from Airplane where airplaneId=?
Hibernate: select airplane0_.airplaneId as airplane1_2_, airplane0_.airline_airlineId as airline12_2_, airplane0_.airport_airportId as airport13_2_, airplane0_.currentRegistration as currentR2_2_, airplane0_.deliberyDate as delibery3_2_, airplane0_.engineModel as engineMo4_2_, airplane0_.hoursOfFlight as hoursOfF5_2_, airplane0_.lineNumber as lineNumb6_2_, airplane0_.name as name7_2_, airplane0_.numberOfFlights as numberOf8_2_, airplane0_.operatorOwner as operator9_2_, airplane0_.planePosition_planePositionId as planePo14_2_, airplane0_.serialNumb as serialN10_2_, airplane0_.status as status11_2_ from Airplane airplane0_ where airplane0_.airplaneId=9
Hibernate: SELECT airpl.* FROM (airlinemanager man join airline air on man.airline_airlineid=air.airlineid)join airplane airpl on airpl.airline_airlineid=air.airlineid WHERE man.airlinemanagerid=1
Hibernate: select airportcon0_.airportControllerId as airportC1_5_, airportcon0_.airport_airportId as airport12_5_, airportcon0_.birthDate as birthDat2_5_, airportcon0_.direction_directionId as directi13_5_, airportcon0_.dni_passport as dni_pass3_5_, airportcon0_.email as email4_5_, airportcon0_.firstName as firstNam5_5_, airportcon0_.homeTlf as homeTlf6_5_, airportcon0_.lastName1 as lastName7_5_, airportcon0_.lastName2 as lastName8_5_, airportcon0_.movileTlf as movileTl9_5_, airportcon0_.password as passwor10_5_, airportcon0_.username as usernam11_5_ from AirportController airportcon0_ where airportcon0_.password='123' and airportcon0_.username='irati'
Hibernate: select airport0_.airportId as airportI1_4_0_, airport0_.name as name2_4_0_ from Airport airport0_ where airport0_.airportId=?
Hibernate: select direction0_.directionId as directio1_9_0_, direction0_.address as address2_9_0_, direction0_.city as city3_9_0_, direction0_.codPost as codPost4_9_0_, direction0_.state as state5_9_0_ from Direction direction0_ where direction0_.directionId=?
Hibernate: select nextval ('hibernate_sequence')
Hibernate: insert into Passanger (birthDate, direction_directionId, dni_passport, email, firstName, homeTlf, lastName1, lastName2, movileTlf, password, username, passangerId) values (?, ?, ?, ?, ?, ?, ?, ?, ?, ?, ?, ?)
Hibernate: select nextval ('hibernate_sequence')
Hibernate: select flight2_.flightId as flightId1_10_, flight2_.airplane_airplaneId as airplane8_10_, flight2_.arrivalDate as arrivalD2_10_, flight2_.arrivalGate as arrivalG3_10_, flight2_.arrivalTerminal as arrivalT4_10_, flight2_.arriveAirport_airportId as arriveAi9_10_, flight2_.departAirport_airportId as departA10_10_, flight2_.departureDate as departur5_10_, flight2_.departureGate as departur6_10_, flight2_.departureTerminal as departur7_10_ from Passanger passanger0_ inner join booking flightlist1_ on passanger0_.passangerId=flightlist1_.passengerId inner join Flight flight2_ on flightlist1_.flightId=flight2_.flightId where passanger0_.passangerId=1
Hibernate: select airplane0_.airplaneId as airplane1_2_0_, airplane0_.airline_airlineId as airline12_2_0_, airplane0_.airport_airportId as airport13_2_0_, airplane0_.currentRegistration as currentR2_2_0_, airplane0_.deliberyDate as delibery3_2_0_, airplane0_.engineModel as engineMo4_2_0_, airplane0_.hoursOfFlight as hoursOfF5_2_0_, airplane0_.lineNumber as lineNumb6_2_0_, airplane0_.name as name7_2_0_, airplane0_.numberOfFlights as numberOf8_2_0_, airplane0_.operatorOwner as operator9_2_0_, airplane0_.planePosition_planePositionId as planePo14_2_0_, airplane0_.serialNumb as serialN10_2_0_, airplane0_.status as status11_2_0_, airline1_.airlineId as airlineI1_0_1_, airline1_.description as descript2_0_1_, airline1_.name as name3_0_1_, airport2_.airportId as airportI1_4_2_, airport2_.name as name2_4_2_, planeposit3_.planePositionId as planePos1_12_3_, planeposit3_.description as descript2_12_3_ from Airplane airplane0_ left outer join Airline airline1_ on airplane0_.airline_airlineId=airline1_.airlineId left outer join Airport airport2_ on airplane0_.airport_airportId=airport2_.airportId left outer join PlanePosition planeposit3_ on airplane0_.planePosition_planePositionId=planeposit3_.planePositionId where airplane0_.airplaneId=?
Hibernate: select airport0_.airportId as airportI1_4_0_, airport0_.name as name2_4_0_ from Airport airport0_ where airport0_.airportId=?
Hibernate: select passangerl0_.flightId as flightId2_6_0_, passangerl0_.passengerId as passenge1_6_0_, passanger1_.passangerId as passange1_11_1_, passanger1_.birthDate as birthDat2_11_1_, passanger1_.direction_directionId as directi12_11_1_, passanger1_.dni_passport as dni_pass3_11_1_, passanger1_.email as email4_11_1_, passanger1_.firstName as firstNam5_11_1_, passanger1_.homeTlf as homeTlf6_11_1_, passanger1_.lastName1 as lastName7_11_1_, passanger1_.lastName2 as lastName8_11_1_, passanger1_.movileTlf as movileTl9_11_1_, passanger1_.password as passwor10_11_1_, passanger1_.username as usernam11_11_1_, direction2_.directionId as directio1_9_2_, direction2_.address as address2_9_2_, direction2_.city as city3_9_2_, direction2_.codPost as codPost4_9_2_, direction2_.state as state5_9_2_ from booking passangerl0_ inner join Passanger passanger1_ on passangerl0_.passengerId=passanger1_.passangerId left outer join Direction direction2_ on passanger1_.direction_directionId=direction2_.directionId where passangerl0_.flightId=?
Hibernate: select flightlist0_.passengerId as passenge1_6_0_, flightlist0_.flightId as flightId2_6_0_, flight1_.flightId as flightId1_10_1_, flight1_.airplane_airplaneId as airplane8_10_1_, flight1_.arrivalDate as arrivalD2_10_1_, flight1_.arrivalGate as arrivalG3_10_1_, flight1_.arrivalTerminal as arrivalT4_10_1_, flight1_.arriveAirport_airportId as arriveAi9_10_1_, flight1_.departAirport_airportId as departA10_10_1_, flight1_.departureDate as departur5_10_1_, flight1_.departureGate as departur6_10_1_, flight1_.departureTerminal as departur7_10_1_, airplane2_.airplaneId as airplane1_2_2_, airplane2_.airline_airlineId as airline12_2_2_, airplane2_.airport_airportId as airport13_2_2_, airplane2_.currentRegistration as currentR2_2_2_, airplane2_.deliberyDate as delibery3_2_2_, airplane2_.engineModel as engineMo4_2_2_, airplane2_.hoursOfFlight as hoursOfF5_2_2_, airplane2_.lineNumber as lineNumb6_2_2_, airplane2_.name as name7_2_2_, airplane2_.numberOfFlights as numberOf8_2_2_, airplane2_.operatorOwner as operator9_2_2_, airplane2_.planePosition_planePositionId as planePo14_2_2_, airplane2_.serialNumb as serialN10_2_2_, airplane2_.status as status11_2_2_, airline3_.airlineId as airlineI1_0_3_, airline3_.description as descript2_0_3_, airline3_.name as name3_0_3_, airport4_.airportId as airportI1_4_4_, airport4_.name as name2_4_4_, planeposit5_.planePositionId as planePos1_12_5_, planeposit5_.description as descript2_12_5_, airport6_.airportId as airportI1_4_6_, airport6_.name as name2_4_6_, airport7_.airportId as airportI1_4_7_, airport7_.name as name2_4_7_ from booking flightlist0_ inner join Flight flight1_ on flightlist0_.flightId=flight1_.flightId left outer join Airplane airplane2_ on flight1_.airplane_airplaneId=airplane2_.airplaneId left outer join Airline airline3_ on airplane2_.airline_airlineId=airline3_.airlineId left outer join Airport airport4_ on airplane2_.airport_airportId=airport4_.airportId left outer join PlanePosition planeposit5_ on airplane2_.planePosition_planePositionId=planeposit5_.planePositionId left outer join Airport airport6_ on flight1_.arriveAirport_airportId=airport6_.airportId left outer join Airport airport7_ on flight1_.departAirport_airportId=airport7_.airportId where flightlist0_.passengerId=?
Hibernate: update Passanger set firstName='a', lastName1='a', lastName2='a', dni_passport='a', homeTlf='a', movileTlf='a', email='null', birthDate='Fri Jan 01 00:00:00 CET 2010', username='a', password='a' where passangerId=376
Hibernate: select passanger0_.passangerId as passange1_11_, passanger0_.birthDate as birthDat2_11_, passanger0_.direction_directionId as directi12_11_, passanger0_.dni_passport as dni_pass3_11_, passanger0_.email as email4_11_, passanger0_.firstName as firstNam5_11_, passanger0_.homeTlf as homeTlf6_11_, passanger0_.lastName1 as lastName7_11_, passanger0_.lastName2 as lastName8_11_, passanger0_.movileTlf as movileTl9_11_, passanger0_.password as passwor10_11_, passanger0_.username as usernam11_11_ from Passanger passanger0_ where passanger0_.password='ane95' and passanger0_.username='123'
Hibernate: select passanger0_.passangerId as passange1_11_, passanger0_.birthDate as birthDat2_11_, passanger0_.direction_directionId as directi12_11_, passanger0_.dni_passport as dni_pass3_11_, passanger0_.email as email4_11_, passanger0_.firstName as firstNam5_11_, passanger0_.homeTlf as homeTlf6_11_, passanger0_.lastName1 as lastName7_11_, passanger0_.lastName2 as lastName8_11_, passanger0_.movileTlf as movileTl9_11_, passanger0_.password as passwor10_11_, passanger0_.username as usernam11_11_ from Passanger passanger0_ where passanger0_.password='arizz' and passanger0_.username='arizz'
Hibernate: select airportcon0_.airportControllerId as airportC1_5_, airportcon0_.airport_airportId as airport12_5_, airportcon0_.birthDate as birthDat2_5_, airportcon0_.direction_directionId as directi13_5_, airportcon0_.dni_passport as dni_pass3_5_, airportcon0_.email as email4_5_, airportcon0_.firstName as firstNam5_5_, airportcon0_.homeTlf as homeTlf6_5_, airportcon0_.lastName1 as lastName7_5_, airportcon0_.lastName2 as lastName8_5_, airportcon0_.movileTlf as movileTl9_5_, airportcon0_.password as passwor10_5_, airportcon0_.username as usernam11_5_ from AirportController airportcon0_ where airportcon0_.password='arizz' and airportcon0_.username='arizz'
Hibernate: select airlineman0_.airlineManagerId as airlineM1_1_, airlineman0_.airline_airlineId as airline12_1_, airlineman0_.birthDate as birthDat2_1_, airlineman0_.direction_directionId as directi13_1_, airlineman0_.dni_passport as dni_pass3_1_, airlineman0_.email as email4_1_, airlineman0_.firstName as firstNam5_1_, airlineman0_.homeTlf as homeTlf6_1_, airlineman0_.lastName1 as lastName7_1_, airlineman0_.lastName2 as lastName8_1_, airlineman0_.movileTlf as movileTl9_1_, airlineman0_.password as passwor10_1_, airlineman0_.username as usernam11_1_ from AirlineManager airlineman0_ where airlineman0_.password='arizz' and airlineman0_.username='arizz'
Hibernate: select passanger0_.passangerId as passange1_11_, passanger0_.birthDate as birthDat2_11_, passanger0_.direction_directionId as directi12_11_, passanger0_.dni_passport as dni_pass3_11_, passanger0_.email as email4_11_, passanger0_.firstName as firstNam5_11_, passanger0_.homeTlf as homeTlf6_11_, passanger0_.lastName1 as lastName7_11_, passanger0_.lastName2 as lastName8_11_, passanger0_.movileTlf as movileTl9_11_, passanger0_.password as passwor10_11_, passanger0_.username as usernam11_11_ from Passanger passanger0_ where passanger0_.password='123' and passanger0_.username='jaure'
Hibernate: select direction0_.directionId as directio1_9_0_, direction0_.address as address2_9_0_, direction0_.city as city3_9_0_, direction0_.codPost as codPost4_9_0_, direction0_.state as state5_9_0_ from Direction direction0_ where direction0_.directionId=?
Hibernate: select flightlist0_.passengerId as passenge1_6_0_, flightlist0_.flightId as flightId2_6_0_, flight1_.flightId as flightId1_10_1_, flight1_.airplane_airplaneId as airplane8_10_1_, flight1_.arrivalDate as arrivalD2_10_1_, flight1_.arrivalGate as arrivalG3_10_1_, flight1_.arrivalTerminal as arrivalT4_10_1_, flight1_.arriveAirport_airportId as arriveAi9_10_1_, flight1_.departAirport_airportId as departA10_10_1_, flight1_.departureDate as departur5_10_1_, flight1_.departureGate as departur6_10_1_, flight1_.departureTerminal as departur7_10_1_, airplane2_.airplaneId as airplane1_2_2_, airplane2_.airline_airlineId as airline12_2_2_, airplane2_.airport_airportId as airport13_2_2_, airplane2_.currentRegistration as currentR2_2_2_, airplane2_.deliberyDate as delibery3_2_2_, airplane2_.engineModel as engineMo4_2_2_, airplane2_.hoursOfFlight as hoursOfF5_2_2_, airplane2_.lineNumber as lineNumb6_2_2_, airplane2_.name as name7_2_2_, airplane2_.numberOfFlights as numberOf8_2_2_, airplane2_.operatorOwner as operator9_2_2_, airplane2_.planePosition_planePositionId as planePo14_2_2_, airplane2_.serialNumb as serialN10_2_2_, airplane2_.status as status11_2_2_, airline3_.airlineId as airlineI1_0_3_, airline3_.description as descript2_0_3_, airline3_.name as name3_0_3_, airport4_.airportId as airportI1_4_4_, airport4_.name as name2_4_4_, planeposit5_.planePositionId as planePos1_12_5_, planeposit5_.description as descript2_12_5_, airport6_.airportId as airportI1_4_6_, airport6_.name as name2_4_6_, airport7_.airportId as airportI1_4_7_, airport7_.name as name2_4_7_ from booking flightlist0_ inner join Flight flight1_ on flightlist0_.flightId=flight1_.flightId left outer join Airplane airplane2_ on flight1_.airplane_airplaneId=airplane2_.airplaneId left outer join Airline airline3_ on airplane2_.airline_airlineId=airline3_.airlineId left outer join Airport airport4_ on airplane2_.airport_airportId=airport4_.airportId left outer join PlanePosition planeposit5_ on airplane2_.planePosition_planePositionId=planeposit5_.planePositionId left outer join Airport airport6_ on flight1_.arriveAirport_airportId=airport6_.airportId left outer join Airport airport7_ on flight1_.departAirport_airportId=airport7_.airportId where flightlist0_.passengerId=?
Hibernate: select passangerl0_.flightId as flightId2_6_0_, passangerl0_.passengerId as passenge1_6_0_, passanger1_.passangerId as passange1_11_1_, passanger1_.birthDate as birthDat2_11_1_, passanger1_.direction_directionId as directi12_11_1_, passanger1_.dni_passport as dni_pass3_11_1_, passanger1_.email as email4_11_1_, passanger1_.firstName as firstNam5_11_1_, passanger1_.homeTlf as homeTlf6_11_1_, passanger1_.lastName1 as lastName7_11_1_, passanger1_.lastName2 as lastName8_11_1_, passanger1_.movileTlf as movileTl9_11_1_, passanger1_.password as passwor10_11_1_, passanger1_.username as usernam11_11_1_, direction2_.directionId as directio1_9_2_, direction2_.address as address2_9_2_, direction2_.city as city3_9_2_, direction2_.codPost as codPost4_9_2_, direction2_.state as state5_9_2_ from booking passangerl0_ inner join Passanger passanger1_ on passangerl0_.passengerId=passanger1_.passangerId left outer join Direction direction2_ on passanger1_.direction_directionId=direction2_.directionId where passangerl0_.flightId=?
Hibernate: select airportcon0_.airportControllerId as airportC1_5_, airportcon0_.airport_airportId as airport12_5_, airportcon0_.birthDate as birthDat2_5_, airportcon0_.direction_directionId as directi13_5_, airportcon0_.dni_passport as dni_pass3_5_, airportcon0_.email as email4_5_, airportcon0_.firstName as firstNam5_5_, airportcon0_.homeTlf as homeTlf6_5_, airportcon0_.lastName1 as lastName7_5_, airportcon0_.lastName2 as lastName8_5_, airportcon0_.movileTlf as movileTl9_5_, airportcon0_.password as passwor10_5_, airportcon0_.username as usernam11_5_ from AirportController airportcon0_ where airportcon0_.password='123' and airportcon0_.username='jaure'
Hibernate: select airlineman0_.airlineManagerId as airlineM1_1_, airlineman0_.airline_airlineId as airline12_1_, airlineman0_.birthDate as birthDat2_1_, airlineman0_.direction_directionId as directi13_1_, airlineman0_.dni_passport as dni_pass3_1_, airlineman0_.email as email4_1_, airlineman0_.firstName as firstNam5_1_, airlineman0_.homeTlf as homeTlf6_1_, airlineman0_.lastName1 as lastName7_1_, airlineman0_.lastName2 as lastName8_1_, airlineman0_.movileTlf as movileTl9_1_, airlineman0_.password as passwor10_1_, airlineman0_.username as usernam11_1_ from AirlineManager airlineman0_ where airlineman0_.password='123' and airlineman0_.username='jaure'
Hibernate: select passanger0_.passangerId as passange1_11_, passanger0_.birthDate as birthDat2_11_, passanger0_.direction_directionId as directi12_11_, passanger0_.dni_passport as dni_pass3_11_, passanger0_.email as email4_11_, passanger0_.firstName as firstNam5_11_, passanger0_.homeTlf as homeTlf6_11_, passanger0_.lastName1 as lastName7_11_, passanger0_.lastName2 as lastName8_11_, passanger0_.movileTlf as movileTl9_11_, passanger0_.password as passwor10_11_, passanger0_.username as usernam11_11_ from Passanger passanger0_ where passanger0_.password='123' and passanger0_.username='irati'
Hibernate: select airportcon0_.airportControllerId as airportC1_5_, airportcon0_.airport_airportId as airport12_5_, airportcon0_.birthDate as birthDat2_5_, airportcon0_.direction_directionId as directi13_5_, airportcon0_.dni_passport as dni_pass3_5_, airportcon0_.email as email4_5_, airportcon0_.firstName as firstNam5_5_, airportcon0_.homeTlf as homeTlf6_5_, airportcon0_.lastName1 as lastName7_5_, airportcon0_.lastName2 as lastName8_5_, airportcon0_.movileTlf as movileTl9_5_, airportcon0_.password as passwor10_5_, airportcon0_.username as usernam11_5_ from AirportController airportcon0_ where airportcon0_.password='123' and airportcon0_.username='irati'
Hibernate: select airport0_.airportId as airportI1_4_0_, airport0_.name as name2_4_0_ from Airport airport0_ where airport0_.airportId=?
Hibernate: select direction0_.directionId as directio1_9_0_, direction0_.address as address2_9_0_, direction0_.city as city3_9_0_, direction0_.codPost as codPost4_9_0_, direction0_.state as state5_9_0_ from Direction direction0_ where direction0_.directionId=?
Hibernate: select airlineman0_.airlineManagerId as airlineM1_1_, airlineman0_.airline_airlineId as airline12_1_, airlineman0_.birthDate as birthDat2_1_, airlineman0_.direction_directionId as directi13_1_, airlineman0_.dni_passport as dni_pass3_1_, airlineman0_.email as email4_1_, airlineman0_.firstName as firstNam5_1_, airlineman0_.homeTlf as homeTlf6_1_, airlineman0_.lastName1 as lastName7_1_, airlineman0_.lastName2 as lastName8_1_, airlineman0_.movileTlf as movileTl9_1_, airlineman0_.password as passwor10_1_, airlineman0_.username as usernam11_1_ from AirlineManager airlineman0_ where airlineman0_.password='123' and airlineman0_.username='irati'
Hibernate: select flight0_.flightId as flightId1_10_, flight0_.airplane_airplaneId as airplane8_10_, flight0_.arrivalDate as arrivalD2_10_, flight0_.arrivalGate as arrivalG3_10_, flight0_.arrivalTerminal as arrivalT4_10_, flight0_.arriveAirport_airportId as arriveAi9_10_, flight0_.departAirport_airportId as departA10_10_, flight0_.departureDate as departur5_10_, flight0_.departureGate as departur6_10_, flight0_.departureTerminal as departur7_10_ from Flight flight0_
Hibernate: select airplane0_.airplaneId as airplane1_2_0_, airplane0_.airline_airlineId as airline12_2_0_, airplane0_.airport_airportId as airport13_2_0_, airplane0_.currentRegistration as currentR2_2_0_, airplane0_.deliberyDate as delibery3_2_0_, airplane0_.engineModel as engineMo4_2_0_, airplane0_.hoursOfFlight as hoursOfF5_2_0_, airplane0_.lineNumber as lineNumb6_2_0_, airplane0_.name as name7_2_0_, airplane0_.numberOfFlights as numberOf8_2_0_, airplane0_.operatorOwner as operator9_2_0_, airplane0_.planePosition_planePositionId as planePo14_2_0_, airplane0_.serialNumb as serialN10_2_0_, airplane0_.status as status11_2_0_, airline1_.airlineId as airlineI1_0_1_, airline1_.description as descript2_0_1_, airline1_.name as name3_0_1_, airport2_.airportId as airportI1_4_2_, airport2_.name as name2_4_2_, planeposit3_.planePositionId as planePos1_12_3_, planeposit3_.description as descript2_12_3_ from Airplane airplane0_ left outer join Airline airline1_ on airplane0_.airline_airlineId=airline1_.airlineId left outer join Airport airport2_ on airplane0_.airport_airportId=airport2_.airportId left outer join PlanePosition planeposit3_ on airplane0_.planePosition_planePositionId=planeposit3_.planePositionId where airplane0_.airplaneId=?
Hibernate: select airport0_.airportId as airportI1_4_0_, airport0_.name as name2_4_0_ from Airport airport0_ where airport0_.airportId=?
Hibernate: select passangerl0_.flightId as flightId2_6_0_, passangerl0_.passengerId as passenge1_6_0_, passanger1_.passangerId as passange1_11_1_, passanger1_.birthDate as birthDat2_11_1_, passanger1_.direction_directionId as directi12_11_1_, passanger1_.dni_passport as dni_pass3_11_1_, passanger1_.email as email4_11_1_, passanger1_.firstName as firstNam5_11_1_, passanger1_.homeTlf as homeTlf6_11_1_, passanger1_.lastName1 as lastName7_11_1_, passanger1_.lastName2 as lastName8_11_1_, passanger1_.movileTlf as movileTl9_11_1_, passanger1_.password as passwor10_11_1_, passanger1_.username as usernam11_11_1_, direction2_.directionId as directio1_9_2_, direction2_.address as address2_9_2_, direction2_.city as city3_9_2_, direction2_.codPost as codPost4_9_2_, direction2_.state as state5_9_2_ from booking passangerl0_ inner join Passanger passanger1_ on passangerl0_.passengerId=passanger1_.passangerId left outer join Direction direction2_ on passanger1_.direction_directionId=direction2_.directionId where passangerl0_.flightId=?
Hibernate: select passangerl0_.flightId as flightId2_6_0_, passangerl0_.passengerId as passenge1_6_0_, passanger1_.passangerId as passange1_11_1_, passanger1_.birthDate as birthDat2_11_1_, passanger1_.direction_directionId as directi12_11_1_, passanger1_.dni_passport as dni_pass3_11_1_, passanger1_.email as email4_11_1_, passanger1_.firstName as firstNam5_11_1_, passanger1_.homeTlf as homeTlf6_11_1_, passanger1_.lastName1 as lastName7_11_1_, passanger1_.lastName2 as lastName8_11_1_, passanger1_.movileTlf as movileTl9_11_1_, passanger1_.password as passwor10_11_1_, passanger1_.username as usernam11_11_1_, direction2_.directionId as directio1_9_2_, direction2_.address as address2_9_2_, direction2_.city as city3_9_2_, direction2_.codPost as codPost4_9_2_, direction2_.state as state5_9_2_ from booking passangerl0_ inner join Passanger passanger1_ on passangerl0_.passengerId=passanger1_.passangerId left outer join Direction direction2_ on passanger1_.direction_directionId=direction2_.directionId where passangerl0_.flightId=?
Hibernate: select passangerl0_.flightId as flightId2_6_0_, passangerl0_.passengerId as passenge1_6_0_, passanger1_.passangerId as passange1_11_1_, passanger1_.birthDate as birthDat2_11_1_, passanger1_.direction_directionId as directi12_11_1_, passanger1_.dni_passport as dni_pass3_11_1_, passanger1_.email as email4_11_1_, passanger1_.firstName as firstNam5_11_1_, passanger1_.homeTlf as homeTlf6_11_1_, passanger1_.lastName1 as lastName7_11_1_, passanger1_.lastName2 as lastName8_11_1_, passanger1_.movileTlf as movileTl9_11_1_, passanger1_.password as passwor10_11_1_, passanger1_.username as usernam11_11_1_, direction2_.directionId as directio1_9_2_, direction2_.address as address2_9_2_, direction2_.city as city3_9_2_, direction2_.codPost as codPost4_9_2_, direction2_.state as state5_9_2_ from booking passangerl0_ inner join Passanger passanger1_ on passangerl0_.passengerId=passanger1_.passangerId left outer join Direction direction2_ on passanger1_.direction_directionId=direction2_.directionId where passangerl0_.flightId=?
Hibernate: select passangerl0_.flightId as flightId2_6_0_, passangerl0_.passengerId as passenge1_6_0_, passanger1_.passangerId as passange1_11_1_, passanger1_.birthDate as birthDat2_11_1_, passanger1_.direction_directionId as directi12_11_1_, passanger1_.dni_passport as dni_pass3_11_1_, passanger1_.email as email4_11_1_, passanger1_.firstName as firstNam5_11_1_, passanger1_.homeTlf as homeTlf6_11_1_, passanger1_.lastName1 as lastName7_11_1_, passanger1_.lastName2 as lastName8_11_1_, passanger1_.movileTlf as movileTl9_11_1_, passanger1_.password as passwor10_11_1_, passanger1_.username as usernam11_11_1_, direction2_.directionId as directio1_9_2_, direction2_.address as address2_9_2_, direction2_.city as city3_9_2_, direction2_.codPost as codPost4_9_2_, direction2_.state as state5_9_2_ from booking passangerl0_ inner join Passanger passanger1_ on passangerl0_.passengerId=passanger1_.passangerId left outer join Direction direction2_ on passanger1_.direction_directionId=direction2_.directionId where passangerl0_.flightId=?
Hibernate: select passangerl0_.flightId as flightId2_6_0_, passangerl0_.passengerId as passenge1_6_0_, passanger1_.passangerId as passange1_11_1_, passanger1_.birthDate as birthDat2_11_1_, passanger1_.direction_directionId as directi12_11_1_, passanger1_.dni_passport as dni_pass3_11_1_, passanger1_.email as email4_11_1_, passanger1_.firstName as firstNam5_11_1_, passanger1_.homeTlf as homeTlf6_11_1_, passanger1_.lastName1 as lastName7_11_1_, passanger1_.lastName2 as lastName8_11_1_, passanger1_.movileTlf as movileTl9_11_1_, passanger1_.password as passwor10_11_1_, passanger1_.username as usernam11_11_1_, direction2_.directionId as directio1_9_2_, direction2_.address as address2_9_2_, direction2_.city as city3_9_2_, direction2_.codPost as codPost4_9_2_, direction2_.state as state5_9_2_ from booking passangerl0_ inner join Passanger passanger1_ on passangerl0_.passengerId=passanger1_.passangerId left outer join Direction direction2_ on passanger1_.direction_directionId=direction2_.directionId where passangerl0_.flightId=?
Hibernate: select flightlist0_.passengerId as passenge1_6_0_, flightlist0_.flightId as flightId2_6_0_, flight1_.flightId as flightId1_10_1_, flight1_.airplane_airplaneId as airplane8_10_1_, flight1_.arrivalDate as arrivalD2_10_1_, flight1_.arrivalGate as arrivalG3_10_1_, flight1_.arrivalTerminal as arrivalT4_10_1_, flight1_.arriveAirport_airportId as arriveAi9_10_1_, flight1_.departAirport_airportId as departA10_10_1_, flight1_.departureDate as departur5_10_1_, flight1_.departureGate as departur6_10_1_, flight1_.departureTerminal as departur7_10_1_, airplane2_.airplaneId as airplane1_2_2_, airplane2_.airline_airlineId as airline12_2_2_, airplane2_.airport_airportId as airport13_2_2_, airplane2_.currentRegistration as currentR2_2_2_, airplane2_.deliberyDate as delibery3_2_2_, airplane2_.engineModel as engineMo4_2_2_, airplane2_.hoursOfFlight as hoursOfF5_2_2_, airplane2_.lineNumber as lineNumb6_2_2_, airplane2_.name as name7_2_2_, airplane2_.numberOfFlights as numberOf8_2_2_, airplane2_.operatorOwner as operator9_2_2_, airplane2_.planePosition_planePositionId as planePo14_2_2_, airplane2_.serialNumb as serialN10_2_2_, airplane2_.status as status11_2_2_, airline3_.airlineId as airlineI1_0_3_, airline3_.description as descript2_0_3_, airline3_.name as name3_0_3_, airport4_.airportId as airportI1_4_4_, airport4_.name as name2_4_4_, planeposit5_.planePositionId as planePos1_12_5_, planeposit5_.description as descript2_12_5_, airport6_.airportId as airportI1_4_6_, airport6_.name as name2_4_6_, airport7_.airportId as airportI1_4_7_, airport7_.name as name2_4_7_ from booking flightlist0_ inner join Flight flight1_ on flightlist0_.flightId=flight1_.flightId left outer join Airplane airplane2_ on flight1_.airplane_airplaneId=airplane2_.airplaneId left outer join Airline airline3_ on airplane2_.airline_airlineId=airline3_.airlineId left outer join Airport airport4_ on airplane2_.airport_airportId=airport4_.airportId left outer join PlanePosition planeposit5_ on airplane2_.planePosition_planePositionId=planeposit5_.planePositionId left outer join Airport airport6_ on flight1_.arriveAirport_airportId=airport6_.airportId left outer join Airport airport7_ on flight1_.departAirport_airportId=airport7_.airportId where flightlist0_.passengerId=?
Hibernate: select flight0_.flightId as flightId1_10_, flight0_.airplane_airplaneId as airplane8_10_, flight0_.arrivalDate as arrivalD2_10_, flight0_.arrivalGate as arrivalG3_10_, flight0_.arrivalTerminal as arrivalT4_10_, flight0_.arriveAirport_airportId as arriveAi9_10_, flight0_.departAirport_airportId as departA10_10_, flight0_.departureDate as departur5_10_, flight0_.departureGate as departur6_10_, flight0_.departureTerminal as departur7_10_ from Flight flight0_
Hibernate: select airplane0_.airplaneId as airplane1_2_0_, airplane0_.airline_airlineId as airline12_2_0_, airplane0_.airport_airportId as airport13_2_0_, airplane0_.currentRegistration as currentR2_2_0_, airplane0_.deliberyDate as delibery3_2_0_, airplane0_.engineModel as engineMo4_2_0_, airplane0_.hoursOfFlight as hoursOfF5_2_0_, airplane0_.lineNumber as lineNumb6_2_0_, airplane0_.name as name7_2_0_, airplane0_.numberOfFlights as numberOf8_2_0_, airplane0_.operatorOwner as operator9_2_0_, airplane0_.planePosition_planePositionId as planePo14_2_0_, airplane0_.serialNumb as serialN10_2_0_, airplane0_.status as status11_2_0_, airline1_.airlineId as airlineI1_0_1_, airline1_.description as descript2_0_1_, airline1_.name as name3_0_1_, airport2_.airportId as airportI1_4_2_, airport2_.name as name2_4_2_, planeposit3_.planePositionId as planePos1_12_3_, planeposit3_.description as descript2_12_3_ from Airplane airplane0_ left outer join Airline airline1_ on airplane0_.airline_airlineId=airline1_.airlineId left outer join Airport airport2_ on airplane0_.airport_airportId=airport2_.airportId left outer join PlanePosition planeposit3_ on airplane0_.planePosition_planePositionId=planeposit3_.planePositionId where airplane0_.airplaneId=?
Hibernate: select airport0_.airportId as airportI1_4_0_, airport0_.name as name2_4_0_ from Airport airport0_ where airport0_.airportId=?
Hibernate: select passangerl0_.flightId as flightId2_6_0_, passangerl0_.passengerId as passenge1_6_0_, passanger1_.passangerId as passange1_11_1_, passanger1_.birthDate as birthDat2_11_1_, passanger1_.direction_directionId as directi12_11_1_, passanger1_.dni_passport as dni_pass3_11_1_, passanger1_.email as email4_11_1_, passanger1_.firstName as firstNam5_11_1_, passanger1_.homeTlf as homeTlf6_11_1_, passanger1_.lastName1 as lastName7_11_1_, passanger1_.lastName2 as lastName8_11_1_, passanger1_.movileTlf as movileTl9_11_1_, passanger1_.password as passwor10_11_1_, passanger1_.username as usernam11_11_1_, direction2_.directionId as directio1_9_2_, direction2_.address as address2_9_2_, direction2_.city as city3_9_2_, direction2_.codPost as codPost4_9_2_, direction2_.state as state5_9_2_ from booking passangerl0_ inner join Passanger passanger1_ on passangerl0_.passengerId=passanger1_.passangerId left outer join Direction direction2_ on passanger1_.direction_directionId=direction2_.directionId where passangerl0_.flightId=?
Hibernate: select passangerl0_.flightId as flightId2_6_0_, passangerl0_.passengerId as passenge1_6_0_, passanger1_.passangerId as passange1_11_1_, passanger1_.birthDate as birthDat2_11_1_, passanger1_.direction_directionId as directi12_11_1_, passanger1_.dni_passport as dni_pass3_11_1_, passanger1_.email as email4_11_1_, passanger1_.firstName as firstNam5_11_1_, passanger1_.homeTlf as homeTlf6_11_1_, passanger1_.lastName1 as lastName7_11_1_, passanger1_.lastName2 as lastName8_11_1_, passanger1_.movileTlf as movileTl9_11_1_, passanger1_.password as passwor10_11_1_, passanger1_.username as usernam11_11_1_, direction2_.directionId as directio1_9_2_, direction2_.address as address2_9_2_, direction2_.city as city3_9_2_, direction2_.codPost as codPost4_9_2_, direction2_.state as state5_9_2_ from booking passangerl0_ inner join Passanger passanger1_ on passangerl0_.passengerId=passanger1_.passangerId left outer join Direction direction2_ on passanger1_.direction_directionId=direction2_.directionId where passangerl0_.flightId=?
Hibernate: select passangerl0_.flightId as flightId2_6_0_, passangerl0_.passengerId as passenge1_6_0_, passanger1_.passangerId as passange1_11_1_, passanger1_.birthDate as birthDat2_11_1_, passanger1_.direction_directionId as directi12_11_1_, passanger1_.dni_passport as dni_pass3_11_1_, passanger1_.email as email4_11_1_, passanger1_.firstName as firstNam5_11_1_, passanger1_.homeTlf as homeTlf6_11_1_, passanger1_.lastName1 as lastName7_11_1_, passanger1_.lastName2 as lastName8_11_1_, passanger1_.movileTlf as movileTl9_11_1_, passanger1_.password as passwor10_11_1_, passanger1_.username as usernam11_11_1_, direction2_.directionId as directio1_9_2_, direction2_.address as address2_9_2_, direction2_.city as city3_9_2_, direction2_.codPost as codPost4_9_2_, direction2_.state as state5_9_2_ from booking passangerl0_ inner join Passanger passanger1_ on passangerl0_.passengerId=passanger1_.passangerId left outer join Direction direction2_ on passanger1_.direction_directionId=direction2_.directionId where passangerl0_.flightId=?
Hibernate: select passangerl0_.flightId as flightId2_6_0_, passangerl0_.passengerId as passenge1_6_0_, passanger1_.passangerId as passange1_11_1_, passanger1_.birthDate as birthDat2_11_1_, passanger1_.direction_directionId as directi12_11_1_, passanger1_.dni_passport as dni_pass3_11_1_, passanger1_.email as email4_11_1_, passanger1_.firstName as firstNam5_11_1_, passanger1_.homeTlf as homeTlf6_11_1_, passanger1_.lastName1 as lastName7_11_1_, passanger1_.lastName2 as lastName8_11_1_, passanger1_.movileTlf as movileTl9_11_1_, passanger1_.password as passwor10_11_1_, passanger1_.username as usernam11_11_1_, direction2_.directionId as directio1_9_2_, direction2_.address as address2_9_2_, direction2_.city as city3_9_2_, direction2_.codPost as codPost4_9_2_, direction2_.state as state5_9_2_ from booking passangerl0_ inner join Passanger passanger1_ on passangerl0_.passengerId=passanger1_.passangerId left outer join Direction direction2_ on passanger1_.direction_directionId=direction2_.directionId where passangerl0_.flightId=?
Hibernate: select passangerl0_.flightId as flightId2_6_0_, passangerl0_.passengerId as passenge1_6_0_, passanger1_.passangerId as passange1_11_1_, passanger1_.birthDate as birthDat2_11_1_, passanger1_.direction_directionId as directi12_11_1_, passanger1_.dni_passport as dni_pass3_11_1_, passanger1_.email as email4_11_1_, passanger1_.firstName as firstNam5_11_1_, passanger1_.homeTlf as homeTlf6_11_1_, passanger1_.lastName1 as lastName7_11_1_, passanger1_.lastName2 as lastName8_11_1_, passanger1_.movileTlf as movileTl9_11_1_, passanger1_.password as passwor10_11_1_, passanger1_.username as usernam11_11_1_, direction2_.directionId as directio1_9_2_, direction2_.address as address2_9_2_, direction2_.city as city3_9_2_, direction2_.codPost as codPost4_9_2_, direction2_.state as state5_9_2_ from booking passangerl0_ inner join Passanger passanger1_ on passangerl0_.passengerId=passanger1_.passangerId left outer join Direction direction2_ on passanger1_.direction_directionId=direction2_.directionId where passangerl0_.flightId=?
Hibernate: select flightlist0_.passengerId as passenge1_6_0_, flightlist0_.flightId as flightId2_6_0_, flight1_.flightId as flightId1_10_1_, flight1_.airplane_airplaneId as airplane8_10_1_, flight1_.arrivalDate as arrivalD2_10_1_, flight1_.arrivalGate as arrivalG3_10_1_, flight1_.arrivalTerminal as arrivalT4_10_1_, flight1_.arriveAirport_airportId as arriveAi9_10_1_, flight1_.departAirport_airportId as departA10_10_1_, flight1_.departureDate as departur5_10_1_, flight1_.departureGate as departur6_10_1_, flight1_.departureTerminal as departur7_10_1_, airplane2_.airplaneId as airplane1_2_2_, airplane2_.airline_airlineId as airline12_2_2_, airplane2_.airport_airportId as airport13_2_2_, airplane2_.currentRegistration as currentR2_2_2_, airplane2_.deliberyDate as delibery3_2_2_, airplane2_.engineModel as engineMo4_2_2_, airplane2_.hoursOfFlight as hoursOfF5_2_2_, airplane2_.lineNumber as lineNumb6_2_2_, airplane2_.name as name7_2_2_, airplane2_.numberOfFlights as numberOf8_2_2_, airplane2_.operatorOwner as operator9_2_2_, airplane2_.planePosition_planePositionId as planePo14_2_2_, airplane2_.serialNumb as serialN10_2_2_, airplane2_.status as status11_2_2_, airline3_.airlineId as airlineI1_0_3_, airline3_.description as descript2_0_3_, airline3_.name as name3_0_3_, airport4_.airportId as airportI1_4_4_, airport4_.name as name2_4_4_, planeposit5_.planePositionId as planePos1_12_5_, planeposit5_.description as descript2_12_5_, airport6_.airportId as airportI1_4_6_, airport6_.name as name2_4_6_, airport7_.airportId as airportI1_4_7_, airport7_.name as name2_4_7_ from booking flightlist0_ inner join Flight flight1_ on flightlist0_.flightId=flight1_.flightId left outer join Airplane airplane2_ on flight1_.airplane_airplaneId=airplane2_.airplaneId left outer join Airline airline3_ on airplane2_.airline_airlineId=airline3_.airlineId left outer join Airport airport4_ on airplane2_.airport_airportId=airport4_.airportId left outer join PlanePosition planeposit5_ on airplane2_.planePosition_planePositionId=planeposit5_.planePositionId left outer join Airport airport6_ on flight1_.arriveAirport_airportId=airport6_.airportId left outer join Airport airport7_ on flight1_.departAirport_airportId=airport7_.airportId where flightlist0_.passengerId=?
Hibernate: select passanger0_.passangerId as passange1_11_, passanger0_.birthDate as birthDat2_11_, passanger0_.direction_directionId as directi12_11_, passanger0_.dni_passport as dni_pass3_11_, passanger0_.email as email4_11_, passanger0_.firstName as firstNam5_11_, passanger0_.homeTlf as homeTlf6_11_, passanger0_.lastName1 as lastName7_11_, passanger0_.lastName2 as lastName8_11_, passanger0_.movileTlf as movileTl9_11_, passanger0_.password as passwor10_11_, passanger0_.username as usernam11_11_ from Passanger passanger0_ where passanger0_.password='ane95' and passanger0_.username='123'
Hibernate: select passanger0_.passangerId as passange1_11_, passanger0_.birthDate as birthDat2_11_, passanger0_.direction_directionId as directi12_11_, passanger0_.dni_passport as dni_pass3_11_, passanger0_.email as email4_11_, passanger0_.firstName as firstNam5_11_, passanger0_.homeTlf as homeTlf6_11_, passanger0_.lastName1 as lastName7_11_, passanger0_.lastName2 as lastName8_11_, passanger0_.movileTlf as movileTl9_11_, passanger0_.password as passwor10_11_, passanger0_.username as usernam11_11_ from Passanger passanger0_ where passanger0_.password='ane95' and passanger0_.username='123'
Hibernate: select flight0_.flightId as flightId1_10_, flight0_.airplane_airplaneId as airplane8_10_, flight0_.arrivalDate as arrivalD2_10_, flight0_.arrivalGate as arrivalG3_10_, flight0_.arrivalTerminal as arrivalT4_10_, flight0_.arriveAirport_airportId as arriveAi9_10_, flight0_.departAirport_airportId as departA10_10_, flight0_.departureDate as departur5_10_, flight0_.departureGate as departur6_10_, flight0_.departureTerminal as departur7_10_ from Flight flight0_ cross join Airport airport1_ cross join Airport airport2_ where flight0_.departAirport_airportId=airport1_.airportId and flight0_.arriveAirport_airportId=airport2_.airportId and airport1_.name='Loiu' and airport2_.name='Hatrhow' and (flight0_.departureDate between ? and ?) and (flight0_.arrivalDate between ? and ?)
Hibernate: select passanger0_.passangerId as passange1_11_, passanger0_.birthDate as birthDat2_11_, passanger0_.direction_directionId as directi12_11_, passanger0_.dni_passport as dni_pass3_11_, passanger0_.email as email4_11_, passanger0_.firstName as firstNam5_11_, passanger0_.homeTlf as homeTlf6_11_, passanger0_.lastName1 as lastName7_11_, passanger0_.lastName2 as lastName8_11_, passanger0_.movileTlf as movileTl9_11_, passanger0_.password as passwor10_11_, passanger0_.username as usernam11_11_ from Passanger passanger0_ where passanger0_.password='ane95' and passanger0_.username='123'
Hibernate: select passanger0_.passangerId as passange1_11_, passanger0_.birthDate as birthDat2_11_, passanger0_.direction_directionId as directi12_11_, passanger0_.dni_passport as dni_pass3_11_, passanger0_.email as email4_11_, passanger0_.firstName as firstNam5_11_, passanger0_.homeTlf as homeTlf6_11_, passanger0_.lastName1 as lastName7_11_, passanger0_.lastName2 as lastName8_11_, passanger0_.movileTlf as movileTl9_11_, passanger0_.password as passwor10_11_, passanger0_.username as usernam11_11_ from Passanger passanger0_ where passanger0_.password='ane95' and passanger0_.username='123'
Hibernate: select passanger0_.passangerId as passange1_11_, passanger0_.birthDate as birthDat2_11_, passanger0_.direction_directionId as directi12_11_, passanger0_.dni_passport as dni_pass3_11_, passanger0_.email as email4_11_, passanger0_.firstName as firstNam5_11_, passanger0_.homeTlf as homeTlf6_11_, passanger0_.lastName1 as lastName7_11_, passanger0_.lastName2 as lastName8_11_, passanger0_.movileTlf as movileTl9_11_, passanger0_.password as passwor10_11_, passanger0_.username as usernam11_11_ from Passanger passanger0_ where passanger0_.password='ane95' and passanger0_.username='123'
Hibernate: select passanger0_.passangerId as passange1_11_, passanger0_.birthDate as birthDat2_11_, passanger0_.direction_directionId as directi12_11_, passanger0_.dni_passport as dni_pass3_11_, passanger0_.email as email4_11_, passanger0_.firstName as firstNam5_11_, passanger0_.homeTlf as homeTlf6_11_, passanger0_.lastName1 as lastName7_11_, passanger0_.lastName2 as lastName8_11_, passanger0_.movileTlf as movileTl9_11_, passanger0_.password as passwor10_11_, passanger0_.username as usernam11_11_ from Passanger passanger0_ where passanger0_.password='ane95' and passanger0_.username='123'
Hibernate: select passanger0_.passangerId as passange1_11_, passanger0_.birthDate as birthDat2_11_, passanger0_.direction_directionId as directi12_11_, passanger0_.dni_passport as dni_pass3_11_, passanger0_.email as email4_11_, passanger0_.firstName as firstNam5_11_, passanger0_.homeTlf as homeTlf6_11_, passanger0_.lastName1 as lastName7_11_, passanger0_.lastName2 as lastName8_11_, passanger0_.movileTlf as movileTl9_11_, passanger0_.password as passwor10_11_, passanger0_.username as usernam11_11_ from Passanger passanger0_ where passanger0_.password='ane95' and passanger0_.username='123'
Hibernate: select passanger0_.passangerId as passange1_11_, passanger0_.birthDate as birthDat2_11_, passanger0_.direction_directionId as directi12_11_, passanger0_.dni_passport as dni_pass3_11_, passanger0_.email as email4_11_, passanger0_.firstName as firstNam5_11_, passanger0_.homeTlf as homeTlf6_11_, passanger0_.lastName1 as lastName7_11_, passanger0_.lastName2 as lastName8_11_, passanger0_.movileTlf as movileTl9_11_, passanger0_.password as passwor10_11_, passanger0_.username as usernam11_11_ from Passanger passanger0_ where passanger0_.password='ane95' and passanger0_.username='123'
Hibernate: {call checkTheEmail(?,?)}
]]></system-out>
  <system-err><![CDATA[ene 17, 2017 11:54:18 AM org.hibernate.Version logVersion
INFO: HHH000412: Hibernate Core {5.2.4.Final}
ene 17, 2017 11:54:18 AM org.hibernate.cfg.Environment <clinit>
INFO: HHH000206: hibernate.properties not found
ene 17, 2017 11:54:18 AM org.hibernate.cfg.Environment buildBytecodeProvider
INFO: HHH000021: Bytecode provider name : javassist
ene 17, 2017 11:54:19 AM org.hibernate.annotations.common.reflection.java.JavaReflectionManager <clinit>
INFO: HCANN000001: Hibernate Commons Annotations {5.0.1.Final}
ene 17, 2017 11:54:19 AM org.hibernate.engine.jdbc.connections.internal.DriverManagerConnectionProviderImpl configure
WARN: HHH10001002: Using Hibernate built-in connection pool (not for production use!)
ene 17, 2017 11:54:19 AM org.hibernate.engine.jdbc.connections.internal.DriverManagerConnectionProviderImpl buildCreator
INFO: HHH10001005: using driver [org.postgresql.Driver] at URL [jdbc:postgresql://localhost:5432/heathrow_airport]
ene 17, 2017 11:54:19 AM org.hibernate.engine.jdbc.connections.internal.DriverManagerConnectionProviderImpl buildCreator
INFO: HHH10001001: Connection properties: {user=postgres, password=****}
ene 17, 2017 11:54:19 AM org.hibernate.engine.jdbc.connections.internal.DriverManagerConnectionProviderImpl buildCreator
INFO: HHH10001003: Autocommit mode: false
ene 17, 2017 11:54:19 AM org.hibernate.engine.jdbc.connections.internal.PooledConnections <init>
INFO: HHH000115: Hibernate connection pool size: 10 (min=1)
ene 17, 2017 11:54:19 AM org.hibernate.dialect.Dialect <init>
INFO: HHH000400: Using dialect: org.hibernate.dialect.PostgreSQLDialect
ene 17, 2017 11:54:19 AM org.hibernate.engine.jdbc.env.internal.LobCreatorBuilderImpl useContextualLobCreation
INFO: HHH000424: Disabling contextual LOB creation as createClob() method threw error : java.lang.reflect.InvocationTargetException
ene 17, 2017 11:54:19 AM org.hibernate.type.BasicTypeRegistry register
INFO: HHH000270: Type registration [java.util.UUID] overrides previous : org.hibernate.type.UUIDBinaryType@29a5f4e7
ene 17, 2017 11:54:19 AM org.hibernate.validator.internal.util.Version <clinit>
INFO: HV000001: Hibernate Validator 5.3.3.Final
ene 17, 2017 11:54:20 AM org.hibernate.resource.transaction.backend.jdbc.internal.DdlTransactionIsolatorNonJtaImpl getIsolatedConnection
INFO: HHH10001501: Connection obtained from JdbcConnectionAccess [org.hibernate.engine.jdbc.env.internal.JdbcEnvironmentInitiator$ConnectionProviderJdbcConnectionAccess@129fed45] for (non-JTA) DDL execution was not in auto-commit mode; the Connection 'local transaction' will be committed and the Connection will be set into auto-commit mode.
ene 17, 2017 11:54:20 AM org.hibernate.hql.internal.QueryTranslatorFactoryInitiator initiateService
INFO: HHH000397: Using ASTQueryTranslatorFactory
ene 17, 2017 11:54:20 AM org.hibernate.engine.jdbc.connections.internal.DriverManagerConnectionProviderImpl stop
INFO: HHH10001008: Cleaning up connection pool [jdbc:postgresql://localhost:5432/heathrow_airport]
ene 17, 2017 11:54:20 AM org.hibernate.engine.jdbc.connections.internal.DriverManagerConnectionProviderImpl configure
WARN: HHH10001002: Using Hibernate built-in connection pool (not for production use!)
ene 17, 2017 11:54:20 AM org.hibernate.engine.jdbc.connections.internal.DriverManagerConnectionProviderImpl buildCreator
INFO: HHH10001005: using driver [org.postgresql.Driver] at URL [jdbc:postgresql://localhost:5432/heathrow_airport]
ene 17, 2017 11:54:20 AM org.hibernate.engine.jdbc.connections.internal.DriverManagerConnectionProviderImpl buildCreator
INFO: HHH10001001: Connection properties: {user=postgres, password=****}
ene 17, 2017 11:54:20 AM org.hibernate.engine.jdbc.connections.internal.DriverManagerConnectionProviderImpl buildCreator
INFO: HHH10001003: Autocommit mode: false
ene 17, 2017 11:54:20 AM org.hibernate.engine.jdbc.connections.internal.PooledConnections <init>
INFO: HHH000115: Hibernate connection pool size: 10 (min=1)
ene 17, 2017 11:54:21 AM org.hibernate.dialect.Dialect <init>
INFO: HHH000400: Using dialect: org.hibernate.dialect.PostgreSQLDialect
ene 17, 2017 11:54:21 AM org.hibernate.engine.jdbc.env.internal.LobCreatorBuilderImpl useContextualLobCreation
INFO: HHH000424: Disabling contextual LOB creation as createClob() method threw error : java.lang.reflect.InvocationTargetException
ene 17, 2017 11:54:21 AM org.hibernate.type.BasicTypeRegistry register
INFO: HHH000270: Type registration [java.util.UUID] overrides previous : org.hibernate.type.UUIDBinaryType@29a5f4e7
ene 17, 2017 11:54:21 AM org.hibernate.resource.transaction.backend.jdbc.internal.DdlTransactionIsolatorNonJtaImpl getIsolatedConnection
INFO: HHH10001501: Connection obtained from JdbcConnectionAccess [org.hibernate.engine.jdbc.env.internal.JdbcEnvironmentInitiator$ConnectionProviderJdbcConnectionAccess@33e434c8] for (non-JTA) DDL execution was not in auto-commit mode; the Connection 'local transaction' will be committed and the Connection will be set into auto-commit mode.
ene 17, 2017 11:54:21 AM org.hibernate.hql.internal.QueryTranslatorFactoryInitiator initiateService
INFO: HHH000397: Using ASTQueryTranslatorFactory
ene 17, 2017 11:54:21 AM org.hibernate.engine.jdbc.connections.internal.DriverManagerConnectionProviderImpl stop
INFO: HHH10001008: Cleaning up connection pool [jdbc:postgresql://localhost:5432/heathrow_airport]
ene 17, 2017 11:54:21 AM org.hibernate.engine.jdbc.connections.internal.DriverManagerConnectionProviderImpl configure
WARN: HHH10001002: Using Hibernate built-in connection pool (not for production use!)
ene 17, 2017 11:54:21 AM org.hibernate.engine.jdbc.connections.internal.DriverManagerConnectionProviderImpl buildCreator
INFO: HHH10001005: using driver [org.postgresql.Driver] at URL [jdbc:postgresql://localhost:5432/heathrow_airport]
ene 17, 2017 11:54:21 AM org.hibernate.engine.jdbc.connections.internal.DriverManagerConnectionProviderImpl buildCreator
INFO: HHH10001001: Connection properties: {user=postgres, password=****}
ene 17, 2017 11:54:21 AM org.hibernate.engine.jdbc.connections.internal.DriverManagerConnectionProviderImpl buildCreator
INFO: HHH10001003: Autocommit mode: false
ene 17, 2017 11:54:21 AM org.hibernate.engine.jdbc.connections.internal.PooledConnections <init>
INFO: HHH000115: Hibernate connection pool size: 10 (min=1)
ene 17, 2017 11:54:21 AM org.hibernate.dialect.Dialect <init>
INFO: HHH000400: Using dialect: org.hibernate.dialect.PostgreSQLDialect
ene 17, 2017 11:54:21 AM org.hibernate.engine.jdbc.env.internal.LobCreatorBuilderImpl useContextualLobCreation
INFO: HHH000424: Disabling contextual LOB creation as createClob() method threw error : java.lang.reflect.InvocationTargetException
ene 17, 2017 11:54:21 AM org.hibernate.type.BasicTypeRegistry register
INFO: HHH000270: Type registration [java.util.UUID] overrides previous : org.hibernate.type.UUIDBinaryType@29a5f4e7
ene 17, 2017 11:54:21 AM org.hibernate.resource.transaction.backend.jdbc.internal.DdlTransactionIsolatorNonJtaImpl getIsolatedConnection
INFO: HHH10001501: Connection obtained from JdbcConnectionAccess [org.hibernate.engine.jdbc.env.internal.JdbcEnvironmentInitiator$ConnectionProviderJdbcConnectionAccess@164d01ba] for (non-JTA) DDL execution was not in auto-commit mode; the Connection 'local transaction' will be committed and the Connection will be set into auto-commit mode.
ene 17, 2017 11:54:21 AM org.hibernate.hql.internal.QueryTranslatorFactoryInitiator initiateService
INFO: HHH000397: Using ASTQueryTranslatorFactory
ene 17, 2017 11:54:21 AM org.hibernate.engine.jdbc.connections.internal.DriverManagerConnectionProviderImpl stop
INFO: HHH10001008: Cleaning up connection pool [jdbc:postgresql://localhost:5432/heathrow_airport]
ene 17, 2017 11:54:21 AM org.hibernate.engine.jdbc.connections.internal.DriverManagerConnectionProviderImpl configure
WARN: HHH10001002: Using Hibernate built-in connection pool (not for production use!)
ene 17, 2017 11:54:21 AM org.hibernate.engine.jdbc.connections.internal.DriverManagerConnectionProviderImpl buildCreator
INFO: HHH10001005: using driver [org.postgresql.Driver] at URL [jdbc:postgresql://localhost:5432/heathrow_airport]
ene 17, 2017 11:54:21 AM org.hibernate.engine.jdbc.connections.internal.DriverManagerConnectionProviderImpl buildCreator
INFO: HHH10001001: Connection properties: {user=postgres, password=****}
ene 17, 2017 11:54:21 AM org.hibernate.engine.jdbc.connections.internal.DriverManagerConnectionProviderImpl buildCreator
INFO: HHH10001003: Autocommit mode: false
ene 17, 2017 11:54:21 AM org.hibernate.engine.jdbc.connections.internal.PooledConnections <init>
INFO: HHH000115: Hibernate connection pool size: 10 (min=1)
ene 17, 2017 11:54:21 AM org.hibernate.dialect.Dialect <init>
INFO: HHH000400: Using dialect: org.hibernate.dialect.PostgreSQLDialect
ene 17, 2017 11:54:21 AM org.hibernate.engine.jdbc.env.internal.LobCreatorBuilderImpl useContextualLobCreation
INFO: HHH000424: Disabling contextual LOB creation as createClob() method threw error : java.lang.reflect.InvocationTargetException
ene 17, 2017 11:54:21 AM org.hibernate.type.BasicTypeRegistry register
INFO: HHH000270: Type registration [java.util.UUID] overrides previous : org.hibernate.type.UUIDBinaryType@29a5f4e7
ene 17, 2017 11:54:22 AM org.hibernate.resource.transaction.backend.jdbc.internal.DdlTransactionIsolatorNonJtaImpl getIsolatedConnection
INFO: HHH10001501: Connection obtained from JdbcConnectionAccess [org.hibernate.engine.jdbc.env.internal.JdbcEnvironmentInitiator$ConnectionProviderJdbcConnectionAccess@273293c8] for (non-JTA) DDL execution was not in auto-commit mode; the Connection 'local transaction' will be committed and the Connection will be set into auto-commit mode.
ene 17, 2017 11:54:22 AM org.hibernate.hql.internal.QueryTranslatorFactoryInitiator initiateService
INFO: HHH000397: Using ASTQueryTranslatorFactory
ene 17, 2017 11:54:22 AM org.hibernate.engine.jdbc.connections.internal.DriverManagerConnectionProviderImpl stop
INFO: HHH10001008: Cleaning up connection pool [jdbc:postgresql://localhost:5432/heathrow_airport]
ene 17, 2017 11:54:22 AM org.hibernate.engine.jdbc.connections.internal.DriverManagerConnectionProviderImpl configure
WARN: HHH10001002: Using Hibernate built-in connection pool (not for production use!)
ene 17, 2017 11:54:22 AM org.hibernate.engine.jdbc.connections.internal.DriverManagerConnectionProviderImpl buildCreator
INFO: HHH10001005: using driver [org.postgresql.Driver] at URL [jdbc:postgresql://localhost:5432/heathrow_airport]
ene 17, 2017 11:54:22 AM org.hibernate.engine.jdbc.connections.internal.DriverManagerConnectionProviderImpl buildCreator
INFO: HHH10001001: Connection properties: {user=postgres, password=****}
ene 17, 2017 11:54:22 AM org.hibernate.engine.jdbc.connections.internal.DriverManagerConnectionProviderImpl buildCreator
INFO: HHH10001003: Autocommit mode: false
ene 17, 2017 11:54:22 AM org.hibernate.engine.jdbc.connections.internal.PooledConnections <init>
INFO: HHH000115: Hibernate connection pool size: 10 (min=1)
ene 17, 2017 11:54:22 AM org.hibernate.dialect.Dialect <init>
INFO: HHH000400: Using dialect: org.hibernate.dialect.PostgreSQLDialect
ene 17, 2017 11:54:22 AM org.hibernate.engine.jdbc.env.internal.LobCreatorBuilderImpl useContextualLobCreation
INFO: HHH000424: Disabling contextual LOB creation as createClob() method threw error : java.lang.reflect.InvocationTargetException
ene 17, 2017 11:54:22 AM org.hibernate.type.BasicTypeRegistry register
INFO: HHH000270: Type registration [java.util.UUID] overrides previous : org.hibernate.type.UUIDBinaryType@29a5f4e7
ene 17, 2017 11:54:22 AM org.hibernate.resource.transaction.backend.jdbc.internal.DdlTransactionIsolatorNonJtaImpl getIsolatedConnection
INFO: HHH10001501: Connection obtained from JdbcConnectionAccess [org.hibernate.engine.jdbc.env.internal.JdbcEnvironmentInitiator$ConnectionProviderJdbcConnectionAccess@55b74e6b] for (non-JTA) DDL execution was not in auto-commit mode; the Connection 'local transaction' will be committed and the Connection will be set into auto-commit mode.
ene 17, 2017 11:54:22 AM org.hibernate.engine.jdbc.spi.SqlExceptionHelper logExceptions
WARN: SQL Error: 0, SQLState: 23503
ene 17, 2017 11:54:22 AM org.hibernate.engine.jdbc.spi.SqlExceptionHelper logExceptions
ERROR: ERROR: update o delete en «airplane» viola la llave foránea «fk4qciy93n40annmm8hn24toahv» en la tabla «flight»
  Detail: La llave (airplaneid)=(1) todavía es referida desde la tabla «flight».
ene 17, 2017 11:54:22 AM org.hibernate.engine.jdbc.batch.internal.AbstractBatchImpl release
INFO: HHH000010: On release of batch it still contained JDBC statements
ene 17, 2017 11:54:22 AM org.hibernate.internal.ExceptionMapperStandardImpl mapManagedFlushFailure
ERROR: HHH000346: Error during managed flush [org.hibernate.exception.ConstraintViolationException: could not execute statement]
ene 17, 2017 11:54:22 AM org.hibernate.engine.jdbc.connections.internal.DriverManagerConnectionProviderImpl stop
INFO: HHH10001008: Cleaning up connection pool [jdbc:postgresql://localhost:5432/heathrow_airport]
ene 17, 2017 11:54:22 AM org.hibernate.engine.jdbc.connections.internal.DriverManagerConnectionProviderImpl configure
WARN: HHH10001002: Using Hibernate built-in connection pool (not for production use!)
ene 17, 2017 11:54:22 AM org.hibernate.engine.jdbc.connections.internal.DriverManagerConnectionProviderImpl buildCreator
INFO: HHH10001005: using driver [org.postgresql.Driver] at URL [jdbc:postgresql://localhost:5432/heathrow_airport]
ene 17, 2017 11:54:22 AM org.hibernate.engine.jdbc.connections.internal.DriverManagerConnectionProviderImpl buildCreator
INFO: HHH10001001: Connection properties: {user=postgres, password=****}
ene 17, 2017 11:54:22 AM org.hibernate.engine.jdbc.connections.internal.DriverManagerConnectionProviderImpl buildCreator
INFO: HHH10001003: Autocommit mode: false
ene 17, 2017 11:54:22 AM org.hibernate.engine.jdbc.connections.internal.PooledConnections <init>
INFO: HHH000115: Hibernate connection pool size: 10 (min=1)
ene 17, 2017 11:54:22 AM org.hibernate.dialect.Dialect <init>
INFO: HHH000400: Using dialect: org.hibernate.dialect.PostgreSQLDialect
ene 17, 2017 11:54:23 AM org.hibernate.engine.jdbc.env.internal.LobCreatorBuilderImpl useContextualLobCreation
INFO: HHH000424: Disabling contextual LOB creation as createClob() method threw error : java.lang.reflect.InvocationTargetException
ene 17, 2017 11:54:23 AM org.hibernate.type.BasicTypeRegistry register
INFO: HHH000270: Type registration [java.util.UUID] overrides previous : org.hibernate.type.UUIDBinaryType@29a5f4e7
ene 17, 2017 11:54:23 AM org.hibernate.resource.transaction.backend.jdbc.internal.DdlTransactionIsolatorNonJtaImpl getIsolatedConnection
INFO: HHH10001501: Connection obtained from JdbcConnectionAccess [org.hibernate.engine.jdbc.env.internal.JdbcEnvironmentInitiator$ConnectionProviderJdbcConnectionAccess@46d18a33] for (non-JTA) DDL execution was not in auto-commit mode; the Connection 'local transaction' will be committed and the Connection will be set into auto-commit mode.
ene 17, 2017 11:54:23 AM org.hibernate.hql.internal.QueryTranslatorFactoryInitiator initiateService
INFO: HHH000397: Using ASTQueryTranslatorFactory
ene 17, 2017 11:54:23 AM org.hibernate.engine.jdbc.connections.internal.DriverManagerConnectionProviderImpl stop
INFO: HHH10001008: Cleaning up connection pool [jdbc:postgresql://localhost:5432/heathrow_airport]
ene 17, 2017 11:54:23 AM org.hibernate.engine.jdbc.connections.internal.DriverManagerConnectionProviderImpl configure
WARN: HHH10001002: Using Hibernate built-in connection pool (not for production use!)
ene 17, 2017 11:54:23 AM org.hibernate.engine.jdbc.connections.internal.DriverManagerConnectionProviderImpl buildCreator
INFO: HHH10001005: using driver [org.postgresql.Driver] at URL [jdbc:postgresql://localhost:5432/heathrow_airport]
ene 17, 2017 11:54:23 AM org.hibernate.engine.jdbc.connections.internal.DriverManagerConnectionProviderImpl buildCreator
INFO: HHH10001001: Connection properties: {user=postgres, password=****}
ene 17, 2017 11:54:23 AM org.hibernate.engine.jdbc.connections.internal.DriverManagerConnectionProviderImpl buildCreator
INFO: HHH10001003: Autocommit mode: false
ene 17, 2017 11:54:23 AM org.hibernate.engine.jdbc.connections.internal.PooledConnections <init>
INFO: HHH000115: Hibernate connection pool size: 10 (min=1)
ene 17, 2017 11:54:23 AM org.hibernate.dialect.Dialect <init>
INFO: HHH000400: Using dialect: org.hibernate.dialect.PostgreSQLDialect
ene 17, 2017 11:54:23 AM org.hibernate.engine.jdbc.env.internal.LobCreatorBuilderImpl useContextualLobCreation
INFO: HHH000424: Disabling contextual LOB creation as createClob() method threw error : java.lang.reflect.InvocationTargetException
ene 17, 2017 11:54:23 AM org.hibernate.type.BasicTypeRegistry register
INFO: HHH000270: Type registration [java.util.UUID] overrides previous : org.hibernate.type.UUIDBinaryType@29a5f4e7
ene 17, 2017 11:54:23 AM org.hibernate.resource.transaction.backend.jdbc.internal.DdlTransactionIsolatorNonJtaImpl getIsolatedConnection
INFO: HHH10001501: Connection obtained from JdbcConnectionAccess [org.hibernate.engine.jdbc.env.internal.JdbcEnvironmentInitiator$ConnectionProviderJdbcConnectionAccess@29a1dab3] for (non-JTA) DDL execution was not in auto-commit mode; the Connection 'local transaction' will be committed and the Connection will be set into auto-commit mode.
ene 17, 2017 11:54:23 AM org.hibernate.hql.internal.QueryTranslatorFactoryInitiator initiateService
INFO: HHH000397: Using ASTQueryTranslatorFactory
ene 17, 2017 11:54:23 AM org.hibernate.engine.jdbc.connections.internal.DriverManagerConnectionProviderImpl stop
INFO: HHH10001008: Cleaning up connection pool [jdbc:postgresql://localhost:5432/heathrow_airport]
java.lang.NullPointerException
	at domain.dao.DAOAirplane.updateAirplane(DAOAirplane.java:132)
	at actions.airlineManager.AirlineInformationEditSaveAction.execute(AirlineInformationEditSaveAction.java:42)
	at actions.airlineManager.AirlineInformationEditSaveAction$$EnhancerByMockitoWithCGLIB$$b08a2bc8.CGLIB$execute$0(<generated>)
	at actions.airlineManager.AirlineInformationEditSaveAction$$EnhancerByMockitoWithCGLIB$$b08a2bc8$$FastClassByMockitoWithCGLIB$$2c449731.invoke(<generated>)
	at org.mockito.cglib.proxy.MethodProxy.invokeSuper(MethodProxy.java:216)
	at org.mockito.internal.creation.cglib.DelegatingMockitoMethodProxy.invokeSuper(DelegatingMockitoMethodProxy.java:19)
	at org.mockito.internal.invocation.realmethod.DefaultRealMethod.invoke(DefaultRealMethod.java:21)
	at org.mockito.internal.invocation.realmethod.CleanTraceRealMethod.invoke(CleanTraceRealMethod.java:30)
	at org.mockito.internal.invocation.InvocationImpl.callRealMethod(InvocationImpl.java:112)
	at org.mockito.internal.stubbing.answers.CallsRealMethods.answer(CallsRealMethods.java:41)
	at org.mockito.internal.handler.MockHandlerImpl.handle(MockHandlerImpl.java:93)
	at org.mockito.internal.handler.NullResultGuardian.handle(NullResultGuardian.java:29)
	at org.mockito.internal.handler.InvocationNotifierHandler.handle(InvocationNotifierHandler.java:38)
	at org.mockito.internal.creation.cglib.MethodInterceptorFilter.intercept(MethodInterceptorFilter.java:59)
	at actions.airlineManager.AirlineInformationEditSaveAction$$EnhancerByMockitoWithCGLIB$$b08a2bc8.execute(<generated>)
	at airlineManager.TestAirlineInformationEditSaveAction.checkIfTheRedirectionOfThePageAndTheCreationOfTheAirplane(TestAirlineInformationEditSaveAction.java:70)
	at sun.reflect.NativeMethodAccessorImpl.invoke0(Native Method)
	at sun.reflect.NativeMethodAccessorImpl.invoke(Unknown Source)
	at sun.reflect.DelegatingMethodAccessorImpl.invoke(Unknown Source)
	at java.lang.reflect.Method.invoke(Unknown Source)
	at org.junit.runners.model.FrameworkMethod$1.runReflectiveCall(FrameworkMethod.java:50)
	at org.junit.internal.runners.model.ReflectiveCallable.run(ReflectiveCallable.java:12)
	at org.junit.runners.model.FrameworkMethod.invokeExplosively(FrameworkMethod.java:47)
	at org.junit.internal.runners.statements.InvokeMethod.evaluate(InvokeMethod.java:17)
	at org.junit.internal.runners.statements.RunBefores.evaluate(RunBefores.java:26)
	at org.junit.internal.runners.statements.RunAfters.evaluate(RunAfters.java:27)
	at org.junit.runners.ParentRunner.runLeaf(ParentRunner.java:325)
	at org.junit.runners.BlockJUnit4ClassRunner.runChild(BlockJUnit4ClassRunner.java:78)
	at org.junit.runners.BlockJUnit4ClassRunner.runChild(BlockJUnit4ClassRunner.java:57)
	at org.junit.runners.ParentRunner$3.run(ParentRunner.java:290)
	at org.junit.runners.ParentRunner$1.schedule(ParentRunner.java:71)
	at org.junit.runners.ParentRunner.runChildren(ParentRunner.java:288)
	at org.junit.runners.ParentRunner.access$000(ParentRunner.java:58)
	at org.junit.runners.ParentRunner$2.evaluate(ParentRunner.java:268)
	at org.junit.runners.ParentRunner.run(ParentRunner.java:363)
	at org.junit.runners.Suite.runChild(Suite.java:128)
	at org.junit.runners.Suite.runChild(Suite.java:27)
	at org.junit.runners.ParentRunner$3.run(ParentRunner.java:290)
	at org.junit.runners.ParentRunner$1.schedule(ParentRunner.java:71)
	at org.junit.runners.ParentRunner.runChildren(ParentRunner.java:288)
	at org.junit.runners.ParentRunner.access$000(ParentRunner.java:58)
	at org.junit.runners.ParentRunner$2.evaluate(ParentRunner.java:268)
	at org.junit.runners.ParentRunner.run(ParentRunner.java:363)
	at junit.framework.JUnit4TestAdapter.run(JUnit4TestAdapter.java:38)
	at org.apache.tools.ant.taskdefs.optional.junit.JUnitTestRunner.run(JUnitTestRunner.java:535)
	at org.apache.tools.ant.taskdefs.optional.junit.JUnitTestRunner.launch(JUnitTestRunner.java:1182)
	at org.apache.tools.ant.taskdefs.optional.junit.JUnitTestRunner.main(JUnitTestRunner.java:1033)
ene 17, 2017 11:54:23 AM org.hibernate.engine.jdbc.connections.internal.DriverManagerConnectionProviderImpl configure
WARN: HHH10001002: Using Hibernate built-in connection pool (not for production use!)
ene 17, 2017 11:54:23 AM org.hibernate.engine.jdbc.connections.internal.DriverManagerConnectionProviderImpl buildCreator
INFO: HHH10001005: using driver [org.postgresql.Driver] at URL [jdbc:postgresql://localhost:5432/heathrow_airport]
ene 17, 2017 11:54:23 AM org.hibernate.engine.jdbc.connections.internal.DriverManagerConnectionProviderImpl buildCreator
INFO: HHH10001001: Connection properties: {user=postgres, password=****}
ene 17, 2017 11:54:23 AM org.hibernate.engine.jdbc.connections.internal.DriverManagerConnectionProviderImpl buildCreator
INFO: HHH10001003: Autocommit mode: false
ene 17, 2017 11:54:23 AM org.hibernate.engine.jdbc.connections.internal.PooledConnections <init>
INFO: HHH000115: Hibernate connection pool size: 10 (min=1)
ene 17, 2017 11:54:23 AM org.hibernate.dialect.Dialect <init>
INFO: HHH000400: Using dialect: org.hibernate.dialect.PostgreSQLDialect
ene 17, 2017 11:54:23 AM org.hibernate.engine.jdbc.env.internal.LobCreatorBuilderImpl useContextualLobCreation
INFO: HHH000424: Disabling contextual LOB creation as createClob() method threw error : java.lang.reflect.InvocationTargetException
ene 17, 2017 11:54:23 AM org.hibernate.type.BasicTypeRegistry register
INFO: HHH000270: Type registration [java.util.UUID] overrides previous : org.hibernate.type.UUIDBinaryType@29a5f4e7
ene 17, 2017 11:54:23 AM org.hibernate.resource.transaction.backend.jdbc.internal.DdlTransactionIsolatorNonJtaImpl getIsolatedConnection
INFO: HHH10001501: Connection obtained from JdbcConnectionAccess [org.hibernate.engine.jdbc.env.internal.JdbcEnvironmentInitiator$ConnectionProviderJdbcConnectionAccess@3b22bcad] for (non-JTA) DDL execution was not in auto-commit mode; the Connection 'local transaction' will be committed and the Connection will be set into auto-commit mode.
ene 17, 2017 11:54:24 AM org.hibernate.engine.jdbc.connections.internal.DriverManagerConnectionProviderImpl stop
INFO: HHH10001008: Cleaning up connection pool [jdbc:postgresql://localhost:5432/heathrow_airport]
ene 17, 2017 11:54:24 AM org.hibernate.engine.jdbc.connections.internal.DriverManagerConnectionProviderImpl configure
WARN: HHH10001002: Using Hibernate built-in connection pool (not for production use!)
ene 17, 2017 11:54:24 AM org.hibernate.engine.jdbc.connections.internal.DriverManagerConnectionProviderImpl buildCreator
INFO: HHH10001005: using driver [org.postgresql.Driver] at URL [jdbc:postgresql://localhost:5432/heathrow_airport]
ene 17, 2017 11:54:24 AM org.hibernate.engine.jdbc.connections.internal.DriverManagerConnectionProviderImpl buildCreator
INFO: HHH10001001: Connection properties: {user=postgres, password=****}
ene 17, 2017 11:54:24 AM org.hibernate.engine.jdbc.connections.internal.DriverManagerConnectionProviderImpl buildCreator
INFO: HHH10001003: Autocommit mode: false
ene 17, 2017 11:54:24 AM org.hibernate.engine.jdbc.connections.internal.PooledConnections <init>
INFO: HHH000115: Hibernate connection pool size: 10 (min=1)
ene 17, 2017 11:54:24 AM org.hibernate.dialect.Dialect <init>
INFO: HHH000400: Using dialect: org.hibernate.dialect.PostgreSQLDialect
ene 17, 2017 11:54:24 AM org.hibernate.engine.jdbc.env.internal.LobCreatorBuilderImpl useContextualLobCreation
INFO: HHH000424: Disabling contextual LOB creation as createClob() method threw error : java.lang.reflect.InvocationTargetException
ene 17, 2017 11:54:24 AM org.hibernate.type.BasicTypeRegistry register
INFO: HHH000270: Type registration [java.util.UUID] overrides previous : org.hibernate.type.UUIDBinaryType@29a5f4e7
ene 17, 2017 11:54:24 AM org.hibernate.resource.transaction.backend.jdbc.internal.DdlTransactionIsolatorNonJtaImpl getIsolatedConnection
INFO: HHH10001501: Connection obtained from JdbcConnectionAccess [org.hibernate.engine.jdbc.env.internal.JdbcEnvironmentInitiator$ConnectionProviderJdbcConnectionAccess@415c5469] for (non-JTA) DDL execution was not in auto-commit mode; the Connection 'local transaction' will be committed and the Connection will be set into auto-commit mode.
ene 17, 2017 11:54:24 AM org.hibernate.engine.jdbc.connections.internal.DriverManagerConnectionProviderImpl configure
WARN: HHH10001002: Using Hibernate built-in connection pool (not for production use!)
ene 17, 2017 11:54:24 AM org.hibernate.engine.jdbc.connections.internal.DriverManagerConnectionProviderImpl buildCreator
INFO: HHH10001005: using driver [org.postgresql.Driver] at URL [jdbc:postgresql://localhost:5432/heathrow_airport]
ene 17, 2017 11:54:24 AM org.hibernate.engine.jdbc.connections.internal.DriverManagerConnectionProviderImpl buildCreator
INFO: HHH10001001: Connection properties: {user=postgres, password=****}
ene 17, 2017 11:54:24 AM org.hibernate.engine.jdbc.connections.internal.DriverManagerConnectionProviderImpl buildCreator
INFO: HHH10001003: Autocommit mode: false
ene 17, 2017 11:54:24 AM org.hibernate.engine.jdbc.connections.internal.PooledConnections <init>
INFO: HHH000115: Hibernate connection pool size: 10 (min=1)
ene 17, 2017 11:54:24 AM org.hibernate.dialect.Dialect <init>
INFO: HHH000400: Using dialect: org.hibernate.dialect.PostgreSQLDialect
ene 17, 2017 11:54:24 AM org.hibernate.engine.jdbc.env.internal.LobCreatorBuilderImpl useContextualLobCreation
INFO: HHH000424: Disabling contextual LOB creation as createClob() method threw error : java.lang.reflect.InvocationTargetException
ene 17, 2017 11:54:24 AM org.hibernate.type.BasicTypeRegistry register
INFO: HHH000270: Type registration [java.util.UUID] overrides previous : org.hibernate.type.UUIDBinaryType@29a5f4e7
ene 17, 2017 11:54:24 AM org.hibernate.resource.transaction.backend.jdbc.internal.DdlTransactionIsolatorNonJtaImpl getIsolatedConnection
INFO: HHH10001501: Connection obtained from JdbcConnectionAccess [org.hibernate.engine.jdbc.env.internal.JdbcEnvironmentInitiator$ConnectionProviderJdbcConnectionAccess@641bd93e] for (non-JTA) DDL execution was not in auto-commit mode; the Connection 'local transaction' will be committed and the Connection will be set into auto-commit mode.
ene 17, 2017 11:54:24 AM org.hibernate.hql.internal.QueryTranslatorFactoryInitiator initiateService
INFO: HHH000397: Using ASTQueryTranslatorFactory
ene 17, 2017 11:54:24 AM org.hibernate.engine.jdbc.connections.internal.DriverManagerConnectionProviderImpl stop
INFO: HHH10001008: Cleaning up connection pool [jdbc:postgresql://localhost:5432/heathrow_airport]
ene 17, 2017 11:54:24 AM org.hibernate.engine.jdbc.connections.internal.DriverManagerConnectionProviderImpl configure
WARN: HHH10001002: Using Hibernate built-in connection pool (not for production use!)
ene 17, 2017 11:54:24 AM org.hibernate.engine.jdbc.connections.internal.DriverManagerConnectionProviderImpl buildCreator
INFO: HHH10001005: using driver [org.postgresql.Driver] at URL [jdbc:postgresql://localhost:5432/heathrow_airport]
ene 17, 2017 11:54:24 AM org.hibernate.engine.jdbc.connections.internal.DriverManagerConnectionProviderImpl buildCreator
INFO: HHH10001001: Connection properties: {user=postgres, password=****}
ene 17, 2017 11:54:24 AM org.hibernate.engine.jdbc.connections.internal.DriverManagerConnectionProviderImpl buildCreator
INFO: HHH10001003: Autocommit mode: false
ene 17, 2017 11:54:24 AM org.hibernate.engine.jdbc.connections.internal.PooledConnections <init>
INFO: HHH000115: Hibernate connection pool size: 10 (min=1)
ene 17, 2017 11:54:24 AM org.hibernate.dialect.Dialect <init>
INFO: HHH000400: Using dialect: org.hibernate.dialect.PostgreSQLDialect
ene 17, 2017 11:54:24 AM org.hibernate.engine.jdbc.env.internal.LobCreatorBuilderImpl useContextualLobCreation
INFO: HHH000424: Disabling contextual LOB creation as createClob() method threw error : java.lang.reflect.InvocationTargetException
ene 17, 2017 11:54:24 AM org.hibernate.type.BasicTypeRegistry register
INFO: HHH000270: Type registration [java.util.UUID] overrides previous : org.hibernate.type.UUIDBinaryType@29a5f4e7
ene 17, 2017 11:54:24 AM org.hibernate.resource.transaction.backend.jdbc.internal.DdlTransactionIsolatorNonJtaImpl getIsolatedConnection
INFO: HHH10001501: Connection obtained from JdbcConnectionAccess [org.hibernate.engine.jdbc.env.internal.JdbcEnvironmentInitiator$ConnectionProviderJdbcConnectionAccess@460222eb] for (non-JTA) DDL execution was not in auto-commit mode; the Connection 'local transaction' will be committed and the Connection will be set into auto-commit mode.
ene 17, 2017 11:54:25 AM org.hibernate.hql.internal.QueryTranslatorFactoryInitiator initiateService
INFO: HHH000397: Using ASTQueryTranslatorFactory
ene 17, 2017 11:54:25 AM org.hibernate.engine.jdbc.connections.internal.DriverManagerConnectionProviderImpl stop
INFO: HHH10001008: Cleaning up connection pool [jdbc:postgresql://localhost:5432/heathrow_airport]
ene 17, 2017 11:54:25 AM org.hibernate.engine.jdbc.connections.internal.DriverManagerConnectionProviderImpl configure
WARN: HHH10001002: Using Hibernate built-in connection pool (not for production use!)
ene 17, 2017 11:54:25 AM org.hibernate.engine.jdbc.connections.internal.DriverManagerConnectionProviderImpl buildCreator
INFO: HHH10001005: using driver [org.postgresql.Driver] at URL [jdbc:postgresql://localhost:5432/heathrow_airport]
ene 17, 2017 11:54:25 AM org.hibernate.engine.jdbc.connections.internal.DriverManagerConnectionProviderImpl buildCreator
INFO: HHH10001001: Connection properties: {user=postgres, password=****}
ene 17, 2017 11:54:25 AM org.hibernate.engine.jdbc.connections.internal.DriverManagerConnectionProviderImpl buildCreator
INFO: HHH10001003: Autocommit mode: false
ene 17, 2017 11:54:25 AM org.hibernate.engine.jdbc.connections.internal.PooledConnections <init>
INFO: HHH000115: Hibernate connection pool size: 10 (min=1)
ene 17, 2017 11:54:25 AM org.hibernate.dialect.Dialect <init>
INFO: HHH000400: Using dialect: org.hibernate.dialect.PostgreSQLDialect
ene 17, 2017 11:54:25 AM org.hibernate.engine.jdbc.env.internal.LobCreatorBuilderImpl useContextualLobCreation
INFO: HHH000424: Disabling contextual LOB creation as createClob() method threw error : java.lang.reflect.InvocationTargetException
ene 17, 2017 11:54:25 AM org.hibernate.type.BasicTypeRegistry register
INFO: HHH000270: Type registration [java.util.UUID] overrides previous : org.hibernate.type.UUIDBinaryType@29a5f4e7
ene 17, 2017 11:54:25 AM org.hibernate.resource.transaction.backend.jdbc.internal.DdlTransactionIsolatorNonJtaImpl getIsolatedConnection
INFO: HHH10001501: Connection obtained from JdbcConnectionAccess [org.hibernate.engine.jdbc.env.internal.JdbcEnvironmentInitiator$ConnectionProviderJdbcConnectionAccess@1822f675] for (non-JTA) DDL execution was not in auto-commit mode; the Connection 'local transaction' will be committed and the Connection will be set into auto-commit mode.
ene 17, 2017 11:54:25 AM org.hibernate.engine.jdbc.connections.internal.DriverManagerConnectionProviderImpl stop
INFO: HHH10001008: Cleaning up connection pool [jdbc:postgresql://localhost:5432/heathrow_airport]
ene 17, 2017 11:54:25 AM org.hibernate.engine.jdbc.connections.internal.DriverManagerConnectionProviderImpl configure
WARN: HHH10001002: Using Hibernate built-in connection pool (not for production use!)
ene 17, 2017 11:54:25 AM org.hibernate.engine.jdbc.connections.internal.DriverManagerConnectionProviderImpl buildCreator
INFO: HHH10001005: using driver [org.postgresql.Driver] at URL [jdbc:postgresql://localhost:5432/heathrow_airport]
ene 17, 2017 11:54:25 AM org.hibernate.engine.jdbc.connections.internal.DriverManagerConnectionProviderImpl buildCreator
INFO: HHH10001001: Connection properties: {user=postgres, password=****}
ene 17, 2017 11:54:25 AM org.hibernate.engine.jdbc.connections.internal.DriverManagerConnectionProviderImpl buildCreator
INFO: HHH10001003: Autocommit mode: false
ene 17, 2017 11:54:25 AM org.hibernate.engine.jdbc.connections.internal.PooledConnections <init>
INFO: HHH000115: Hibernate connection pool size: 10 (min=1)
ene 17, 2017 11:54:25 AM org.hibernate.dialect.Dialect <init>
INFO: HHH000400: Using dialect: org.hibernate.dialect.PostgreSQLDialect
ene 17, 2017 11:54:25 AM org.hibernate.engine.jdbc.env.internal.LobCreatorBuilderImpl useContextualLobCreation
INFO: HHH000424: Disabling contextual LOB creation as createClob() method threw error : java.lang.reflect.InvocationTargetException
ene 17, 2017 11:54:25 AM org.hibernate.type.BasicTypeRegistry register
INFO: HHH000270: Type registration [java.util.UUID] overrides previous : org.hibernate.type.UUIDBinaryType@29a5f4e7
ene 17, 2017 11:54:25 AM org.hibernate.resource.transaction.backend.jdbc.internal.DdlTransactionIsolatorNonJtaImpl getIsolatedConnection
INFO: HHH10001501: Connection obtained from JdbcConnectionAccess [org.hibernate.engine.jdbc.env.internal.JdbcEnvironmentInitiator$ConnectionProviderJdbcConnectionAccess@55b89b11] for (non-JTA) DDL execution was not in auto-commit mode; the Connection 'local transaction' will be committed and the Connection will be set into auto-commit mode.
ene 17, 2017 11:54:25 AM org.hibernate.hql.internal.QueryTranslatorFactoryInitiator initiateService
INFO: HHH000397: Using ASTQueryTranslatorFactory
ene 17, 2017 11:54:25 AM org.hibernate.engine.jdbc.connections.internal.DriverManagerConnectionProviderImpl stop
INFO: HHH10001008: Cleaning up connection pool [jdbc:postgresql://localhost:5432/heathrow_airport]
ene 17, 2017 11:54:25 AM org.hibernate.engine.jdbc.connections.internal.DriverManagerConnectionProviderImpl configure
WARN: HHH10001002: Using Hibernate built-in connection pool (not for production use!)
ene 17, 2017 11:54:25 AM org.hibernate.engine.jdbc.connections.internal.DriverManagerConnectionProviderImpl buildCreator
INFO: HHH10001005: using driver [org.postgresql.Driver] at URL [jdbc:postgresql://localhost:5432/heathrow_airport]
ene 17, 2017 11:54:25 AM org.hibernate.engine.jdbc.connections.internal.DriverManagerConnectionProviderImpl buildCreator
INFO: HHH10001001: Connection properties: {user=postgres, password=****}
ene 17, 2017 11:54:25 AM org.hibernate.engine.jdbc.connections.internal.DriverManagerConnectionProviderImpl buildCreator
INFO: HHH10001003: Autocommit mode: false
ene 17, 2017 11:54:25 AM org.hibernate.engine.jdbc.connections.internal.PooledConnections <init>
INFO: HHH000115: Hibernate connection pool size: 10 (min=1)
ene 17, 2017 11:54:25 AM org.hibernate.dialect.Dialect <init>
INFO: HHH000400: Using dialect: org.hibernate.dialect.PostgreSQLDialect
ene 17, 2017 11:54:25 AM org.hibernate.engine.jdbc.env.internal.LobCreatorBuilderImpl useContextualLobCreation
INFO: HHH000424: Disabling contextual LOB creation as createClob() method threw error : java.lang.reflect.InvocationTargetException
ene 17, 2017 11:54:25 AM org.hibernate.type.BasicTypeRegistry register
INFO: HHH000270: Type registration [java.util.UUID] overrides previous : org.hibernate.type.UUIDBinaryType@29a5f4e7
ene 17, 2017 11:54:25 AM org.hibernate.resource.transaction.backend.jdbc.internal.DdlTransactionIsolatorNonJtaImpl getIsolatedConnection
INFO: HHH10001501: Connection obtained from JdbcConnectionAccess [org.hibernate.engine.jdbc.env.internal.JdbcEnvironmentInitiator$ConnectionProviderJdbcConnectionAccess@40053c7a] for (non-JTA) DDL execution was not in auto-commit mode; the Connection 'local transaction' will be committed and the Connection will be set into auto-commit mode.
ene 17, 2017 11:54:26 AM org.hibernate.engine.jdbc.spi.SqlExceptionHelper logExceptions
WARN: SQL Error: 0, SQLState: 23503
ene 17, 2017 11:54:26 AM org.hibernate.engine.jdbc.spi.SqlExceptionHelper logExceptions
ERROR: ERROR: update o delete en «airplane» viola la llave foránea «fk4qciy93n40annmm8hn24toahv» en la tabla «flight»
  Detail: La llave (airplaneid)=(1) todavía es referida desde la tabla «flight».
ene 17, 2017 11:54:26 AM org.hibernate.engine.jdbc.batch.internal.AbstractBatchImpl release
INFO: HHH000010: On release of batch it still contained JDBC statements
ene 17, 2017 11:54:26 AM org.hibernate.internal.ExceptionMapperStandardImpl mapManagedFlushFailure
ERROR: HHH000346: Error during managed flush [org.hibernate.exception.ConstraintViolationException: could not execute statement]
ene 17, 2017 11:54:26 AM org.hibernate.engine.jdbc.connections.internal.DriverManagerConnectionProviderImpl stop
INFO: HHH10001008: Cleaning up connection pool [jdbc:postgresql://localhost:5432/heathrow_airport]
ene 17, 2017 11:54:26 AM org.hibernate.engine.jdbc.connections.internal.DriverManagerConnectionProviderImpl configure
WARN: HHH10001002: Using Hibernate built-in connection pool (not for production use!)
ene 17, 2017 11:54:26 AM org.hibernate.engine.jdbc.connections.internal.DriverManagerConnectionProviderImpl buildCreator
INFO: HHH10001005: using driver [org.postgresql.Driver] at URL [jdbc:postgresql://localhost:5432/heathrow_airport]
ene 17, 2017 11:54:26 AM org.hibernate.engine.jdbc.connections.internal.DriverManagerConnectionProviderImpl buildCreator
INFO: HHH10001001: Connection properties: {user=postgres, password=****}
ene 17, 2017 11:54:26 AM org.hibernate.engine.jdbc.connections.internal.DriverManagerConnectionProviderImpl buildCreator
INFO: HHH10001003: Autocommit mode: false
ene 17, 2017 11:54:26 AM org.hibernate.engine.jdbc.connections.internal.PooledConnections <init>
INFO: HHH000115: Hibernate connection pool size: 10 (min=1)
ene 17, 2017 11:54:26 AM org.hibernate.dialect.Dialect <init>
INFO: HHH000400: Using dialect: org.hibernate.dialect.PostgreSQLDialect
ene 17, 2017 11:54:26 AM org.hibernate.engine.jdbc.env.internal.LobCreatorBuilderImpl useContextualLobCreation
INFO: HHH000424: Disabling contextual LOB creation as createClob() method threw error : java.lang.reflect.InvocationTargetException
ene 17, 2017 11:54:26 AM org.hibernate.type.BasicTypeRegistry register
INFO: HHH000270: Type registration [java.util.UUID] overrides previous : org.hibernate.type.UUIDBinaryType@29a5f4e7
ene 17, 2017 11:54:26 AM org.hibernate.resource.transaction.backend.jdbc.internal.DdlTransactionIsolatorNonJtaImpl getIsolatedConnection
INFO: HHH10001501: Connection obtained from JdbcConnectionAccess [org.hibernate.engine.jdbc.env.internal.JdbcEnvironmentInitiator$ConnectionProviderJdbcConnectionAccess@38a01810] for (non-JTA) DDL execution was not in auto-commit mode; the Connection 'local transaction' will be committed and the Connection will be set into auto-commit mode.
ene 17, 2017 11:54:26 AM org.hibernate.hql.internal.QueryTranslatorFactoryInitiator initiateService
INFO: HHH000397: Using ASTQueryTranslatorFactory
ene 17, 2017 11:54:26 AM org.hibernate.engine.jdbc.connections.internal.DriverManagerConnectionProviderImpl stop
INFO: HHH10001008: Cleaning up connection pool [jdbc:postgresql://localhost:5432/heathrow_airport]
ene 17, 2017 11:54:26 AM org.hibernate.engine.jdbc.connections.internal.DriverManagerConnectionProviderImpl configure
WARN: HHH10001002: Using Hibernate built-in connection pool (not for production use!)
ene 17, 2017 11:54:26 AM org.hibernate.engine.jdbc.connections.internal.DriverManagerConnectionProviderImpl buildCreator
INFO: HHH10001005: using driver [org.postgresql.Driver] at URL [jdbc:postgresql://localhost:5432/heathrow_airport]
ene 17, 2017 11:54:26 AM org.hibernate.engine.jdbc.connections.internal.DriverManagerConnectionProviderImpl buildCreator
INFO: HHH10001001: Connection properties: {user=postgres, password=****}
ene 17, 2017 11:54:26 AM org.hibernate.engine.jdbc.connections.internal.DriverManagerConnectionProviderImpl buildCreator
INFO: HHH10001003: Autocommit mode: false
ene 17, 2017 11:54:26 AM org.hibernate.engine.jdbc.connections.internal.PooledConnections <init>
INFO: HHH000115: Hibernate connection pool size: 10 (min=1)
ene 17, 2017 11:54:26 AM org.hibernate.dialect.Dialect <init>
INFO: HHH000400: Using dialect: org.hibernate.dialect.PostgreSQLDialect
ene 17, 2017 11:54:26 AM org.hibernate.engine.jdbc.env.internal.LobCreatorBuilderImpl useContextualLobCreation
INFO: HHH000424: Disabling contextual LOB creation as createClob() method threw error : java.lang.reflect.InvocationTargetException
ene 17, 2017 11:54:26 AM org.hibernate.type.BasicTypeRegistry register
INFO: HHH000270: Type registration [java.util.UUID] overrides previous : org.hibernate.type.UUIDBinaryType@29a5f4e7
ene 17, 2017 11:54:26 AM org.hibernate.resource.transaction.backend.jdbc.internal.DdlTransactionIsolatorNonJtaImpl getIsolatedConnection
INFO: HHH10001501: Connection obtained from JdbcConnectionAccess [org.hibernate.engine.jdbc.env.internal.JdbcEnvironmentInitiator$ConnectionProviderJdbcConnectionAccess@16e557d4] for (non-JTA) DDL execution was not in auto-commit mode; the Connection 'local transaction' will be committed and the Connection will be set into auto-commit mode.
ene 17, 2017 11:54:26 AM org.hibernate.engine.jdbc.connections.internal.DriverManagerConnectionProviderImpl stop
INFO: HHH10001008: Cleaning up connection pool [jdbc:postgresql://localhost:5432/heathrow_airport]
ene 17, 2017 11:54:26 AM org.hibernate.engine.jdbc.connections.internal.DriverManagerConnectionProviderImpl configure
WARN: HHH10001002: Using Hibernate built-in connection pool (not for production use!)
ene 17, 2017 11:54:26 AM org.hibernate.engine.jdbc.connections.internal.DriverManagerConnectionProviderImpl buildCreator
INFO: HHH10001005: using driver [org.postgresql.Driver] at URL [jdbc:postgresql://localhost:5432/heathrow_airport]
ene 17, 2017 11:54:26 AM org.hibernate.engine.jdbc.connections.internal.DriverManagerConnectionProviderImpl buildCreator
INFO: HHH10001001: Connection properties: {user=postgres, password=****}
ene 17, 2017 11:54:26 AM org.hibernate.engine.jdbc.connections.internal.DriverManagerConnectionProviderImpl buildCreator
INFO: HHH10001003: Autocommit mode: false
ene 17, 2017 11:54:26 AM org.hibernate.engine.jdbc.connections.internal.PooledConnections <init>
INFO: HHH000115: Hibernate connection pool size: 10 (min=1)
ene 17, 2017 11:54:26 AM org.hibernate.dialect.Dialect <init>
INFO: HHH000400: Using dialect: org.hibernate.dialect.PostgreSQLDialect
ene 17, 2017 11:54:26 AM org.hibernate.engine.jdbc.env.internal.LobCreatorBuilderImpl useContextualLobCreation
INFO: HHH000424: Disabling contextual LOB creation as createClob() method threw error : java.lang.reflect.InvocationTargetException
ene 17, 2017 11:54:26 AM org.hibernate.type.BasicTypeRegistry register
INFO: HHH000270: Type registration [java.util.UUID] overrides previous : org.hibernate.type.UUIDBinaryType@29a5f4e7
ene 17, 2017 11:54:26 AM org.hibernate.resource.transaction.backend.jdbc.internal.DdlTransactionIsolatorNonJtaImpl getIsolatedConnection
INFO: HHH10001501: Connection obtained from JdbcConnectionAccess [org.hibernate.engine.jdbc.env.internal.JdbcEnvironmentInitiator$ConnectionProviderJdbcConnectionAccess@7b140ad] for (non-JTA) DDL execution was not in auto-commit mode; the Connection 'local transaction' will be committed and the Connection will be set into auto-commit mode.
ene 17, 2017 11:54:27 AM org.hibernate.hql.internal.QueryTranslatorFactoryInitiator initiateService
INFO: HHH000397: Using ASTQueryTranslatorFactory
ene 17, 2017 11:54:27 AM org.hibernate.engine.jdbc.connections.internal.DriverManagerConnectionProviderImpl stop
INFO: HHH10001008: Cleaning up connection pool [jdbc:postgresql://localhost:5432/heathrow_airport]
ene 17, 2017 11:54:27 AM org.hibernate.engine.jdbc.connections.internal.DriverManagerConnectionProviderImpl configure
WARN: HHH10001002: Using Hibernate built-in connection pool (not for production use!)
ene 17, 2017 11:54:27 AM org.hibernate.engine.jdbc.connections.internal.DriverManagerConnectionProviderImpl buildCreator
INFO: HHH10001005: using driver [org.postgresql.Driver] at URL [jdbc:postgresql://localhost:5432/heathrow_airport]
ene 17, 2017 11:54:27 AM org.hibernate.engine.jdbc.connections.internal.DriverManagerConnectionProviderImpl buildCreator
INFO: HHH10001001: Connection properties: {user=postgres, password=****}
ene 17, 2017 11:54:27 AM org.hibernate.engine.jdbc.connections.internal.DriverManagerConnectionProviderImpl buildCreator
INFO: HHH10001003: Autocommit mode: false
ene 17, 2017 11:54:27 AM org.hibernate.engine.jdbc.connections.internal.PooledConnections <init>
INFO: HHH000115: Hibernate connection pool size: 10 (min=1)
ene 17, 2017 11:54:27 AM org.hibernate.dialect.Dialect <init>
INFO: HHH000400: Using dialect: org.hibernate.dialect.PostgreSQLDialect
ene 17, 2017 11:54:27 AM org.hibernate.engine.jdbc.env.internal.LobCreatorBuilderImpl useContextualLobCreation
INFO: HHH000424: Disabling contextual LOB creation as createClob() method threw error : java.lang.reflect.InvocationTargetException
ene 17, 2017 11:54:27 AM org.hibernate.type.BasicTypeRegistry register
INFO: HHH000270: Type registration [java.util.UUID] overrides previous : org.hibernate.type.UUIDBinaryType@29a5f4e7
ene 17, 2017 11:54:27 AM org.hibernate.resource.transaction.backend.jdbc.internal.DdlTransactionIsolatorNonJtaImpl getIsolatedConnection
INFO: HHH10001501: Connection obtained from JdbcConnectionAccess [org.hibernate.engine.jdbc.env.internal.JdbcEnvironmentInitiator$ConnectionProviderJdbcConnectionAccess@1ddf7d19] for (non-JTA) DDL execution was not in auto-commit mode; the Connection 'local transaction' will be committed and the Connection will be set into auto-commit mode.
ene 17, 2017 11:54:27 AM org.hibernate.engine.jdbc.spi.SqlExceptionHelper logExceptions
WARN: SQL Error: 0, SQLState: 23505
ene 17, 2017 11:54:27 AM org.hibernate.engine.jdbc.spi.SqlExceptionHelper logExceptions
ERROR: ERROR: llave duplicada viola restricción de unicidad «passanger_pkey»
  Detail: Ya existe la llave (passangerid)=(1).
ene 17, 2017 11:54:27 AM org.hibernate.engine.jdbc.batch.internal.AbstractBatchImpl release
INFO: HHH000010: On release of batch it still contained JDBC statements
ene 17, 2017 11:54:27 AM org.hibernate.internal.ExceptionMapperStandardImpl mapManagedFlushFailure
ERROR: HHH000346: Error during managed flush [org.hibernate.exception.ConstraintViolationException: could not execute statement]
ene 17, 2017 11:54:27 AM org.hibernate.engine.jdbc.connections.internal.DriverManagerConnectionProviderImpl stop
INFO: HHH10001008: Cleaning up connection pool [jdbc:postgresql://localhost:5432/heathrow_airport]
ene 17, 2017 11:54:27 AM org.hibernate.engine.jdbc.connections.internal.DriverManagerConnectionProviderImpl configure
WARN: HHH10001002: Using Hibernate built-in connection pool (not for production use!)
ene 17, 2017 11:54:27 AM org.hibernate.engine.jdbc.connections.internal.DriverManagerConnectionProviderImpl buildCreator
INFO: HHH10001005: using driver [org.postgresql.Driver] at URL [jdbc:postgresql://localhost:5432/heathrow_airport]
ene 17, 2017 11:54:27 AM org.hibernate.engine.jdbc.connections.internal.DriverManagerConnectionProviderImpl buildCreator
INFO: HHH10001001: Connection properties: {user=postgres, password=****}
ene 17, 2017 11:54:27 AM org.hibernate.engine.jdbc.connections.internal.DriverManagerConnectionProviderImpl buildCreator
INFO: HHH10001003: Autocommit mode: false
ene 17, 2017 11:54:27 AM org.hibernate.engine.jdbc.connections.internal.PooledConnections <init>
INFO: HHH000115: Hibernate connection pool size: 10 (min=1)
ene 17, 2017 11:54:27 AM org.hibernate.dialect.Dialect <init>
INFO: HHH000400: Using dialect: org.hibernate.dialect.PostgreSQLDialect
ene 17, 2017 11:54:27 AM org.hibernate.engine.jdbc.env.internal.LobCreatorBuilderImpl useContextualLobCreation
INFO: HHH000424: Disabling contextual LOB creation as createClob() method threw error : java.lang.reflect.InvocationTargetException
ene 17, 2017 11:54:27 AM org.hibernate.type.BasicTypeRegistry register
INFO: HHH000270: Type registration [java.util.UUID] overrides previous : org.hibernate.type.UUIDBinaryType@29a5f4e7
ene 17, 2017 11:54:27 AM org.hibernate.resource.transaction.backend.jdbc.internal.DdlTransactionIsolatorNonJtaImpl getIsolatedConnection
INFO: HHH10001501: Connection obtained from JdbcConnectionAccess [org.hibernate.engine.jdbc.env.internal.JdbcEnvironmentInitiator$ConnectionProviderJdbcConnectionAccess@234d2916] for (non-JTA) DDL execution was not in auto-commit mode; the Connection 'local transaction' will be committed and the Connection will be set into auto-commit mode.
ene 17, 2017 11:54:27 AM org.hibernate.internal.ExceptionMapperStandardImpl mapManagedFlushFailure
ERROR: HHH000346: Error during managed flush [Validation failed for classes [domain.model.Passanger] during persist time for groups [javax.validation.groups.Default, ]
List of constraint violations:[
	ConstraintViolationImpl{interpolatedMessage='no puede ser null', propertyPath=birthDate, rootBeanClass=class domain.model.Passanger, messageTemplate='{javax.validation.constraints.NotNull.message}'}
]]
ene 17, 2017 11:54:27 AM org.hibernate.engine.jdbc.connections.internal.DriverManagerConnectionProviderImpl stop
INFO: HHH10001008: Cleaning up connection pool [jdbc:postgresql://localhost:5432/heathrow_airport]
ene 17, 2017 11:54:27 AM org.hibernate.engine.jdbc.connections.internal.DriverManagerConnectionProviderImpl configure
WARN: HHH10001002: Using Hibernate built-in connection pool (not for production use!)
ene 17, 2017 11:54:27 AM org.hibernate.engine.jdbc.connections.internal.DriverManagerConnectionProviderImpl buildCreator
INFO: HHH10001005: using driver [org.postgresql.Driver] at URL [jdbc:postgresql://localhost:5432/heathrow_airport]
ene 17, 2017 11:54:27 AM org.hibernate.engine.jdbc.connections.internal.DriverManagerConnectionProviderImpl buildCreator
INFO: HHH10001001: Connection properties: {user=postgres, password=****}
ene 17, 2017 11:54:27 AM org.hibernate.engine.jdbc.connections.internal.DriverManagerConnectionProviderImpl buildCreator
INFO: HHH10001003: Autocommit mode: false
ene 17, 2017 11:54:27 AM org.hibernate.engine.jdbc.connections.internal.PooledConnections <init>
INFO: HHH000115: Hibernate connection pool size: 10 (min=1)
ene 17, 2017 11:54:27 AM org.hibernate.dialect.Dialect <init>
INFO: HHH000400: Using dialect: org.hibernate.dialect.PostgreSQLDialect
ene 17, 2017 11:54:27 AM org.hibernate.engine.jdbc.env.internal.LobCreatorBuilderImpl useContextualLobCreation
INFO: HHH000424: Disabling contextual LOB creation as createClob() method threw error : java.lang.reflect.InvocationTargetException
ene 17, 2017 11:54:27 AM org.hibernate.type.BasicTypeRegistry register
INFO: HHH000270: Type registration [java.util.UUID] overrides previous : org.hibernate.type.UUIDBinaryType@29a5f4e7
ene 17, 2017 11:54:27 AM org.hibernate.resource.transaction.backend.jdbc.internal.DdlTransactionIsolatorNonJtaImpl getIsolatedConnection
INFO: HHH10001501: Connection obtained from JdbcConnectionAccess [org.hibernate.engine.jdbc.env.internal.JdbcEnvironmentInitiator$ConnectionProviderJdbcConnectionAccess@1916147d] for (non-JTA) DDL execution was not in auto-commit mode; the Connection 'local transaction' will be committed and the Connection will be set into auto-commit mode.
ene 17, 2017 11:54:28 AM org.hibernate.hql.internal.QueryTranslatorFactoryInitiator initiateService
INFO: HHH000397: Using ASTQueryTranslatorFactory
ene 17, 2017 11:54:28 AM org.hibernate.engine.jdbc.connections.internal.DriverManagerConnectionProviderImpl stop
INFO: HHH10001008: Cleaning up connection pool [jdbc:postgresql://localhost:5432/heathrow_airport]
ene 17, 2017 11:54:28 AM org.hibernate.engine.jdbc.connections.internal.DriverManagerConnectionProviderImpl configure
WARN: HHH10001002: Using Hibernate built-in connection pool (not for production use!)
ene 17, 2017 11:54:28 AM org.hibernate.engine.jdbc.connections.internal.DriverManagerConnectionProviderImpl buildCreator
INFO: HHH10001005: using driver [org.postgresql.Driver] at URL [jdbc:postgresql://localhost:5432/heathrow_airport]
ene 17, 2017 11:54:28 AM org.hibernate.engine.jdbc.connections.internal.DriverManagerConnectionProviderImpl buildCreator
INFO: HHH10001001: Connection properties: {user=postgres, password=****}
ene 17, 2017 11:54:28 AM org.hibernate.engine.jdbc.connections.internal.DriverManagerConnectionProviderImpl buildCreator
INFO: HHH10001003: Autocommit mode: false
ene 17, 2017 11:54:28 AM org.hibernate.engine.jdbc.connections.internal.PooledConnections <init>
INFO: HHH000115: Hibernate connection pool size: 10 (min=1)
ene 17, 2017 11:54:28 AM org.hibernate.dialect.Dialect <init>
INFO: HHH000400: Using dialect: org.hibernate.dialect.PostgreSQLDialect
ene 17, 2017 11:54:28 AM org.hibernate.engine.jdbc.env.internal.LobCreatorBuilderImpl useContextualLobCreation
INFO: HHH000424: Disabling contextual LOB creation as createClob() method threw error : java.lang.reflect.InvocationTargetException
ene 17, 2017 11:54:28 AM org.hibernate.type.BasicTypeRegistry register
INFO: HHH000270: Type registration [java.util.UUID] overrides previous : org.hibernate.type.UUIDBinaryType@29a5f4e7
ene 17, 2017 11:54:28 AM org.hibernate.resource.transaction.backend.jdbc.internal.DdlTransactionIsolatorNonJtaImpl getIsolatedConnection
INFO: HHH10001501: Connection obtained from JdbcConnectionAccess [org.hibernate.engine.jdbc.env.internal.JdbcEnvironmentInitiator$ConnectionProviderJdbcConnectionAccess@612deab0] for (non-JTA) DDL execution was not in auto-commit mode; the Connection 'local transaction' will be committed and the Connection will be set into auto-commit mode.
ene 17, 2017 11:54:28 AM org.hibernate.hql.internal.QueryTranslatorFactoryInitiator initiateService
INFO: HHH000397: Using ASTQueryTranslatorFactory
ene 17, 2017 11:54:28 AM org.hibernate.engine.jdbc.connections.internal.DriverManagerConnectionProviderImpl stop
INFO: HHH10001008: Cleaning up connection pool [jdbc:postgresql://localhost:5432/heathrow_airport]
ene 17, 2017 11:54:28 AM org.hibernate.engine.jdbc.connections.internal.DriverManagerConnectionProviderImpl configure
WARN: HHH10001002: Using Hibernate built-in connection pool (not for production use!)
ene 17, 2017 11:54:28 AM org.hibernate.engine.jdbc.connections.internal.DriverManagerConnectionProviderImpl buildCreator
INFO: HHH10001005: using driver [org.postgresql.Driver] at URL [jdbc:postgresql://localhost:5432/heathrow_airport]
ene 17, 2017 11:54:28 AM org.hibernate.engine.jdbc.connections.internal.DriverManagerConnectionProviderImpl buildCreator
INFO: HHH10001001: Connection properties: {user=postgres, password=****}
ene 17, 2017 11:54:28 AM org.hibernate.engine.jdbc.connections.internal.DriverManagerConnectionProviderImpl buildCreator
INFO: HHH10001003: Autocommit mode: false
ene 17, 2017 11:54:28 AM org.hibernate.engine.jdbc.connections.internal.PooledConnections <init>
INFO: HHH000115: Hibernate connection pool size: 10 (min=1)
ene 17, 2017 11:54:28 AM org.hibernate.dialect.Dialect <init>
INFO: HHH000400: Using dialect: org.hibernate.dialect.PostgreSQLDialect
ene 17, 2017 11:54:28 AM org.hibernate.engine.jdbc.env.internal.LobCreatorBuilderImpl useContextualLobCreation
INFO: HHH000424: Disabling contextual LOB creation as createClob() method threw error : java.lang.reflect.InvocationTargetException
ene 17, 2017 11:54:28 AM org.hibernate.type.BasicTypeRegistry register
INFO: HHH000270: Type registration [java.util.UUID] overrides previous : org.hibernate.type.UUIDBinaryType@29a5f4e7
ene 17, 2017 11:54:28 AM org.hibernate.resource.transaction.backend.jdbc.internal.DdlTransactionIsolatorNonJtaImpl getIsolatedConnection
INFO: HHH10001501: Connection obtained from JdbcConnectionAccess [org.hibernate.engine.jdbc.env.internal.JdbcEnvironmentInitiator$ConnectionProviderJdbcConnectionAccess@35f6a35e] for (non-JTA) DDL execution was not in auto-commit mode; the Connection 'local transaction' will be committed and the Connection will be set into auto-commit mode.
ene 17, 2017 11:54:28 AM org.hibernate.hql.internal.QueryTranslatorFactoryInitiator initiateService
INFO: HHH000397: Using ASTQueryTranslatorFactory
ene 17, 2017 11:54:28 AM org.hibernate.engine.jdbc.connections.internal.DriverManagerConnectionProviderImpl stop
INFO: HHH10001008: Cleaning up connection pool [jdbc:postgresql://localhost:5432/heathrow_airport]
ene 17, 2017 11:54:28 AM org.hibernate.engine.jdbc.connections.internal.DriverManagerConnectionProviderImpl configure
WARN: HHH10001002: Using Hibernate built-in connection pool (not for production use!)
ene 17, 2017 11:54:28 AM org.hibernate.engine.jdbc.connections.internal.DriverManagerConnectionProviderImpl buildCreator
INFO: HHH10001005: using driver [org.postgresql.Driver] at URL [jdbc:postgresql://localhost:5432/heathrow_airport]
ene 17, 2017 11:54:28 AM org.hibernate.engine.jdbc.connections.internal.DriverManagerConnectionProviderImpl buildCreator
INFO: HHH10001001: Connection properties: {user=postgres, password=****}
ene 17, 2017 11:54:28 AM org.hibernate.engine.jdbc.connections.internal.DriverManagerConnectionProviderImpl buildCreator
INFO: HHH10001003: Autocommit mode: false
ene 17, 2017 11:54:28 AM org.hibernate.engine.jdbc.connections.internal.PooledConnections <init>
INFO: HHH000115: Hibernate connection pool size: 10 (min=1)
ene 17, 2017 11:54:28 AM org.hibernate.dialect.Dialect <init>
INFO: HHH000400: Using dialect: org.hibernate.dialect.PostgreSQLDialect
ene 17, 2017 11:54:29 AM org.hibernate.engine.jdbc.env.internal.LobCreatorBuilderImpl useContextualLobCreation
INFO: HHH000424: Disabling contextual LOB creation as createClob() method threw error : java.lang.reflect.InvocationTargetException
ene 17, 2017 11:54:29 AM org.hibernate.type.BasicTypeRegistry register
INFO: HHH000270: Type registration [java.util.UUID] overrides previous : org.hibernate.type.UUIDBinaryType@29a5f4e7
ene 17, 2017 11:54:29 AM org.hibernate.resource.transaction.backend.jdbc.internal.DdlTransactionIsolatorNonJtaImpl getIsolatedConnection
INFO: HHH10001501: Connection obtained from JdbcConnectionAccess [org.hibernate.engine.jdbc.env.internal.JdbcEnvironmentInitiator$ConnectionProviderJdbcConnectionAccess@4e1e0cd7] for (non-JTA) DDL execution was not in auto-commit mode; the Connection 'local transaction' will be committed and the Connection will be set into auto-commit mode.
ene 17, 2017 11:54:29 AM org.hibernate.hql.internal.QueryTranslatorFactoryInitiator initiateService
INFO: HHH000397: Using ASTQueryTranslatorFactory
ene 17, 2017 11:54:29 AM org.hibernate.engine.jdbc.connections.internal.DriverManagerConnectionProviderImpl stop
INFO: HHH10001008: Cleaning up connection pool [jdbc:postgresql://localhost:5432/heathrow_airport]
ene 17, 2017 11:54:29 AM org.hibernate.engine.jdbc.connections.internal.DriverManagerConnectionProviderImpl configure
WARN: HHH10001002: Using Hibernate built-in connection pool (not for production use!)
ene 17, 2017 11:54:29 AM org.hibernate.engine.jdbc.connections.internal.DriverManagerConnectionProviderImpl buildCreator
INFO: HHH10001005: using driver [org.postgresql.Driver] at URL [jdbc:postgresql://localhost:5432/heathrow_airport]
ene 17, 2017 11:54:29 AM org.hibernate.engine.jdbc.connections.internal.DriverManagerConnectionProviderImpl buildCreator
INFO: HHH10001001: Connection properties: {user=postgres, password=****}
ene 17, 2017 11:54:29 AM org.hibernate.engine.jdbc.connections.internal.DriverManagerConnectionProviderImpl buildCreator
INFO: HHH10001003: Autocommit mode: false
ene 17, 2017 11:54:29 AM org.hibernate.engine.jdbc.connections.internal.PooledConnections <init>
INFO: HHH000115: Hibernate connection pool size: 10 (min=1)
ene 17, 2017 11:54:29 AM org.hibernate.dialect.Dialect <init>
INFO: HHH000400: Using dialect: org.hibernate.dialect.PostgreSQLDialect
ene 17, 2017 11:54:29 AM org.hibernate.engine.jdbc.env.internal.LobCreatorBuilderImpl useContextualLobCreation
INFO: HHH000424: Disabling contextual LOB creation as createClob() method threw error : java.lang.reflect.InvocationTargetException
ene 17, 2017 11:54:29 AM org.hibernate.type.BasicTypeRegistry register
INFO: HHH000270: Type registration [java.util.UUID] overrides previous : org.hibernate.type.UUIDBinaryType@29a5f4e7
ene 17, 2017 11:54:29 AM org.hibernate.resource.transaction.backend.jdbc.internal.DdlTransactionIsolatorNonJtaImpl getIsolatedConnection
INFO: HHH10001501: Connection obtained from JdbcConnectionAccess [org.hibernate.engine.jdbc.env.internal.JdbcEnvironmentInitiator$ConnectionProviderJdbcConnectionAccess@10a1d1b9] for (non-JTA) DDL execution was not in auto-commit mode; the Connection 'local transaction' will be committed and the Connection will be set into auto-commit mode.
ene 17, 2017 11:54:29 AM org.hibernate.hql.internal.QueryTranslatorFactoryInitiator initiateService
INFO: HHH000397: Using ASTQueryTranslatorFactory
ene 17, 2017 11:54:29 AM org.hibernate.engine.jdbc.connections.internal.DriverManagerConnectionProviderImpl stop
INFO: HHH10001008: Cleaning up connection pool [jdbc:postgresql://localhost:5432/heathrow_airport]
ene 17, 2017 11:54:29 AM org.hibernate.engine.jdbc.connections.internal.DriverManagerConnectionProviderImpl configure
WARN: HHH10001002: Using Hibernate built-in connection pool (not for production use!)
ene 17, 2017 11:54:29 AM org.hibernate.engine.jdbc.connections.internal.DriverManagerConnectionProviderImpl buildCreator
INFO: HHH10001005: using driver [org.postgresql.Driver] at URL [jdbc:postgresql://localhost:5432/heathrow_airport]
ene 17, 2017 11:54:29 AM org.hibernate.engine.jdbc.connections.internal.DriverManagerConnectionProviderImpl buildCreator
INFO: HHH10001001: Connection properties: {user=postgres, password=****}
ene 17, 2017 11:54:29 AM org.hibernate.engine.jdbc.connections.internal.DriverManagerConnectionProviderImpl buildCreator
INFO: HHH10001003: Autocommit mode: false
ene 17, 2017 11:54:29 AM org.hibernate.engine.jdbc.connections.internal.PooledConnections <init>
INFO: HHH000115: Hibernate connection pool size: 10 (min=1)
ene 17, 2017 11:54:29 AM org.hibernate.dialect.Dialect <init>
INFO: HHH000400: Using dialect: org.hibernate.dialect.PostgreSQLDialect
ene 17, 2017 11:54:29 AM org.hibernate.engine.jdbc.env.internal.LobCreatorBuilderImpl useContextualLobCreation
INFO: HHH000424: Disabling contextual LOB creation as createClob() method threw error : java.lang.reflect.InvocationTargetException
ene 17, 2017 11:54:29 AM org.hibernate.type.BasicTypeRegistry register
INFO: HHH000270: Type registration [java.util.UUID] overrides previous : org.hibernate.type.UUIDBinaryType@29a5f4e7
ene 17, 2017 11:54:29 AM org.hibernate.resource.transaction.backend.jdbc.internal.DdlTransactionIsolatorNonJtaImpl getIsolatedConnection
INFO: HHH10001501: Connection obtained from JdbcConnectionAccess [org.hibernate.engine.jdbc.env.internal.JdbcEnvironmentInitiator$ConnectionProviderJdbcConnectionAccess@7e7e248b] for (non-JTA) DDL execution was not in auto-commit mode; the Connection 'local transaction' will be committed and the Connection will be set into auto-commit mode.
ene 17, 2017 11:54:29 AM org.hibernate.hql.internal.QueryTranslatorFactoryInitiator initiateService
INFO: HHH000397: Using ASTQueryTranslatorFactory
ene 17, 2017 11:54:29 AM org.hibernate.engine.jdbc.connections.internal.DriverManagerConnectionProviderImpl stop
INFO: HHH10001008: Cleaning up connection pool [jdbc:postgresql://localhost:5432/heathrow_airport]
ene 17, 2017 11:54:29 AM org.hibernate.engine.jdbc.connections.internal.DriverManagerConnectionProviderImpl configure
WARN: HHH10001002: Using Hibernate built-in connection pool (not for production use!)
ene 17, 2017 11:54:29 AM org.hibernate.engine.jdbc.connections.internal.DriverManagerConnectionProviderImpl buildCreator
INFO: HHH10001005: using driver [org.postgresql.Driver] at URL [jdbc:postgresql://localhost:5432/heathrow_airport]
ene 17, 2017 11:54:29 AM org.hibernate.engine.jdbc.connections.internal.DriverManagerConnectionProviderImpl buildCreator
INFO: HHH10001001: Connection properties: {user=admin, password=****}
ene 17, 2017 11:54:29 AM org.hibernate.engine.jdbc.connections.internal.DriverManagerConnectionProviderImpl buildCreator
INFO: HHH10001003: Autocommit mode: false
ene 17, 2017 11:54:29 AM org.hibernate.engine.jdbc.connections.internal.PooledConnections <init>
INFO: HHH000115: Hibernate connection pool size: 10 (min=1)
ene 17, 2017 11:54:30 AM org.hibernate.engine.jdbc.connections.internal.DriverManagerConnectionProviderImpl configure
WARN: HHH10001002: Using Hibernate built-in connection pool (not for production use!)
ene 17, 2017 11:54:30 AM org.hibernate.engine.jdbc.connections.internal.DriverManagerConnectionProviderImpl buildCreator
INFO: HHH10001005: using driver [org.postgresql.Driver] at URL [jdbc:postgresql://localhost:5432/heathrow_airport]
ene 17, 2017 11:54:30 AM org.hibernate.engine.jdbc.connections.internal.DriverManagerConnectionProviderImpl buildCreator
INFO: HHH10001001: Connection properties: {user=postgres, password=****}
ene 17, 2017 11:54:30 AM org.hibernate.engine.jdbc.connections.internal.DriverManagerConnectionProviderImpl buildCreator
INFO: HHH10001003: Autocommit mode: false
ene 17, 2017 11:54:30 AM org.hibernate.engine.jdbc.connections.internal.PooledConnections <init>
INFO: HHH000115: Hibernate connection pool size: 10 (min=1)
ene 17, 2017 11:54:30 AM org.hibernate.dialect.Dialect <init>
INFO: HHH000400: Using dialect: org.hibernate.dialect.PostgreSQLDialect
ene 17, 2017 11:54:30 AM org.hibernate.engine.jdbc.env.internal.LobCreatorBuilderImpl useContextualLobCreation
INFO: HHH000424: Disabling contextual LOB creation as createClob() method threw error : java.lang.reflect.InvocationTargetException
ene 17, 2017 11:54:30 AM org.hibernate.type.BasicTypeRegistry register
INFO: HHH000270: Type registration [java.util.UUID] overrides previous : org.hibernate.type.UUIDBinaryType@29a5f4e7
ene 17, 2017 11:54:30 AM org.hibernate.resource.transaction.backend.jdbc.internal.DdlTransactionIsolatorNonJtaImpl getIsolatedConnection
INFO: HHH10001501: Connection obtained from JdbcConnectionAccess [org.hibernate.engine.jdbc.env.internal.JdbcEnvironmentInitiator$ConnectionProviderJdbcConnectionAccess@300e9a59] for (non-JTA) DDL execution was not in auto-commit mode; the Connection 'local transaction' will be committed and the Connection will be set into auto-commit mode.
ene 17, 2017 11:54:30 AM org.hibernate.hql.internal.QueryTranslatorFactoryInitiator initiateService
INFO: HHH000397: Using ASTQueryTranslatorFactory
ene 17, 2017 11:54:30 AM org.hibernate.engine.jdbc.connections.internal.DriverManagerConnectionProviderImpl stop
INFO: HHH10001008: Cleaning up connection pool [jdbc:postgresql://localhost:5432/heathrow_airport]
ene 17, 2017 11:54:30 AM org.hibernate.engine.jdbc.connections.internal.DriverManagerConnectionProviderImpl configure
WARN: HHH10001002: Using Hibernate built-in connection pool (not for production use!)
ene 17, 2017 11:54:30 AM org.hibernate.engine.jdbc.connections.internal.DriverManagerConnectionProviderImpl buildCreator
INFO: HHH10001005: using driver [org.postgresql.Driver] at URL [jdbc:postgresql://localhost:5432/heathrow_airport]
ene 17, 2017 11:54:30 AM org.hibernate.engine.jdbc.connections.internal.DriverManagerConnectionProviderImpl buildCreator
INFO: HHH10001001: Connection properties: {user=postgres, password=****}
ene 17, 2017 11:54:30 AM org.hibernate.engine.jdbc.connections.internal.DriverManagerConnectionProviderImpl buildCreator
INFO: HHH10001003: Autocommit mode: false
ene 17, 2017 11:54:30 AM org.hibernate.engine.jdbc.connections.internal.PooledConnections <init>
INFO: HHH000115: Hibernate connection pool size: 10 (min=1)
ene 17, 2017 11:54:30 AM org.hibernate.dialect.Dialect <init>
INFO: HHH000400: Using dialect: org.hibernate.dialect.PostgreSQLDialect
ene 17, 2017 11:54:30 AM org.hibernate.engine.jdbc.env.internal.LobCreatorBuilderImpl useContextualLobCreation
INFO: HHH000424: Disabling contextual LOB creation as createClob() method threw error : java.lang.reflect.InvocationTargetException
ene 17, 2017 11:54:30 AM org.hibernate.type.BasicTypeRegistry register
INFO: HHH000270: Type registration [java.util.UUID] overrides previous : org.hibernate.type.UUIDBinaryType@29a5f4e7
ene 17, 2017 11:54:30 AM org.hibernate.resource.transaction.backend.jdbc.internal.DdlTransactionIsolatorNonJtaImpl getIsolatedConnection
INFO: HHH10001501: Connection obtained from JdbcConnectionAccess [org.hibernate.engine.jdbc.env.internal.JdbcEnvironmentInitiator$ConnectionProviderJdbcConnectionAccess@41221e66] for (non-JTA) DDL execution was not in auto-commit mode; the Connection 'local transaction' will be committed and the Connection will be set into auto-commit mode.
ene 17, 2017 11:54:30 AM org.hibernate.hql.internal.QueryTranslatorFactoryInitiator initiateService
INFO: HHH000397: Using ASTQueryTranslatorFactory
ene 17, 2017 11:54:30 AM org.hibernate.engine.jdbc.connections.internal.DriverManagerConnectionProviderImpl stop
INFO: HHH10001008: Cleaning up connection pool [jdbc:postgresql://localhost:5432/heathrow_airport]
ene 17, 2017 11:54:30 AM org.hibernate.engine.jdbc.connections.internal.DriverManagerConnectionProviderImpl configure
WARN: HHH10001002: Using Hibernate built-in connection pool (not for production use!)
ene 17, 2017 11:54:30 AM org.hibernate.engine.jdbc.connections.internal.DriverManagerConnectionProviderImpl buildCreator
INFO: HHH10001005: using driver [org.postgresql.Driver] at URL [jdbc:postgresql://localhost:5432/heathrow_airport]
ene 17, 2017 11:54:30 AM org.hibernate.engine.jdbc.connections.internal.DriverManagerConnectionProviderImpl buildCreator
INFO: HHH10001001: Connection properties: {user=postgres, password=****}
ene 17, 2017 11:54:30 AM org.hibernate.engine.jdbc.connections.internal.DriverManagerConnectionProviderImpl buildCreator
INFO: HHH10001003: Autocommit mode: false
ene 17, 2017 11:54:30 AM org.hibernate.engine.jdbc.connections.internal.PooledConnections <init>
INFO: HHH000115: Hibernate connection pool size: 10 (min=1)
ene 17, 2017 11:54:30 AM org.hibernate.dialect.Dialect <init>
INFO: HHH000400: Using dialect: org.hibernate.dialect.PostgreSQLDialect
ene 17, 2017 11:54:30 AM org.hibernate.engine.jdbc.env.internal.LobCreatorBuilderImpl useContextualLobCreation
INFO: HHH000424: Disabling contextual LOB creation as createClob() method threw error : java.lang.reflect.InvocationTargetException
ene 17, 2017 11:54:30 AM org.hibernate.type.BasicTypeRegistry register
INFO: HHH000270: Type registration [java.util.UUID] overrides previous : org.hibernate.type.UUIDBinaryType@29a5f4e7
ene 17, 2017 11:54:30 AM org.hibernate.resource.transaction.backend.jdbc.internal.DdlTransactionIsolatorNonJtaImpl getIsolatedConnection
INFO: HHH10001501: Connection obtained from JdbcConnectionAccess [org.hibernate.engine.jdbc.env.internal.JdbcEnvironmentInitiator$ConnectionProviderJdbcConnectionAccess@7156a5b4] for (non-JTA) DDL execution was not in auto-commit mode; the Connection 'local transaction' will be committed and the Connection will be set into auto-commit mode.
ene 17, 2017 11:54:30 AM org.hibernate.hql.internal.QueryTranslatorFactoryInitiator initiateService
INFO: HHH000397: Using ASTQueryTranslatorFactory
ene 17, 2017 11:54:30 AM org.hibernate.engine.jdbc.connections.internal.DriverManagerConnectionProviderImpl stop
INFO: HHH10001008: Cleaning up connection pool [jdbc:postgresql://localhost:5432/heathrow_airport]
ene 17, 2017 11:54:30 AM org.hibernate.engine.jdbc.connections.internal.DriverManagerConnectionProviderImpl configure
WARN: HHH10001002: Using Hibernate built-in connection pool (not for production use!)
ene 17, 2017 11:54:30 AM org.hibernate.engine.jdbc.connections.internal.DriverManagerConnectionProviderImpl buildCreator
INFO: HHH10001005: using driver [org.postgresql.Driver] at URL [jdbc:postgresql://localhost:5432/heathrow_airport]
ene 17, 2017 11:54:30 AM org.hibernate.engine.jdbc.connections.internal.DriverManagerConnectionProviderImpl buildCreator
INFO: HHH10001001: Connection properties: {user=admin, password=****}
ene 17, 2017 11:54:30 AM org.hibernate.engine.jdbc.connections.internal.DriverManagerConnectionProviderImpl buildCreator
INFO: HHH10001003: Autocommit mode: false
ene 17, 2017 11:54:30 AM org.hibernate.engine.jdbc.connections.internal.PooledConnections <init>
INFO: HHH000115: Hibernate connection pool size: 10 (min=1)
ene 17, 2017 11:54:31 AM org.hibernate.engine.jdbc.connections.internal.DriverManagerConnectionProviderImpl configure
WARN: HHH10001002: Using Hibernate built-in connection pool (not for production use!)
ene 17, 2017 11:54:31 AM org.hibernate.engine.jdbc.connections.internal.DriverManagerConnectionProviderImpl buildCreator
INFO: HHH10001005: using driver [org.postgresql.Driver] at URL [jdbc:postgresql://localhost:5432/heathrow_airport]
ene 17, 2017 11:54:31 AM org.hibernate.engine.jdbc.connections.internal.DriverManagerConnectionProviderImpl buildCreator
INFO: HHH10001001: Connection properties: {user=postgres, password=****}
ene 17, 2017 11:54:31 AM org.hibernate.engine.jdbc.connections.internal.DriverManagerConnectionProviderImpl buildCreator
INFO: HHH10001003: Autocommit mode: false
ene 17, 2017 11:54:31 AM org.hibernate.engine.jdbc.connections.internal.PooledConnections <init>
INFO: HHH000115: Hibernate connection pool size: 10 (min=1)
ene 17, 2017 11:54:31 AM org.hibernate.dialect.Dialect <init>
INFO: HHH000400: Using dialect: org.hibernate.dialect.PostgreSQLDialect
ene 17, 2017 11:54:31 AM org.hibernate.engine.jdbc.env.internal.LobCreatorBuilderImpl useContextualLobCreation
INFO: HHH000424: Disabling contextual LOB creation as createClob() method threw error : java.lang.reflect.InvocationTargetException
ene 17, 2017 11:54:31 AM org.hibernate.type.BasicTypeRegistry register
INFO: HHH000270: Type registration [java.util.UUID] overrides previous : org.hibernate.type.UUIDBinaryType@29a5f4e7
ene 17, 2017 11:54:31 AM org.hibernate.resource.transaction.backend.jdbc.internal.DdlTransactionIsolatorNonJtaImpl getIsolatedConnection
INFO: HHH10001501: Connection obtained from JdbcConnectionAccess [org.hibernate.engine.jdbc.env.internal.JdbcEnvironmentInitiator$ConnectionProviderJdbcConnectionAccess@3d3e574] for (non-JTA) DDL execution was not in auto-commit mode; the Connection 'local transaction' will be committed and the Connection will be set into auto-commit mode.
ene 17, 2017 11:54:31 AM org.hibernate.hql.internal.QueryTranslatorFactoryInitiator initiateService
INFO: HHH000397: Using ASTQueryTranslatorFactory
ene 17, 2017 11:54:31 AM org.hibernate.engine.jdbc.connections.internal.DriverManagerConnectionProviderImpl stop
INFO: HHH10001008: Cleaning up connection pool [jdbc:postgresql://localhost:5432/heathrow_airport]
ene 17, 2017 11:54:31 AM org.hibernate.engine.jdbc.connections.internal.DriverManagerConnectionProviderImpl configure
WARN: HHH10001002: Using Hibernate built-in connection pool (not for production use!)
ene 17, 2017 11:54:31 AM org.hibernate.engine.jdbc.connections.internal.DriverManagerConnectionProviderImpl buildCreator
INFO: HHH10001005: using driver [org.postgresql.Driver] at URL [jdbc:postgresql://localhost:5432/heathrow_airport]
ene 17, 2017 11:54:31 AM org.hibernate.engine.jdbc.connections.internal.DriverManagerConnectionProviderImpl buildCreator
INFO: HHH10001001: Connection properties: {user=postgres, password=****}
ene 17, 2017 11:54:31 AM org.hibernate.engine.jdbc.connections.internal.DriverManagerConnectionProviderImpl buildCreator
INFO: HHH10001003: Autocommit mode: false
ene 17, 2017 11:54:31 AM org.hibernate.engine.jdbc.connections.internal.PooledConnections <init>
INFO: HHH000115: Hibernate connection pool size: 10 (min=1)
ene 17, 2017 11:54:31 AM org.hibernate.dialect.Dialect <init>
INFO: HHH000400: Using dialect: org.hibernate.dialect.PostgreSQLDialect
ene 17, 2017 11:54:31 AM org.hibernate.engine.jdbc.env.internal.LobCreatorBuilderImpl useContextualLobCreation
INFO: HHH000424: Disabling contextual LOB creation as createClob() method threw error : java.lang.reflect.InvocationTargetException
ene 17, 2017 11:54:31 AM org.hibernate.type.BasicTypeRegistry register
INFO: HHH000270: Type registration [java.util.UUID] overrides previous : org.hibernate.type.UUIDBinaryType@29a5f4e7
ene 17, 2017 11:54:31 AM org.hibernate.resource.transaction.backend.jdbc.internal.DdlTransactionIsolatorNonJtaImpl getIsolatedConnection
INFO: HHH10001501: Connection obtained from JdbcConnectionAccess [org.hibernate.engine.jdbc.env.internal.JdbcEnvironmentInitiator$ConnectionProviderJdbcConnectionAccess@44c5830b] for (non-JTA) DDL execution was not in auto-commit mode; the Connection 'local transaction' will be committed and the Connection will be set into auto-commit mode.
ene 17, 2017 11:54:31 AM org.hibernate.hql.internal.QueryTranslatorFactoryInitiator initiateService
INFO: HHH000397: Using ASTQueryTranslatorFactory
ene 17, 2017 11:54:31 AM org.hibernate.engine.jdbc.connections.internal.DriverManagerConnectionProviderImpl stop
INFO: HHH10001008: Cleaning up connection pool [jdbc:postgresql://localhost:5432/heathrow_airport]
ene 17, 2017 11:54:31 AM org.hibernate.engine.jdbc.connections.internal.DriverManagerConnectionProviderImpl configure
WARN: HHH10001002: Using Hibernate built-in connection pool (not for production use!)
ene 17, 2017 11:54:31 AM org.hibernate.engine.jdbc.connections.internal.DriverManagerConnectionProviderImpl buildCreator
INFO: HHH10001005: using driver [org.postgresql.Driver] at URL [jdbc:postgresql://localhost:5432/heathrow_airport]
ene 17, 2017 11:54:31 AM org.hibernate.engine.jdbc.connections.internal.DriverManagerConnectionProviderImpl buildCreator
INFO: HHH10001001: Connection properties: {user=postgres, password=****}
ene 17, 2017 11:54:31 AM org.hibernate.engine.jdbc.connections.internal.DriverManagerConnectionProviderImpl buildCreator
INFO: HHH10001003: Autocommit mode: false
ene 17, 2017 11:54:31 AM org.hibernate.engine.jdbc.connections.internal.PooledConnections <init>
INFO: HHH000115: Hibernate connection pool size: 10 (min=1)
ene 17, 2017 11:54:31 AM org.hibernate.dialect.Dialect <init>
INFO: HHH000400: Using dialect: org.hibernate.dialect.PostgreSQLDialect
ene 17, 2017 11:54:31 AM org.hibernate.engine.jdbc.env.internal.LobCreatorBuilderImpl useContextualLobCreation
INFO: HHH000424: Disabling contextual LOB creation as createClob() method threw error : java.lang.reflect.InvocationTargetException
ene 17, 2017 11:54:31 AM org.hibernate.type.BasicTypeRegistry register
INFO: HHH000270: Type registration [java.util.UUID] overrides previous : org.hibernate.type.UUIDBinaryType@29a5f4e7
ene 17, 2017 11:54:31 AM org.hibernate.resource.transaction.backend.jdbc.internal.DdlTransactionIsolatorNonJtaImpl getIsolatedConnection
INFO: HHH10001501: Connection obtained from JdbcConnectionAccess [org.hibernate.engine.jdbc.env.internal.JdbcEnvironmentInitiator$ConnectionProviderJdbcConnectionAccess@12055ede] for (non-JTA) DDL execution was not in auto-commit mode; the Connection 'local transaction' will be committed and the Connection will be set into auto-commit mode.
ene 17, 2017 11:54:32 AM org.hibernate.hql.internal.QueryTranslatorFactoryInitiator initiateService
INFO: HHH000397: Using ASTQueryTranslatorFactory
ene 17, 2017 11:54:32 AM org.hibernate.engine.jdbc.connections.internal.DriverManagerConnectionProviderImpl stop
INFO: HHH10001008: Cleaning up connection pool [jdbc:postgresql://localhost:5432/heathrow_airport]
ene 17, 2017 11:54:32 AM org.hibernate.engine.jdbc.connections.internal.DriverManagerConnectionProviderImpl configure
WARN: HHH10001002: Using Hibernate built-in connection pool (not for production use!)
ene 17, 2017 11:54:32 AM org.hibernate.engine.jdbc.connections.internal.DriverManagerConnectionProviderImpl buildCreator
INFO: HHH10001005: using driver [org.postgresql.Driver] at URL [jdbc:postgresql://localhost:5432/heathrow_airport]
ene 17, 2017 11:54:32 AM org.hibernate.engine.jdbc.connections.internal.DriverManagerConnectionProviderImpl buildCreator
INFO: HHH10001001: Connection properties: {user=admin, password=****}
ene 17, 2017 11:54:32 AM org.hibernate.engine.jdbc.connections.internal.DriverManagerConnectionProviderImpl buildCreator
INFO: HHH10001003: Autocommit mode: false
ene 17, 2017 11:54:32 AM org.hibernate.engine.jdbc.connections.internal.PooledConnections <init>
INFO: HHH000115: Hibernate connection pool size: 10 (min=1)
ene 17, 2017 11:54:32 AM org.hibernate.engine.jdbc.connections.internal.DriverManagerConnectionProviderImpl configure
WARN: HHH10001002: Using Hibernate built-in connection pool (not for production use!)
ene 17, 2017 11:54:32 AM org.hibernate.engine.jdbc.connections.internal.DriverManagerConnectionProviderImpl buildCreator
INFO: HHH10001005: using driver [org.postgresql.Driver] at URL [jdbc:postgresql://localhost:5432/heathrow_airport]
ene 17, 2017 11:54:32 AM org.hibernate.engine.jdbc.connections.internal.DriverManagerConnectionProviderImpl buildCreator
INFO: HHH10001001: Connection properties: {user=postgres, password=****}
ene 17, 2017 11:54:32 AM org.hibernate.engine.jdbc.connections.internal.DriverManagerConnectionProviderImpl buildCreator
INFO: HHH10001003: Autocommit mode: false
ene 17, 2017 11:54:32 AM org.hibernate.engine.jdbc.connections.internal.PooledConnections <init>
INFO: HHH000115: Hibernate connection pool size: 10 (min=1)
ene 17, 2017 11:54:32 AM org.hibernate.dialect.Dialect <init>
INFO: HHH000400: Using dialect: org.hibernate.dialect.PostgreSQLDialect
ene 17, 2017 11:54:32 AM org.hibernate.engine.jdbc.env.internal.LobCreatorBuilderImpl useContextualLobCreation
INFO: HHH000424: Disabling contextual LOB creation as createClob() method threw error : java.lang.reflect.InvocationTargetException
ene 17, 2017 11:54:32 AM org.hibernate.type.BasicTypeRegistry register
INFO: HHH000270: Type registration [java.util.UUID] overrides previous : org.hibernate.type.UUIDBinaryType@29a5f4e7
ene 17, 2017 11:54:32 AM org.hibernate.resource.transaction.backend.jdbc.internal.DdlTransactionIsolatorNonJtaImpl getIsolatedConnection
INFO: HHH10001501: Connection obtained from JdbcConnectionAccess [org.hibernate.engine.jdbc.env.internal.JdbcEnvironmentInitiator$ConnectionProviderJdbcConnectionAccess@26099db7] for (non-JTA) DDL execution was not in auto-commit mode; the Connection 'local transaction' will be committed and the Connection will be set into auto-commit mode.
ene 17, 2017 11:54:32 AM org.hibernate.hql.internal.QueryTranslatorFactoryInitiator initiateService
INFO: HHH000397: Using ASTQueryTranslatorFactory
ene 17, 2017 11:54:32 AM org.hibernate.engine.jdbc.connections.internal.DriverManagerConnectionProviderImpl stop
INFO: HHH10001008: Cleaning up connection pool [jdbc:postgresql://localhost:5432/heathrow_airport]
ene 17, 2017 11:54:32 AM org.hibernate.engine.jdbc.connections.internal.DriverManagerConnectionProviderImpl configure
WARN: HHH10001002: Using Hibernate built-in connection pool (not for production use!)
ene 17, 2017 11:54:32 AM org.hibernate.engine.jdbc.connections.internal.DriverManagerConnectionProviderImpl buildCreator
INFO: HHH10001005: using driver [org.postgresql.Driver] at URL [jdbc:postgresql://localhost:5432/heathrow_airport]
ene 17, 2017 11:54:32 AM org.hibernate.engine.jdbc.connections.internal.DriverManagerConnectionProviderImpl buildCreator
INFO: HHH10001001: Connection properties: {user=postgres, password=****}
ene 17, 2017 11:54:32 AM org.hibernate.engine.jdbc.connections.internal.DriverManagerConnectionProviderImpl buildCreator
INFO: HHH10001003: Autocommit mode: false
ene 17, 2017 11:54:32 AM org.hibernate.engine.jdbc.connections.internal.PooledConnections <init>
INFO: HHH000115: Hibernate connection pool size: 10 (min=1)
ene 17, 2017 11:54:32 AM org.hibernate.dialect.Dialect <init>
INFO: HHH000400: Using dialect: org.hibernate.dialect.PostgreSQLDialect
ene 17, 2017 11:54:32 AM org.hibernate.engine.jdbc.env.internal.LobCreatorBuilderImpl useContextualLobCreation
INFO: HHH000424: Disabling contextual LOB creation as createClob() method threw error : java.lang.reflect.InvocationTargetException
ene 17, 2017 11:54:32 AM org.hibernate.type.BasicTypeRegistry register
INFO: HHH000270: Type registration [java.util.UUID] overrides previous : org.hibernate.type.UUIDBinaryType@29a5f4e7
ene 17, 2017 11:54:32 AM org.hibernate.resource.transaction.backend.jdbc.internal.DdlTransactionIsolatorNonJtaImpl getIsolatedConnection
INFO: HHH10001501: Connection obtained from JdbcConnectionAccess [org.hibernate.engine.jdbc.env.internal.JdbcEnvironmentInitiator$ConnectionProviderJdbcConnectionAccess@47890bf1] for (non-JTA) DDL execution was not in auto-commit mode; the Connection 'local transaction' will be committed and the Connection will be set into auto-commit mode.
ene 17, 2017 11:54:32 AM org.hibernate.hql.internal.QueryTranslatorFactoryInitiator initiateService
INFO: HHH000397: Using ASTQueryTranslatorFactory
ene 17, 2017 11:54:32 AM org.hibernate.engine.jdbc.connections.internal.DriverManagerConnectionProviderImpl stop
INFO: HHH10001008: Cleaning up connection pool [jdbc:postgresql://localhost:5432/heathrow_airport]
ene 17, 2017 11:54:32 AM org.hibernate.engine.jdbc.connections.internal.DriverManagerConnectionProviderImpl configure
WARN: HHH10001002: Using Hibernate built-in connection pool (not for production use!)
ene 17, 2017 11:54:32 AM org.hibernate.engine.jdbc.connections.internal.DriverManagerConnectionProviderImpl buildCreator
INFO: HHH10001005: using driver [org.postgresql.Driver] at URL [jdbc:postgresql://localhost:5432/heathrow_airport]
ene 17, 2017 11:54:32 AM org.hibernate.engine.jdbc.connections.internal.DriverManagerConnectionProviderImpl buildCreator
INFO: HHH10001001: Connection properties: {user=postgres, password=****}
ene 17, 2017 11:54:32 AM org.hibernate.engine.jdbc.connections.internal.DriverManagerConnectionProviderImpl buildCreator
INFO: HHH10001003: Autocommit mode: false
ene 17, 2017 11:54:32 AM org.hibernate.engine.jdbc.connections.internal.PooledConnections <init>
INFO: HHH000115: Hibernate connection pool size: 10 (min=1)
ene 17, 2017 11:54:32 AM org.hibernate.dialect.Dialect <init>
INFO: HHH000400: Using dialect: org.hibernate.dialect.PostgreSQLDialect
ene 17, 2017 11:54:32 AM org.hibernate.engine.jdbc.env.internal.LobCreatorBuilderImpl useContextualLobCreation
INFO: HHH000424: Disabling contextual LOB creation as createClob() method threw error : java.lang.reflect.InvocationTargetException
ene 17, 2017 11:54:32 AM org.hibernate.type.BasicTypeRegistry register
INFO: HHH000270: Type registration [java.util.UUID] overrides previous : org.hibernate.type.UUIDBinaryType@29a5f4e7
ene 17, 2017 11:54:33 AM org.hibernate.resource.transaction.backend.jdbc.internal.DdlTransactionIsolatorNonJtaImpl getIsolatedConnection
INFO: HHH10001501: Connection obtained from JdbcConnectionAccess [org.hibernate.engine.jdbc.env.internal.JdbcEnvironmentInitiator$ConnectionProviderJdbcConnectionAccess@12fe0cda] for (non-JTA) DDL execution was not in auto-commit mode; the Connection 'local transaction' will be committed and the Connection will be set into auto-commit mode.
ene 17, 2017 11:54:33 AM org.hibernate.hql.internal.QueryTranslatorFactoryInitiator initiateService
INFO: HHH000397: Using ASTQueryTranslatorFactory
ene 17, 2017 11:54:33 AM org.hibernate.engine.jdbc.connections.internal.DriverManagerConnectionProviderImpl stop
INFO: HHH10001008: Cleaning up connection pool [jdbc:postgresql://localhost:5432/heathrow_airport]
ene 17, 2017 11:54:33 AM org.hibernate.engine.jdbc.connections.internal.DriverManagerConnectionProviderImpl configure
WARN: HHH10001002: Using Hibernate built-in connection pool (not for production use!)
ene 17, 2017 11:54:33 AM org.hibernate.engine.jdbc.connections.internal.DriverManagerConnectionProviderImpl buildCreator
INFO: HHH10001005: using driver [org.postgresql.Driver] at URL [jdbc:postgresql://localhost:5432/heathrow_airport]
ene 17, 2017 11:54:33 AM org.hibernate.engine.jdbc.connections.internal.DriverManagerConnectionProviderImpl buildCreator
INFO: HHH10001001: Connection properties: {user=postgres, password=****}
ene 17, 2017 11:54:33 AM org.hibernate.engine.jdbc.connections.internal.DriverManagerConnectionProviderImpl buildCreator
INFO: HHH10001003: Autocommit mode: false
ene 17, 2017 11:54:33 AM org.hibernate.engine.jdbc.connections.internal.PooledConnections <init>
INFO: HHH000115: Hibernate connection pool size: 10 (min=1)
ene 17, 2017 11:54:33 AM org.hibernate.dialect.Dialect <init>
INFO: HHH000400: Using dialect: org.hibernate.dialect.PostgreSQLDialect
ene 17, 2017 11:54:33 AM org.hibernate.engine.jdbc.env.internal.LobCreatorBuilderImpl useContextualLobCreation
INFO: HHH000424: Disabling contextual LOB creation as createClob() method threw error : java.lang.reflect.InvocationTargetException
ene 17, 2017 11:54:33 AM org.hibernate.type.BasicTypeRegistry register
INFO: HHH000270: Type registration [java.util.UUID] overrides previous : org.hibernate.type.UUIDBinaryType@29a5f4e7
ene 17, 2017 11:54:33 AM org.hibernate.resource.transaction.backend.jdbc.internal.DdlTransactionIsolatorNonJtaImpl getIsolatedConnection
INFO: HHH10001501: Connection obtained from JdbcConnectionAccess [org.hibernate.engine.jdbc.env.internal.JdbcEnvironmentInitiator$ConnectionProviderJdbcConnectionAccess@7fff2e29] for (non-JTA) DDL execution was not in auto-commit mode; the Connection 'local transaction' will be committed and the Connection will be set into auto-commit mode.
ene 17, 2017 11:54:33 AM org.hibernate.hql.internal.QueryTranslatorFactoryInitiator initiateService
INFO: HHH000397: Using ASTQueryTranslatorFactory
ene 17, 2017 11:54:33 AM org.hibernate.engine.jdbc.connections.internal.DriverManagerConnectionProviderImpl stop
INFO: HHH10001008: Cleaning up connection pool [jdbc:postgresql://localhost:5432/heathrow_airport]
ene 17, 2017 11:54:33 AM org.hibernate.engine.jdbc.connections.internal.DriverManagerConnectionProviderImpl configure
WARN: HHH10001002: Using Hibernate built-in connection pool (not for production use!)
ene 17, 2017 11:54:33 AM org.hibernate.engine.jdbc.connections.internal.DriverManagerConnectionProviderImpl buildCreator
INFO: HHH10001005: using driver [org.postgresql.Driver] at URL [jdbc:postgresql://localhost:5432/heathrow_airport]
ene 17, 2017 11:54:33 AM org.hibernate.engine.jdbc.connections.internal.DriverManagerConnectionProviderImpl buildCreator
INFO: HHH10001001: Connection properties: {user=postgres, password=****}
ene 17, 2017 11:54:33 AM org.hibernate.engine.jdbc.connections.internal.DriverManagerConnectionProviderImpl buildCreator
INFO: HHH10001003: Autocommit mode: false
ene 17, 2017 11:54:33 AM org.hibernate.engine.jdbc.connections.internal.PooledConnections <init>
INFO: HHH000115: Hibernate connection pool size: 10 (min=1)
ene 17, 2017 11:54:33 AM org.hibernate.dialect.Dialect <init>
INFO: HHH000400: Using dialect: org.hibernate.dialect.PostgreSQLDialect
ene 17, 2017 11:54:33 AM org.hibernate.engine.jdbc.env.internal.LobCreatorBuilderImpl useContextualLobCreation
INFO: HHH000424: Disabling contextual LOB creation as createClob() method threw error : java.lang.reflect.InvocationTargetException
ene 17, 2017 11:54:33 AM org.hibernate.type.BasicTypeRegistry register
INFO: HHH000270: Type registration [java.util.UUID] overrides previous : org.hibernate.type.UUIDBinaryType@29a5f4e7
ene 17, 2017 11:54:33 AM org.hibernate.resource.transaction.backend.jdbc.internal.DdlTransactionIsolatorNonJtaImpl getIsolatedConnection
INFO: HHH10001501: Connection obtained from JdbcConnectionAccess [org.hibernate.engine.jdbc.env.internal.JdbcEnvironmentInitiator$ConnectionProviderJdbcConnectionAccess@630e8c35] for (non-JTA) DDL execution was not in auto-commit mode; the Connection 'local transaction' will be committed and the Connection will be set into auto-commit mode.
ene 17, 2017 11:54:33 AM org.hibernate.hql.internal.QueryTranslatorFactoryInitiator initiateService
INFO: HHH000397: Using ASTQueryTranslatorFactory
ene 17, 2017 11:54:33 AM org.hibernate.engine.jdbc.connections.internal.DriverManagerConnectionProviderImpl stop
INFO: HHH10001008: Cleaning up connection pool [jdbc:postgresql://localhost:5432/heathrow_airport]
ene 17, 2017 11:54:33 AM org.hibernate.engine.jdbc.connections.internal.DriverManagerConnectionProviderImpl configure
WARN: HHH10001002: Using Hibernate built-in connection pool (not for production use!)
ene 17, 2017 11:54:33 AM org.hibernate.engine.jdbc.connections.internal.DriverManagerConnectionProviderImpl buildCreator
INFO: HHH10001005: using driver [org.postgresql.Driver] at URL [jdbc:postgresql://localhost:5432/heathrow_airport]
ene 17, 2017 11:54:33 AM org.hibernate.engine.jdbc.connections.internal.DriverManagerConnectionProviderImpl buildCreator
INFO: HHH10001001: Connection properties: {user=postgres, password=****}
ene 17, 2017 11:54:33 AM org.hibernate.engine.jdbc.connections.internal.DriverManagerConnectionProviderImpl buildCreator
INFO: HHH10001003: Autocommit mode: false
ene 17, 2017 11:54:33 AM org.hibernate.engine.jdbc.connections.internal.PooledConnections <init>
INFO: HHH000115: Hibernate connection pool size: 10 (min=1)
ene 17, 2017 11:54:33 AM org.hibernate.dialect.Dialect <init>
INFO: HHH000400: Using dialect: org.hibernate.dialect.PostgreSQLDialect
ene 17, 2017 11:54:33 AM org.hibernate.engine.jdbc.env.internal.LobCreatorBuilderImpl useContextualLobCreation
INFO: HHH000424: Disabling contextual LOB creation as createClob() method threw error : java.lang.reflect.InvocationTargetException
ene 17, 2017 11:54:33 AM org.hibernate.type.BasicTypeRegistry register
INFO: HHH000270: Type registration [java.util.UUID] overrides previous : org.hibernate.type.UUIDBinaryType@29a5f4e7
ene 17, 2017 11:54:33 AM org.hibernate.resource.transaction.backend.jdbc.internal.DdlTransactionIsolatorNonJtaImpl getIsolatedConnection
INFO: HHH10001501: Connection obtained from JdbcConnectionAccess [org.hibernate.engine.jdbc.env.internal.JdbcEnvironmentInitiator$ConnectionProviderJdbcConnectionAccess@1ebd4dc8] for (non-JTA) DDL execution was not in auto-commit mode; the Connection 'local transaction' will be committed and the Connection will be set into auto-commit mode.
java.lang.NullPointerException
	at domain.dao.DAOPassanger.addFlightToLoggedPassenger(DAOPassanger.java:176)
	at actions.passengerMenu.BookAFlightFinishAction.execute(BookAFlightFinishAction.java:83)
	at passengerMenu.TestBookAFlightFinishAction.checkIfTheRedirectionOfThePageIsOKWithExistingFlight(TestBookAFlightFinishAction.java:41)
	at sun.reflect.NativeMethodAccessorImpl.invoke0(Native Method)
	at sun.reflect.NativeMethodAccessorImpl.invoke(Unknown Source)
	at sun.reflect.DelegatingMethodAccessorImpl.invoke(Unknown Source)
	at java.lang.reflect.Method.invoke(Unknown Source)
	at org.junit.runners.model.FrameworkMethod$1.runReflectiveCall(FrameworkMethod.java:50)
	at org.junit.internal.runners.model.ReflectiveCallable.run(ReflectiveCallable.java:12)
	at org.junit.runners.model.FrameworkMethod.invokeExplosively(FrameworkMethod.java:47)
	at org.junit.internal.runners.statements.InvokeMethod.evaluate(InvokeMethod.java:17)
	at org.junit.runners.ParentRunner.runLeaf(ParentRunner.java:325)
	at org.junit.runners.BlockJUnit4ClassRunner.runChild(BlockJUnit4ClassRunner.java:78)
	at org.junit.runners.BlockJUnit4ClassRunner.runChild(BlockJUnit4ClassRunner.java:57)
	at org.junit.runners.ParentRunner$3.run(ParentRunner.java:290)
	at org.junit.runners.ParentRunner$1.schedule(ParentRunner.java:71)
	at org.junit.runners.ParentRunner.runChildren(ParentRunner.java:288)
	at org.junit.runners.ParentRunner.access$000(ParentRunner.java:58)
	at org.junit.runners.ParentRunner$2.evaluate(ParentRunner.java:268)
	at org.junit.runners.ParentRunner.run(ParentRunner.java:363)
	at org.junit.runners.Suite.runChild(Suite.java:128)
	at org.junit.runners.Suite.runChild(Suite.java:27)
	at org.junit.runners.ParentRunner$3.run(ParentRunner.java:290)
	at org.junit.runners.ParentRunner$1.schedule(ParentRunner.java:71)
	at org.junit.runners.ParentRunner.runChildren(ParentRunner.java:288)
	at org.junit.runners.ParentRunner.access$000(ParentRunner.java:58)
	at org.junit.runners.ParentRunner$2.evaluate(ParentRunner.java:268)
	at org.junit.runners.ParentRunner.run(ParentRunner.java:363)
	at junit.framework.JUnit4TestAdapter.run(JUnit4TestAdapter.java:38)
	at org.apache.tools.ant.taskdefs.optional.junit.JUnitTestRunner.run(JUnitTestRunner.java:535)
	at org.apache.tools.ant.taskdefs.optional.junit.JUnitTestRunner.launch(JUnitTestRunner.java:1182)
	at org.apache.tools.ant.taskdefs.optional.junit.JUnitTestRunner.main(JUnitTestRunner.java:1033)
ene 17, 2017 11:54:34 AM org.hibernate.engine.jdbc.connections.internal.DriverManagerConnectionProviderImpl stop
INFO: HHH10001008: Cleaning up connection pool [jdbc:postgresql://localhost:5432/heathrow_airport]
ene 17, 2017 11:54:34 AM org.hibernate.engine.jdbc.connections.internal.DriverManagerConnectionProviderImpl configure
WARN: HHH10001002: Using Hibernate built-in connection pool (not for production use!)
ene 17, 2017 11:54:34 AM org.hibernate.engine.jdbc.connections.internal.DriverManagerConnectionProviderImpl buildCreator
INFO: HHH10001005: using driver [org.postgresql.Driver] at URL [jdbc:postgresql://localhost:5432/heathrow_airport]
ene 17, 2017 11:54:34 AM org.hibernate.engine.jdbc.connections.internal.DriverManagerConnectionProviderImpl buildCreator
INFO: HHH10001001: Connection properties: {user=postgres, password=****}
ene 17, 2017 11:54:34 AM org.hibernate.engine.jdbc.connections.internal.DriverManagerConnectionProviderImpl buildCreator
INFO: HHH10001003: Autocommit mode: false
ene 17, 2017 11:54:34 AM org.hibernate.engine.jdbc.connections.internal.PooledConnections <init>
INFO: HHH000115: Hibernate connection pool size: 10 (min=1)
ene 17, 2017 11:54:34 AM org.hibernate.dialect.Dialect <init>
INFO: HHH000400: Using dialect: org.hibernate.dialect.PostgreSQLDialect
ene 17, 2017 11:54:34 AM org.hibernate.engine.jdbc.env.internal.LobCreatorBuilderImpl useContextualLobCreation
INFO: HHH000424: Disabling contextual LOB creation as createClob() method threw error : java.lang.reflect.InvocationTargetException
ene 17, 2017 11:54:34 AM org.hibernate.type.BasicTypeRegistry register
INFO: HHH000270: Type registration [java.util.UUID] overrides previous : org.hibernate.type.UUIDBinaryType@29a5f4e7
ene 17, 2017 11:54:34 AM org.hibernate.resource.transaction.backend.jdbc.internal.DdlTransactionIsolatorNonJtaImpl getIsolatedConnection
INFO: HHH10001501: Connection obtained from JdbcConnectionAccess [org.hibernate.engine.jdbc.env.internal.JdbcEnvironmentInitiator$ConnectionProviderJdbcConnectionAccess@473e040] for (non-JTA) DDL execution was not in auto-commit mode; the Connection 'local transaction' will be committed and the Connection will be set into auto-commit mode.
ene 17, 2017 11:54:34 AM org.hibernate.hql.internal.QueryTranslatorFactoryInitiator initiateService
INFO: HHH000397: Using ASTQueryTranslatorFactory
ene 17, 2017 11:54:34 AM org.hibernate.engine.jdbc.connections.internal.DriverManagerConnectionProviderImpl stop
INFO: HHH10001008: Cleaning up connection pool [jdbc:postgresql://localhost:5432/heathrow_airport]
ene 17, 2017 11:54:34 AM org.hibernate.engine.jdbc.connections.internal.DriverManagerConnectionProviderImpl configure
WARN: HHH10001002: Using Hibernate built-in connection pool (not for production use!)
ene 17, 2017 11:54:34 AM org.hibernate.engine.jdbc.connections.internal.DriverManagerConnectionProviderImpl buildCreator
INFO: HHH10001005: using driver [org.postgresql.Driver] at URL [jdbc:postgresql://localhost:5432/heathrow_airport]
ene 17, 2017 11:54:34 AM org.hibernate.engine.jdbc.connections.internal.DriverManagerConnectionProviderImpl buildCreator
INFO: HHH10001001: Connection properties: {user=postgres, password=****}
ene 17, 2017 11:54:34 AM org.hibernate.engine.jdbc.connections.internal.DriverManagerConnectionProviderImpl buildCreator
INFO: HHH10001003: Autocommit mode: false
ene 17, 2017 11:54:34 AM org.hibernate.engine.jdbc.connections.internal.PooledConnections <init>
INFO: HHH000115: Hibernate connection pool size: 10 (min=1)
ene 17, 2017 11:54:34 AM org.hibernate.dialect.Dialect <init>
INFO: HHH000400: Using dialect: org.hibernate.dialect.PostgreSQLDialect
ene 17, 2017 11:54:34 AM org.hibernate.engine.jdbc.env.internal.LobCreatorBuilderImpl useContextualLobCreation
INFO: HHH000424: Disabling contextual LOB creation as createClob() method threw error : java.lang.reflect.InvocationTargetException
ene 17, 2017 11:54:34 AM org.hibernate.type.BasicTypeRegistry register
INFO: HHH000270: Type registration [java.util.UUID] overrides previous : org.hibernate.type.UUIDBinaryType@29a5f4e7
ene 17, 2017 11:54:34 AM org.hibernate.resource.transaction.backend.jdbc.internal.DdlTransactionIsolatorNonJtaImpl getIsolatedConnection
INFO: HHH10001501: Connection obtained from JdbcConnectionAccess [org.hibernate.engine.jdbc.env.internal.JdbcEnvironmentInitiator$ConnectionProviderJdbcConnectionAccess@3d409398] for (non-JTA) DDL execution was not in auto-commit mode; the Connection 'local transaction' will be committed and the Connection will be set into auto-commit mode.
ene 17, 2017 11:54:34 AM org.hibernate.hql.internal.QueryTranslatorFactoryInitiator initiateService
INFO: HHH000397: Using ASTQueryTranslatorFactory
ene 17, 2017 11:54:34 AM org.hibernate.engine.jdbc.connections.internal.DriverManagerConnectionProviderImpl stop
INFO: HHH10001008: Cleaning up connection pool [jdbc:postgresql://localhost:5432/heathrow_airport]
ene 17, 2017 11:54:34 AM org.hibernate.engine.jdbc.connections.internal.DriverManagerConnectionProviderImpl configure
WARN: HHH10001002: Using Hibernate built-in connection pool (not for production use!)
ene 17, 2017 11:54:34 AM org.hibernate.engine.jdbc.connections.internal.DriverManagerConnectionProviderImpl buildCreator
INFO: HHH10001005: using driver [org.postgresql.Driver] at URL [jdbc:postgresql://localhost:5432/heathrow_airport]
ene 17, 2017 11:54:34 AM org.hibernate.engine.jdbc.connections.internal.DriverManagerConnectionProviderImpl buildCreator
INFO: HHH10001001: Connection properties: {user=postgres, password=****}
ene 17, 2017 11:54:34 AM org.hibernate.engine.jdbc.connections.internal.DriverManagerConnectionProviderImpl buildCreator
INFO: HHH10001003: Autocommit mode: false
ene 17, 2017 11:54:34 AM org.hibernate.engine.jdbc.connections.internal.PooledConnections <init>
INFO: HHH000115: Hibernate connection pool size: 10 (min=1)
ene 17, 2017 11:54:34 AM org.hibernate.dialect.Dialect <init>
INFO: HHH000400: Using dialect: org.hibernate.dialect.PostgreSQLDialect
ene 17, 2017 11:54:34 AM org.hibernate.engine.jdbc.env.internal.LobCreatorBuilderImpl useContextualLobCreation
INFO: HHH000424: Disabling contextual LOB creation as createClob() method threw error : java.lang.reflect.InvocationTargetException
ene 17, 2017 11:54:34 AM org.hibernate.type.BasicTypeRegistry register
INFO: HHH000270: Type registration [java.util.UUID] overrides previous : org.hibernate.type.UUIDBinaryType@29a5f4e7
ene 17, 2017 11:54:34 AM org.hibernate.resource.transaction.backend.jdbc.internal.DdlTransactionIsolatorNonJtaImpl getIsolatedConnection
INFO: HHH10001501: Connection obtained from JdbcConnectionAccess [org.hibernate.engine.jdbc.env.internal.JdbcEnvironmentInitiator$ConnectionProviderJdbcConnectionAccess@2e3e663] for (non-JTA) DDL execution was not in auto-commit mode; the Connection 'local transaction' will be committed and the Connection will be set into auto-commit mode.
ene 17, 2017 11:54:35 AM org.hibernate.hql.internal.QueryTranslatorFactoryInitiator initiateService
INFO: HHH000397: Using ASTQueryTranslatorFactory
ene 17, 2017 11:54:35 AM org.hibernate.engine.jdbc.connections.internal.DriverManagerConnectionProviderImpl stop
INFO: HHH10001008: Cleaning up connection pool [jdbc:postgresql://localhost:5432/heathrow_airport]
ene 17, 2017 11:54:35 AM org.hibernate.engine.jdbc.connections.internal.DriverManagerConnectionProviderImpl configure
WARN: HHH10001002: Using Hibernate built-in connection pool (not for production use!)
ene 17, 2017 11:54:35 AM org.hibernate.engine.jdbc.connections.internal.DriverManagerConnectionProviderImpl buildCreator
INFO: HHH10001005: using driver [org.postgresql.Driver] at URL [jdbc:postgresql://localhost:5432/heathrow_airport]
ene 17, 2017 11:54:35 AM org.hibernate.engine.jdbc.connections.internal.DriverManagerConnectionProviderImpl buildCreator
INFO: HHH10001001: Connection properties: {user=postgres, password=****}
ene 17, 2017 11:54:35 AM org.hibernate.engine.jdbc.connections.internal.DriverManagerConnectionProviderImpl buildCreator
INFO: HHH10001003: Autocommit mode: false
ene 17, 2017 11:54:35 AM org.hibernate.engine.jdbc.connections.internal.PooledConnections <init>
INFO: HHH000115: Hibernate connection pool size: 10 (min=1)
ene 17, 2017 11:54:35 AM org.hibernate.dialect.Dialect <init>
INFO: HHH000400: Using dialect: org.hibernate.dialect.PostgreSQLDialect
ene 17, 2017 11:54:35 AM org.hibernate.engine.jdbc.env.internal.LobCreatorBuilderImpl useContextualLobCreation
INFO: HHH000424: Disabling contextual LOB creation as createClob() method threw error : java.lang.reflect.InvocationTargetException
ene 17, 2017 11:54:35 AM org.hibernate.type.BasicTypeRegistry register
INFO: HHH000270: Type registration [java.util.UUID] overrides previous : org.hibernate.type.UUIDBinaryType@29a5f4e7
ene 17, 2017 11:54:35 AM org.hibernate.resource.transaction.backend.jdbc.internal.DdlTransactionIsolatorNonJtaImpl getIsolatedConnection
INFO: HHH10001501: Connection obtained from JdbcConnectionAccess [org.hibernate.engine.jdbc.env.internal.JdbcEnvironmentInitiator$ConnectionProviderJdbcConnectionAccess@3a87209c] for (non-JTA) DDL execution was not in auto-commit mode; the Connection 'local transaction' will be committed and the Connection will be set into auto-commit mode.
ene 17, 2017 11:54:35 AM org.hibernate.hql.internal.QueryTranslatorFactoryInitiator initiateService
INFO: HHH000397: Using ASTQueryTranslatorFactory
ene 17, 2017 11:54:35 AM org.hibernate.engine.jdbc.connections.internal.DriverManagerConnectionProviderImpl stop
INFO: HHH10001008: Cleaning up connection pool [jdbc:postgresql://localhost:5432/heathrow_airport]
ene 17, 2017 11:54:35 AM org.hibernate.engine.jdbc.connections.internal.DriverManagerConnectionProviderImpl configure
WARN: HHH10001002: Using Hibernate built-in connection pool (not for production use!)
ene 17, 2017 11:54:35 AM org.hibernate.engine.jdbc.connections.internal.DriverManagerConnectionProviderImpl buildCreator
INFO: HHH10001005: using driver [org.postgresql.Driver] at URL [jdbc:postgresql://localhost:5432/heathrow_airport]
ene 17, 2017 11:54:35 AM org.hibernate.engine.jdbc.connections.internal.DriverManagerConnectionProviderImpl buildCreator
INFO: HHH10001001: Connection properties: {user=postgres, password=****}
ene 17, 2017 11:54:35 AM org.hibernate.engine.jdbc.connections.internal.DriverManagerConnectionProviderImpl buildCreator
INFO: HHH10001003: Autocommit mode: false
ene 17, 2017 11:54:35 AM org.hibernate.engine.jdbc.connections.internal.PooledConnections <init>
INFO: HHH000115: Hibernate connection pool size: 10 (min=1)
ene 17, 2017 11:54:35 AM org.hibernate.dialect.Dialect <init>
INFO: HHH000400: Using dialect: org.hibernate.dialect.PostgreSQLDialect
ene 17, 2017 11:54:35 AM org.hibernate.engine.jdbc.env.internal.LobCreatorBuilderImpl useContextualLobCreation
INFO: HHH000424: Disabling contextual LOB creation as createClob() method threw error : java.lang.reflect.InvocationTargetException
ene 17, 2017 11:54:35 AM org.hibernate.type.BasicTypeRegistry register
INFO: HHH000270: Type registration [java.util.UUID] overrides previous : org.hibernate.type.UUIDBinaryType@29a5f4e7
ene 17, 2017 11:54:35 AM org.hibernate.resource.transaction.backend.jdbc.internal.DdlTransactionIsolatorNonJtaImpl getIsolatedConnection
INFO: HHH10001501: Connection obtained from JdbcConnectionAccess [org.hibernate.engine.jdbc.env.internal.JdbcEnvironmentInitiator$ConnectionProviderJdbcConnectionAccess@3bbc9c90] for (non-JTA) DDL execution was not in auto-commit mode; the Connection 'local transaction' will be committed and the Connection will be set into auto-commit mode.
ene 17, 2017 11:54:35 AM org.hibernate.hql.internal.QueryTranslatorFactoryInitiator initiateService
INFO: HHH000397: Using ASTQueryTranslatorFactory
ene 17, 2017 11:54:35 AM org.hibernate.engine.jdbc.connections.internal.DriverManagerConnectionProviderImpl stop
INFO: HHH10001008: Cleaning up connection pool [jdbc:postgresql://localhost:5432/heathrow_airport]
ene 17, 2017 11:54:35 AM org.hibernate.engine.jdbc.connections.internal.DriverManagerConnectionProviderImpl configure
WARN: HHH10001002: Using Hibernate built-in connection pool (not for production use!)
ene 17, 2017 11:54:35 AM org.hibernate.engine.jdbc.connections.internal.DriverManagerConnectionProviderImpl buildCreator
INFO: HHH10001005: using driver [org.postgresql.Driver] at URL [jdbc:postgresql://localhost:5432/heathrow_airport]
ene 17, 2017 11:54:35 AM org.hibernate.engine.jdbc.connections.internal.DriverManagerConnectionProviderImpl buildCreator
INFO: HHH10001001: Connection properties: {user=postgres, password=****}
ene 17, 2017 11:54:35 AM org.hibernate.engine.jdbc.connections.internal.DriverManagerConnectionProviderImpl buildCreator
INFO: HHH10001003: Autocommit mode: false
ene 17, 2017 11:54:35 AM org.hibernate.engine.jdbc.connections.internal.PooledConnections <init>
INFO: HHH000115: Hibernate connection pool size: 10 (min=1)
ene 17, 2017 11:54:35 AM org.hibernate.dialect.Dialect <init>
INFO: HHH000400: Using dialect: org.hibernate.dialect.PostgreSQLDialect
ene 17, 2017 11:54:35 AM org.hibernate.engine.jdbc.env.internal.LobCreatorBuilderImpl useContextualLobCreation
INFO: HHH000424: Disabling contextual LOB creation as createClob() method threw error : java.lang.reflect.InvocationTargetException
ene 17, 2017 11:54:35 AM org.hibernate.type.BasicTypeRegistry register
INFO: HHH000270: Type registration [java.util.UUID] overrides previous : org.hibernate.type.UUIDBinaryType@29a5f4e7
ene 17, 2017 11:54:35 AM org.hibernate.resource.transaction.backend.jdbc.internal.DdlTransactionIsolatorNonJtaImpl getIsolatedConnection
INFO: HHH10001501: Connection obtained from JdbcConnectionAccess [org.hibernate.engine.jdbc.env.internal.JdbcEnvironmentInitiator$ConnectionProviderJdbcConnectionAccess@17862b3] for (non-JTA) DDL execution was not in auto-commit mode; the Connection 'local transaction' will be committed and the Connection will be set into auto-commit mode.
ene 17, 2017 11:54:36 AM org.hibernate.hql.internal.QueryTranslatorFactoryInitiator initiateService
INFO: HHH000397: Using ASTQueryTranslatorFactory
ene 17, 2017 11:54:36 AM org.hibernate.engine.jdbc.connections.internal.DriverManagerConnectionProviderImpl stop
INFO: HHH10001008: Cleaning up connection pool [jdbc:postgresql://localhost:5432/heathrow_airport]
java.lang.reflect.InvocationTargetException
	at sun.reflect.NativeMethodAccessorImpl.invoke0(Native Method)
	at sun.reflect.NativeMethodAccessorImpl.invoke(Unknown Source)
	at sun.reflect.DelegatingMethodAccessorImpl.invoke(Unknown Source)
	at java.lang.reflect.Method.invoke(Unknown Source)
	at passengerMenu.TestMyProfileSaveChangesAction.testIfTheAtributeIsFilled(TestMyProfileSaveChangesAction.java:78)
	at sun.reflect.NativeMethodAccessorImpl.invoke0(Native Method)
	at sun.reflect.NativeMethodAccessorImpl.invoke(Unknown Source)
	at sun.reflect.DelegatingMethodAccessorImpl.invoke(Unknown Source)
	at java.lang.reflect.Method.invoke(Unknown Source)
	at org.junit.runners.model.FrameworkMethod$1.runReflectiveCall(FrameworkMethod.java:50)
	at org.junit.internal.runners.model.ReflectiveCallable.run(ReflectiveCallable.java:12)
	at org.junit.runners.model.FrameworkMethod.invokeExplosively(FrameworkMethod.java:47)
	at org.junit.internal.runners.statements.InvokeMethod.evaluate(InvokeMethod.java:17)
	at org.junit.internal.runners.statements.RunBefores.evaluate(RunBefores.java:26)
	at org.junit.internal.runners.statements.RunAfters.evaluate(RunAfters.java:27)
	at org.junit.runners.ParentRunner.runLeaf(ParentRunner.java:325)
	at org.junit.runners.BlockJUnit4ClassRunner.runChild(BlockJUnit4ClassRunner.java:78)
	at org.junit.runners.BlockJUnit4ClassRunner.runChild(BlockJUnit4ClassRunner.java:57)
	at org.junit.runners.ParentRunner$3.run(ParentRunner.java:290)
	at org.junit.runners.ParentRunner$1.schedule(ParentRunner.java:71)
	at org.junit.runners.ParentRunner.runChildren(ParentRunner.java:288)
	at org.junit.runners.ParentRunner.access$000(ParentRunner.java:58)
	at org.junit.runners.ParentRunner$2.evaluate(ParentRunner.java:268)
	at org.junit.runners.ParentRunner.run(ParentRunner.java:363)
	at org.junit.runners.Suite.runChild(Suite.java:128)
	at org.junit.runners.Suite.runChild(Suite.java:27)
	at org.junit.runners.ParentRunner$3.run(ParentRunner.java:290)
	at org.junit.runners.ParentRunner$1.schedule(ParentRunner.java:71)
	at org.junit.runners.ParentRunner.runChildren(ParentRunner.java:288)
	at org.junit.runners.ParentRunner.access$000(ParentRunner.java:58)
	at org.junit.runners.ParentRunner$2.evaluate(ParentRunner.java:268)
	at org.junit.runners.ParentRunner.run(ParentRunner.java:363)
	at junit.framework.JUnit4TestAdapter.run(JUnit4TestAdapter.java:38)
	at org.apache.tools.ant.taskdefs.optional.junit.JUnitTestRunner.run(JUnitTestRunner.java:535)
	at org.apache.tools.ant.taskdefs.optional.junit.JUnitTestRunner.launch(JUnitTestRunner.java:1182)
	at org.apache.tools.ant.taskdefs.optional.junit.JUnitTestRunner.main(JUnitTestRunner.java:1033)
Caused by: java.lang.NullPointerException
	at actions.passengerMenu.MyProfileSaveChagesAction.createPassangerObject(MyProfileSaveChagesAction.java:83)
	... 36 more
ene 17, 2017 11:54:36 AM org.hibernate.engine.jdbc.connections.internal.DriverManagerConnectionProviderImpl configure
WARN: HHH10001002: Using Hibernate built-in connection pool (not for production use!)
ene 17, 2017 11:54:36 AM org.hibernate.engine.jdbc.connections.internal.DriverManagerConnectionProviderImpl buildCreator
INFO: HHH10001005: using driver [org.postgresql.Driver] at URL [jdbc:postgresql://localhost:5432/heathrow_airport]
ene 17, 2017 11:54:36 AM org.hibernate.engine.jdbc.connections.internal.DriverManagerConnectionProviderImpl buildCreator
INFO: HHH10001001: Connection properties: {user=postgres, password=****}
ene 17, 2017 11:54:36 AM org.hibernate.engine.jdbc.connections.internal.DriverManagerConnectionProviderImpl buildCreator
INFO: HHH10001003: Autocommit mode: false
ene 17, 2017 11:54:36 AM org.hibernate.engine.jdbc.connections.internal.PooledConnections <init>
INFO: HHH000115: Hibernate connection pool size: 10 (min=1)
ene 17, 2017 11:54:36 AM org.hibernate.dialect.Dialect <init>
INFO: HHH000400: Using dialect: org.hibernate.dialect.PostgreSQLDialect
ene 17, 2017 11:54:36 AM org.hibernate.engine.jdbc.env.internal.LobCreatorBuilderImpl useContextualLobCreation
INFO: HHH000424: Disabling contextual LOB creation as createClob() method threw error : java.lang.reflect.InvocationTargetException
ene 17, 2017 11:54:36 AM org.hibernate.type.BasicTypeRegistry register
INFO: HHH000270: Type registration [java.util.UUID] overrides previous : org.hibernate.type.UUIDBinaryType@29a5f4e7
ene 17, 2017 11:54:36 AM org.hibernate.resource.transaction.backend.jdbc.internal.DdlTransactionIsolatorNonJtaImpl getIsolatedConnection
INFO: HHH10001501: Connection obtained from JdbcConnectionAccess [org.hibernate.engine.jdbc.env.internal.JdbcEnvironmentInitiator$ConnectionProviderJdbcConnectionAccess@22ad83cc] for (non-JTA) DDL execution was not in auto-commit mode; the Connection 'local transaction' will be committed and the Connection will be set into auto-commit mode.
ene 17, 2017 11:54:36 AM org.hibernate.procedure.internal.ProcedureCallImpl prepareForNamedParameters
WARN: HHH000456: Named parameters are used for a callable statement, but database metadata indicates named parameters are not supported.
ene 17, 2017 11:54:36 AM org.hibernate.engine.jdbc.spi.SqlExceptionHelper logExceptions
WARN: SQL Error: 0, SQLState: 2F005
ene 17, 2017 11:54:36 AM org.hibernate.engine.jdbc.spi.SqlExceptionHelper logExceptions
ERROR: ERROR: la ejecución alcanzó el fin de la función sin encontrar RETURN
  Where: función PL/pgSQL checktheemail(text)
javax.persistence.PersistenceException: org.hibernate.exception.GenericJDBCException: Error calling CallableStatement.getMoreResults
	at org.hibernate.internal.ExceptionConverterImpl.convert(ExceptionConverterImpl.java:147)
	at org.hibernate.internal.ExceptionConverterImpl.convert(ExceptionConverterImpl.java:155)
	at org.hibernate.procedure.internal.ProcedureCallImpl.execute(ProcedureCallImpl.java:653)
	at domain.dao.DAOPassanger.checkEmail(DAOPassanger.java:207)
	at actions.register.RegisterAction.execute(RegisterAction.java:78)
	at register.TestRegisterAction.checkIfTheRedirectionIsOk(TestRegisterAction.java:52)
	at sun.reflect.NativeMethodAccessorImpl.invoke0(Native Method)
	at sun.reflect.NativeMethodAccessorImpl.invoke(Unknown Source)
	at sun.reflect.DelegatingMethodAccessorImpl.invoke(Unknown Source)
	at java.lang.reflect.Method.invoke(Unknown Source)
	at org.junit.runners.model.FrameworkMethod$1.runReflectiveCall(FrameworkMethod.java:50)
	at org.junit.internal.runners.model.ReflectiveCallable.run(ReflectiveCallable.java:12)
	at org.junit.runners.model.FrameworkMethod.invokeExplosively(FrameworkMethod.java:47)
	at org.junit.internal.runners.statements.InvokeMethod.evaluate(InvokeMethod.java:17)
	at org.junit.internal.runners.statements.RunBefores.evaluate(RunBefores.java:26)
	at org.junit.internal.runners.statements.RunAfters.evaluate(RunAfters.java:27)
	at org.junit.runners.ParentRunner.runLeaf(ParentRunner.java:325)
	at org.junit.runners.BlockJUnit4ClassRunner.runChild(BlockJUnit4ClassRunner.java:78)
	at org.junit.runners.BlockJUnit4ClassRunner.runChild(BlockJUnit4ClassRunner.java:57)
	at org.junit.runners.ParentRunner$3.run(ParentRunner.java:290)
	at org.junit.runners.ParentRunner$1.schedule(ParentRunner.java:71)
	at org.junit.runners.ParentRunner.runChildren(ParentRunner.java:288)
	at org.junit.runners.ParentRunner.access$000(ParentRunner.java:58)
	at org.junit.runners.ParentRunner$2.evaluate(ParentRunner.java:268)
	at org.junit.runners.ParentRunner.run(ParentRunner.java:363)
	at org.junit.runners.Suite.runChild(Suite.java:128)
	at org.junit.runners.Suite.runChild(Suite.java:27)
	at org.junit.runners.ParentRunner$3.run(ParentRunner.java:290)
	at org.junit.runners.ParentRunner$1.schedule(ParentRunner.java:71)
	at org.junit.runners.ParentRunner.runChildren(ParentRunner.java:288)
	at org.junit.runners.ParentRunner.access$000(ParentRunner.java:58)
	at org.junit.runners.ParentRunner$2.evaluate(ParentRunner.java:268)
	at org.junit.runners.ParentRunner.run(ParentRunner.java:363)
	at junit.framework.JUnit4TestAdapter.run(JUnit4TestAdapter.java:38)
	at org.apache.tools.ant.taskdefs.optional.junit.JUnitTestRunner.run(JUnitTestRunner.java:535)
	at org.apache.tools.ant.taskdefs.optional.junit.JUnitTestRunner.launch(JUnitTestRunner.java:1182)
	at org.apache.tools.ant.taskdefs.optional.junit.JUnitTestRunner.main(JUnitTestRunner.java:1033)
Caused by: org.hibernate.exception.GenericJDBCException: Error calling CallableStatement.getMoreResults
	at org.hibernate.exception.internal.StandardSQLExceptionConverter.convert(StandardSQLExceptionConverter.java:47)
	at org.hibernate.engine.jdbc.spi.SqlExceptionHelper.convert(SqlExceptionHelper.java:111)
	at org.hibernate.result.internal.OutputsImpl.convert(OutputsImpl.java:78)
	at org.hibernate.result.internal.OutputsImpl.<init>(OutputsImpl.java:55)
	at org.hibernate.procedure.internal.ProcedureOutputsImpl.<init>(ProcedureOutputsImpl.java:32)
	at org.hibernate.procedure.internal.ProcedureCallImpl.buildOutputs(ProcedureCallImpl.java:453)
	at org.hibernate.procedure.internal.ProcedureCallImpl.getOutputs(ProcedureCallImpl.java:404)
	at org.hibernate.procedure.internal.ProcedureCallImpl.outputs(ProcedureCallImpl.java:663)
	at org.hibernate.procedure.internal.ProcedureCallImpl.execute(ProcedureCallImpl.java:646)
	... 34 more
Caused by: org.postgresql.util.PSQLException: ERROR: la ejecución alcanzó el fin de la función sin encontrar RETURN
  Where: función PL/pgSQL checktheemail(text)
	at org.postgresql.core.v3.QueryExecutorImpl.receiveErrorResponse(QueryExecutorImpl.java:2455)
	at org.postgresql.core.v3.QueryExecutorImpl.processResults(QueryExecutorImpl.java:2155)
	at org.postgresql.core.v3.QueryExecutorImpl.execute(QueryExecutorImpl.java:288)
	at org.postgresql.jdbc.PgStatement.executeInternal(PgStatement.java:430)
	at org.postgresql.jdbc.PgStatement.execute(PgStatement.java:356)
	at org.postgresql.jdbc.PgPreparedStatement.executeWithFlags(PgPreparedStatement.java:168)
	at org.postgresql.jdbc.PgCallableStatement.executeWithFlags(PgCallableStatement.java:78)
	at org.postgresql.jdbc.PgPreparedStatement.execute(PgPreparedStatement.java:157)
	at org.hibernate.result.internal.OutputsImpl.<init>(OutputsImpl.java:51)
	... 39 more
ene 17, 2017 11:54:36 AM org.hibernate.engine.jdbc.connections.internal.DriverManagerConnectionProviderImpl stop
INFO: HHH10001008: Cleaning up connection pool [jdbc:postgresql://localhost:5432/heathrow_airport]
]]></system-err>
</testsuite>
